#
# There is insufficient memory for the Java Runtime Environment to continue.
# Native memory allocation (malloc) failed to allocate 1690896 bytes for Chunk::new
# Possible reasons:
#   The system is out of physical RAM or swap space
#   The process is running with CompressedOops enabled, and the Java Heap may be blocking the growth of the native heap
# Possible solutions:
#   Reduce memory load on the system
#   Increase physical memory or swap space
#   Check if swap backing store is full
#   Decrease Java heap size (-Xmx/-Xms)
#   Decrease number of Java threads
#   Decrease Java thread stack sizes (-Xss)
#   Set larger code cache with -XX:ReservedCodeCacheSize=
#   JVM is running with Unscaled Compressed Oops mode in which the Java heap is
#     placed in the first 4GB address space. The Java Heap base address is the
#     maximum limit for the native heap growth. Please use -XX:HeapBaseMinAddress
#     to set the Java Heap base and to place the Java Heap above 4GB virtual address.
# This output file may be truncated or incomplete.
#
#  Out of Memory Error (./src/hotspot/share/memory/arena.cpp:197), pid=7884, tid=1860
#
# JRE version: OpenJDK Runtime Environment (11.0.13) (build 11.0.13+0-b1751.21-8125866)
# Java VM: OpenJDK 64-Bit Server VM (11.0.13+0-b1751.21-8125866, mixed mode, tiered, compressed oops, g1 gc, windows-amd64)
# No core dump will be written. Minidumps are not enabled by default on client versions of Windows
#

---------------  S U M M A R Y ------------

Command Line: --add-opens=java.base/java.util=ALL-UNNAMED --add-opens=java.base/java.lang=ALL-UNNAMED --add-opens=java.base/java.lang.invoke=ALL-UNNAMED --add-opens=java.base/java.util=ALL-UNNAMED --add-opens=java.prefs/java.util.prefs=ALL-UNNAMED --add-opens=java.prefs/java.util.prefs=ALL-UNNAMED --add-opens=java.base/java.nio.charset=ALL-UNNAMED --add-opens=java.base/java.net=ALL-UNNAMED --add-opens=java.base/java.util.concurrent.atomic=ALL-UNNAMED -Xmx2048m -Dfile.encoding=UTF-8 -Duser.country=US -Duser.language=en -Duser.variant org.gradle.launcher.daemon.bootstrap.GradleDaemon 7.4

Host: Intel(R) Core(TM) i3-10110U CPU @ 2.10GHz, 4 cores, 11G,  Windows 10 , 64 bit Build 19041 (10.0.19041.2546)
Time: Fri Mar 24 00:14:21 2023 SE Asia Standard Time elapsed time: 15.013334 seconds (0d 0h 0m 15s)

---------------  T H R E A D  ---------------

Current thread (0x0000027ee881e800):  JavaThread "C2 CompilerThread1" daemon [_thread_in_native, id=1860, stack(0x000000fca5800000,0x000000fca5900000)]


Current CompileTask:
C2:  15013 6496       4       java.net.URLClassLoader$1::run (5 bytes)

Stack: [0x000000fca5800000,0x000000fca5900000]
Native frames: (J=compiled Java code, j=interpreted, Vv=VM code, C=native code)
V  [jvm.dll+0x6100fa]
V  [jvm.dll+0x747090]
V  [jvm.dll+0x7486ad]
V  [jvm.dll+0x748d83]
V  [jvm.dll+0x24ab48]
V  [jvm.dll+0xc04dc]
V  [jvm.dll+0xc0a0c]
V  [jvm.dll+0x35eb9d]
V  [jvm.dll+0x32b833]
V  [jvm.dll+0x32ad2a]
V  [jvm.dll+0x2032b2]
V  [jvm.dll+0x202437]
V  [jvm.dll+0x188e01]
V  [jvm.dll+0x21106b]
V  [jvm.dll+0x20f8c1]
V  [jvm.dll+0x70de0f]
V  [jvm.dll+0x706a75]
V  [jvm.dll+0x60ed66]
C  [ucrtbase.dll+0x21bb2]
C  [KERNEL32.DLL+0x17614]
C  [ntdll.dll+0x526a1]


---------------  P R O C E S S  ---------------

Threads class SMR info:
_java_thread_list=0x0000027eed40be70, length=79, elements={
0x0000027ecb8a0000, 0x0000027ee54f3800, 0x0000027ee54f7000, 0x0000027ee5d47800,
0x0000027ee5d48800, 0x0000027ee5d4c800, 0x0000027ee5d4f000, 0x0000027ee5db2800,
0x0000027ee5db5800, 0x0000027ee5ea4800, 0x0000027ee6ede800, 0x0000027ee706b000,
0x0000027ee7e2b000, 0x0000027ee7c5a800, 0x0000027ee6c10800, 0x0000027ee739d800,
0x0000027ee68d5800, 0x0000027ee6d97000, 0x0000027ee88e6000, 0x0000027ee8a8d800,
0x0000027ee8b59000, 0x0000027ee7d9c800, 0x0000027ee80dc000, 0x0000027ee881e800,
0x0000027ee92a6800, 0x0000027ee92a5800, 0x0000027ee92a9000, 0x0000027ee92a4800,
0x0000027ee92a8000, 0x0000027ee92a9800, 0x0000027ee92a7000, 0x0000027ee92a4000,
0x0000027ee92aa800, 0x0000027ee9064800, 0x0000027ee9063800, 0x0000027ee9065800,
0x0000027ee9060800, 0x0000027ee9068000, 0x0000027ee9066000, 0x0000027ee9067000,
0x0000027ee9062000, 0x0000027ee9068800, 0x0000027ee9063000, 0x0000027ee906d800,
0x0000027ee906e800, 0x0000027ee906a000, 0x0000027ee9069800, 0x0000027ee906f000,
0x0000027ee906b000, 0x0000027ee906c800, 0x0000027ee906c000, 0x0000027eeaab4000,
0x0000027eeaab6000, 0x0000027eeaab6800, 0x0000027eeaab5000, 0x0000027eeaabd000,
0x0000027eeaabb800, 0x0000027eeaab9000, 0x0000027eeaaba000, 0x0000027eeaab8800,
0x0000027eeaaba800, 0x0000027eeaabc800, 0x0000027eeaab7800, 0x0000027eeaabe000,
0x0000027eeaac2000, 0x0000027eeaabf800, 0x0000027eeaac0800, 0x0000027eeaabf000,
0x0000027eeaac1800, 0x0000027eeaac3000, 0x0000027ee9b4b800, 0x0000027ee9b4d000,
0x0000027ee9b4c000, 0x0000027ee9b4e000, 0x0000027ee9b48000, 0x0000027ee9b49800,
0x0000027ee9b4a800, 0x0000027ee9b4e800, 0x0000027ee9b49000
}

Java Threads: ( => current thread )
  0x0000027ecb8a0000 JavaThread "main" [_thread_blocked, id=3304, stack(0x000000fca3700000,0x000000fca3800000)]
  0x0000027ee54f3800 JavaThread "Reference Handler" daemon [_thread_blocked, id=9368, stack(0x000000fca3e00000,0x000000fca3f00000)]
  0x0000027ee54f7000 JavaThread "Finalizer" daemon [_thread_blocked, id=5908, stack(0x000000fca3f00000,0x000000fca4000000)]
  0x0000027ee5d47800 JavaThread "Signal Dispatcher" daemon [_thread_blocked, id=7952, stack(0x000000fca4000000,0x000000fca4100000)]
  0x0000027ee5d48800 JavaThread "Attach Listener" daemon [_thread_blocked, id=2092, stack(0x000000fca4100000,0x000000fca4200000)]
  0x0000027ee5d4c800 JavaThread "Service Thread" daemon [_thread_blocked, id=9640, stack(0x000000fca4200000,0x000000fca4300000)]
  0x0000027ee5d4f000 JavaThread "C2 CompilerThread0" daemon [_thread_in_native, id=9568, stack(0x000000fca4300000,0x000000fca4400000)]
  0x0000027ee5db2800 JavaThread "C1 CompilerThread0" daemon [_thread_blocked, id=10848, stack(0x000000fca4400000,0x000000fca4500000)]
  0x0000027ee5db5800 JavaThread "Sweeper thread" daemon [_thread_blocked, id=12104, stack(0x000000fca4500000,0x000000fca4600000)]
  0x0000027ee5ea4800 JavaThread "Common-Cleaner" daemon [_thread_blocked, id=808, stack(0x000000fca4600000,0x000000fca4700000)]
  0x0000027ee6ede800 JavaThread "Daemon health stats" [_thread_blocked, id=3856, stack(0x000000fca4c00000,0x000000fca4d00000)]
  0x0000027ee706b000 JavaThread "Incoming local TCP Connector on port 52969" [_thread_in_native, id=4916, stack(0x000000fca4800000,0x000000fca4900000)]
  0x0000027ee7e2b000 JavaThread "Daemon periodic checks" [_thread_blocked, id=10928, stack(0x000000fca4d00000,0x000000fca4e00000)]
  0x0000027ee7c5a800 JavaThread "Daemon" [_thread_blocked, id=2440, stack(0x000000fca4e00000,0x000000fca4f00000)]
  0x0000027ee6c10800 JavaThread "Handler for socket connection from /127.0.0.1:52969 to /127.0.0.1:52970" [_thread_in_native, id=4804, stack(0x000000fca4f00000,0x000000fca5000000)]
  0x0000027ee739d800 JavaThread "Cancel handler" [_thread_blocked, id=5188, stack(0x000000fca5000000,0x000000fca5100000)]
  0x0000027ee68d5800 JavaThread "Daemon worker" [_thread_in_vm, id=10496, stack(0x000000fca5100000,0x000000fca5200000)]
  0x0000027ee6d97000 JavaThread "Asynchronous log dispatcher for DefaultDaemonConnection: socket connection from /127.0.0.1:52969 to /127.0.0.1:52970" [_thread_blocked, id=8196, stack(0x000000fca5200000,0x000000fca5300000)]
  0x0000027ee88e6000 JavaThread "Stdin handler" [_thread_blocked, id=6776, stack(0x000000fca5300000,0x000000fca5400000)]
  0x0000027ee8a8d800 JavaThread "Daemon client event forwarder" [_thread_blocked, id=12148, stack(0x000000fca5400000,0x000000fca5500000)]
  0x0000027ee8b59000 JavaThread "Cache worker for journal cache (C:\Users\IBRAR\.gradle\caches\journal-1)" [_thread_blocked, id=1824, stack(0x000000fca5500000,0x000000fca5600000)]
  0x0000027ee7d9c800 JavaThread "File lock request listener" [_thread_in_native, id=6864, stack(0x000000fca5600000,0x000000fca5700000)]
  0x0000027ee80dc000 JavaThread "Cache worker for file hash cache (C:\Users\IBRAR\.gradle\caches\7.4\fileHashes)" [_thread_blocked, id=2516, stack(0x000000fca5700000,0x000000fca5800000)]
=>0x0000027ee881e800 JavaThread "C2 CompilerThread1" daemon [_thread_in_native, id=1860, stack(0x000000fca5800000,0x000000fca5900000)]
  0x0000027ee92a6800 JavaThread "File watcher server" daemon [_thread_in_native, id=4628, stack(0x000000fca5900000,0x000000fca5a00000)]
  0x0000027ee92a5800 JavaThread "File watcher consumer" daemon [_thread_blocked, id=1412, stack(0x000000fca5a00000,0x000000fca5b00000)]
  0x0000027ee92a9000 JavaThread "Cache worker for checksums cache (D:\Kuliah\Semester 4\Praktikum\MOBILE\pertemuan1\.gradle\7.4\checksums)" [_thread_blocked, id=6764, stack(0x000000fca5b00000,0x000000fca5c00000)]
  0x0000027ee92a4800 JavaThread "Cache worker for cache directory md-rule (C:\Users\IBRAR\.gradle\caches\7.4\md-rule)" [_thread_blocked, id=5404, stack(0x000000fca5c00000,0x000000fca5d00000)]
  0x0000027ee92a8000 JavaThread "Cache worker for file hash cache (D:\Kuliah\Semester 4\Praktikum\MOBILE\pertemuan1\.gradle\7.4\fileHashes)" [_thread_blocked, id=4008, stack(0x000000fca5d00000,0x000000fca5e00000)]
  0x0000027ee92a9800 JavaThread "Cache worker for cache directory md-supplier (C:\Users\IBRAR\.gradle\caches\7.4\md-supplier)" [_thread_blocked, id=11824, stack(0x000000fca5e00000,0x000000fca5f00000)]
  0x0000027ee92a7000 JavaThread "Cache worker for execution history cache (C:\Users\IBRAR\.gradle\caches\7.4\executionHistory)" [_thread_blocked, id=12012, stack(0x000000fca5f00000,0x000000fca6000000)]
  0x0000027ee92a4000 JavaThread "jar transforms" [_thread_blocked, id=12096, stack(0x000000fca6000000,0x000000fca6100000)]
  0x0000027ee92aa800 JavaThread "Cache worker for file content cache (C:\Users\IBRAR\.gradle\caches\7.4\fileContent)" [_thread_blocked, id=5416, stack(0x000000fca6100000,0x000000fca6200000)]
  0x0000027ee9064800 JavaThread "jar transforms Thread 2" [_thread_blocked, id=6744, stack(0x000000fca6200000,0x000000fca6300000)]
  0x0000027ee9063800 JavaThread "Cache worker for dependencies-accessors (D:\Kuliah\Semester 4\Praktikum\MOBILE\pertemuan1\.gradle\7.4\dependencies-accessors)" [_thread_blocked, id=4840, stack(0x000000fca6300000,0x000000fca6400000)]
  0x0000027ee9065800 JavaThread "jar transforms Thread 3" [_thread_blocked, id=8652, stack(0x000000fca6400000,0x000000fca6500000)]
  0x0000027ee9060800 JavaThread "Cache worker for Build Output Cleanup Cache (D:\Kuliah\Semester 4\Praktikum\MOBILE\pertemuan1\.gradle\buildOutputCleanup)" [_thread_blocked, id=60, stack(0x000000fca6500000,0x000000fca6600000)]
  0x0000027ee9068000 JavaThread "Unconstrained build operations" [_thread_blocked, id=11076, stack(0x000000fca6600000,0x000000fca6700000)]
  0x0000027ee9066000 JavaThread "Unconstrained build operations Thread 2" [_thread_blocked, id=6212, stack(0x000000fca6700000,0x000000fca6800000)]
  0x0000027ee9067000 JavaThread "Unconstrained build operations Thread 3" [_thread_blocked, id=9712, stack(0x000000fca6800000,0x000000fca6900000)]
  0x0000027ee9062000 JavaThread "Unconstrained build operations Thread 4" [_thread_blocked, id=6624, stack(0x000000fca6900000,0x000000fca6a00000)]
  0x0000027ee9068800 JavaThread "Unconstrained build operations Thread 5" [_thread_blocked, id=2656, stack(0x000000fca6a00000,0x000000fca6b00000)]
  0x0000027ee9063000 JavaThread "Unconstrained build operations Thread 6" [_thread_blocked, id=5932, stack(0x000000fca6b00000,0x000000fca6c00000)]
  0x0000027ee906d800 JavaThread "Unconstrained build operations Thread 7" [_thread_blocked, id=6716, stack(0x000000fca6c00000,0x000000fca6d00000)]
  0x0000027ee906e800 JavaThread "Unconstrained build operations Thread 8" [_thread_blocked, id=12032, stack(0x000000fca6d00000,0x000000fca6e00000)]
  0x0000027ee906a000 JavaThread "Unconstrained build operations Thread 9" [_thread_blocked, id=6456, stack(0x000000fca6e00000,0x000000fca6f00000)]
  0x0000027ee9069800 JavaThread "Unconstrained build operations Thread 10" [_thread_blocked, id=9048, stack(0x000000fca6f00000,0x000000fca7000000)]
  0x0000027ee906f000 JavaThread "Unconstrained build operations Thread 11" [_thread_blocked, id=7572, stack(0x000000fca7000000,0x000000fca7100000)]
  0x0000027ee906b000 JavaThread "Unconstrained build operations Thread 12" [_thread_blocked, id=3160, stack(0x000000fca7100000,0x000000fca7200000)]
  0x0000027ee906c800 JavaThread "Unconstrained build operations Thread 13" [_thread_blocked, id=11012, stack(0x000000fca7200000,0x000000fca7300000)]
  0x0000027ee906c000 JavaThread "Unconstrained build operations Thread 14" [_thread_blocked, id=10020, stack(0x000000fca7300000,0x000000fca7400000)]
  0x0000027eeaab4000 JavaThread "Unconstrained build operations Thread 15" [_thread_blocked, id=4500, stack(0x000000fca7400000,0x000000fca7500000)]
  0x0000027eeaab6000 JavaThread "Unconstrained build operations Thread 16" [_thread_blocked, id=2700, stack(0x000000fca7500000,0x000000fca7600000)]
  0x0000027eeaab6800 JavaThread "Unconstrained build operations Thread 17" [_thread_blocked, id=11384, stack(0x000000fca7600000,0x000000fca7700000)]
  0x0000027eeaab5000 JavaThread "Unconstrained build operations Thread 18" [_thread_blocked, id=2240, stack(0x000000fca7700000,0x000000fca7800000)]
  0x0000027eeaabd000 JavaThread "Unconstrained build operations Thread 19" [_thread_blocked, id=9512, stack(0x000000fca7800000,0x000000fca7900000)]
  0x0000027eeaabb800 JavaThread "Unconstrained build operations Thread 20" [_thread_blocked, id=3668, stack(0x000000fca7900000,0x000000fca7a00000)]
  0x0000027eeaab9000 JavaThread "Unconstrained build operations Thread 21" [_thread_blocked, id=7656, stack(0x000000fca7a00000,0x000000fca7b00000)]
  0x0000027eeaaba000 JavaThread "Unconstrained build operations Thread 22" [_thread_blocked, id=2016, stack(0x000000fca7b00000,0x000000fca7c00000)]
  0x0000027eeaab8800 JavaThread "Unconstrained build operations Thread 23" [_thread_blocked, id=2088, stack(0x000000fca7c00000,0x000000fca7d00000)]
  0x0000027eeaaba800 JavaThread "Unconstrained build operations Thread 24" [_thread_blocked, id=5520, stack(0x000000fca7d00000,0x000000fca7e00000)]
  0x0000027eeaabc800 JavaThread "Unconstrained build operations Thread 25" [_thread_blocked, id=3780, stack(0x000000fca7e00000,0x000000fca7f00000)]
  0x0000027eeaab7800 JavaThread "Unconstrained build operations Thread 26" [_thread_blocked, id=4224, stack(0x000000fca7f00000,0x000000fca8000000)]
  0x0000027eeaabe000 JavaThread "Unconstrained build operations Thread 27" [_thread_blocked, id=2912, stack(0x000000fca8000000,0x000000fca8100000)]
  0x0000027eeaac2000 JavaThread "Unconstrained build operations Thread 28" [_thread_blocked, id=3148, stack(0x000000fca8100000,0x000000fca8200000)]
  0x0000027eeaabf800 JavaThread "Unconstrained build operations Thread 29" [_thread_blocked, id=3236, stack(0x000000fca8200000,0x000000fca8300000)]
  0x0000027eeaac0800 JavaThread "Unconstrained build operations Thread 30" [_thread_blocked, id=9180, stack(0x000000fca8300000,0x000000fca8400000)]
  0x0000027eeaabf000 JavaThread "Unconstrained build operations Thread 31" [_thread_blocked, id=10056, stack(0x000000fca8400000,0x000000fca8500000)]
  0x0000027eeaac1800 JavaThread "Unconstrained build operations Thread 32" [_thread_blocked, id=1588, stack(0x000000fca8500000,0x000000fca8600000)]
  0x0000027eeaac3000 JavaThread "Unconstrained build operations Thread 33" [_thread_blocked, id=2260, stack(0x000000fca8600000,0x000000fca8700000)]
  0x0000027ee9b4b800 JavaThread "Unconstrained build operations Thread 34" [_thread_blocked, id=7912, stack(0x000000fca8700000,0x000000fca8800000)]
  0x0000027ee9b4d000 JavaThread "Unconstrained build operations Thread 35" [_thread_blocked, id=1184, stack(0x000000fca8800000,0x000000fca8900000)]
  0x0000027ee9b4c000 JavaThread "Unconstrained build operations Thread 36" [_thread_blocked, id=11660, stack(0x000000fca8900000,0x000000fca8a00000)]
  0x0000027ee9b4e000 JavaThread "Unconstrained build operations Thread 37" [_thread_blocked, id=2584, stack(0x000000fca8a00000,0x000000fca8b00000)]
  0x0000027ee9b48000 JavaThread "Unconstrained build operations Thread 38" [_thread_blocked, id=5072, stack(0x000000fca8b00000,0x000000fca8c00000)]
  0x0000027ee9b49800 JavaThread "Unconstrained build operations Thread 39" [_thread_blocked, id=7212, stack(0x000000fca8c00000,0x000000fca8d00000)]
  0x0000027ee9b4a800 JavaThread "Unconstrained build operations Thread 40" [_thread_blocked, id=2900, stack(0x000000fca8d00000,0x000000fca8e00000)]
  0x0000027ee9b4e800 JavaThread "jar transforms Thread 4" [_thread_blocked, id=8924, stack(0x000000fca8e00000,0x000000fca8f00000)]
  0x0000027ee9b49000 JavaThread "Memory manager" [_thread_blocked, id=5684, stack(0x000000fca8f00000,0x000000fca9000000)]

Other Threads:
  0x0000027ee54dd000 VMThread "VM Thread" [stack: 0x000000fca3d00000,0x000000fca3e00000] [id=10780]
  0x0000027ee5f04800 WatcherThread [stack: 0x000000fca4700000,0x000000fca4800000] [id=5796]
  0x0000027ecb8b8800 GCTaskThread "GC Thread#0" [stack: 0x000000fca3800000,0x000000fca3900000] [id=7608]
  0x0000027ee69f9000 GCTaskThread "GC Thread#1" [stack: 0x000000fca4900000,0x000000fca4a00000] [id=11132]
  0x0000027ee69f9800 GCTaskThread "GC Thread#2" [stack: 0x000000fca4a00000,0x000000fca4b00000] [id=2720]
  0x0000027ee6b81800 GCTaskThread "GC Thread#3" [stack: 0x000000fca4b00000,0x000000fca4c00000] [id=10396]
  0x0000027ecb8e9800 ConcurrentGCThread "G1 Main Marker" [stack: 0x000000fca3900000,0x000000fca3a00000] [id=608]
  0x0000027ecb8eb800 ConcurrentGCThread "G1 Conc#0" [stack: 0x000000fca3a00000,0x000000fca3b00000] [id=7916]
  0x0000027ee5330800 ConcurrentGCThread "G1 Refine#0" [stack: 0x000000fca3b00000,0x000000fca3c00000] [id=7728]
  0x0000027ee5331800 ConcurrentGCThread "G1 Young RemSet Sampling" [stack: 0x000000fca3c00000,0x000000fca3d00000] [id=6312]

Threads with active compile tasks:
C2 CompilerThread0  15033 6535   !   4       java.util.concurrent.ConcurrentHashMap::computeIfAbsent (576 bytes)
C2 CompilerThread1  15033 6496       4       java.net.URLClassLoader$1::run (5 bytes)

VM state:not at safepoint (normal execution)

VM Mutex/Monitor currently owned by a thread: None

Heap address: 0x0000000080000000, size: 2048 MB, Compressed Oops mode: 32-bit
Narrow klass base: 0x0000000000000000, Narrow klass shift: 3
Compressed class space size: 1073741824 Address: 0x0000000100000000

Heap:
 garbage-first heap   total 233472K, used 98277K [0x0000000080000000, 0x0000000100000000)
  region size 1024K, 53 young (54272K), 9 survivors (9216K)
 Metaspace       used 68424K, capacity 69972K, committed 70128K, reserved 1110016K
  class space    used 8721K, capacity 9341K, committed 9368K, reserved 1048576K
Heap Regions: E=young(eden), S=young(survivor), O=old, HS=humongous(starts), HC=humongous(continues), CS=collection set, F=free, A=archive, TAMS=top-at-mark-start (previous, next)
|   0|0x0000000080000000, 0x0000000080100000, 0x0000000080100000|100%|HS|  |TAMS 0x0000000080100000, 0x0000000080000000| Complete 
|   1|0x0000000080100000, 0x0000000080200000, 0x0000000080200000|100%|HC|  |TAMS 0x0000000080200000, 0x0000000080100000| Complete 
|   2|0x0000000080200000, 0x0000000080300000, 0x0000000080300000|100%|HC|  |TAMS 0x0000000080300000, 0x0000000080200000| Complete 
|   3|0x0000000080300000, 0x0000000080400000, 0x0000000080400000|100%| O|  |TAMS 0x0000000080400000, 0x0000000080300000| Untracked 
|   4|0x0000000080400000, 0x0000000080500000, 0x0000000080500000|100%| O|  |TAMS 0x0000000080500000, 0x0000000080400000| Untracked 
|   5|0x0000000080500000, 0x0000000080600000, 0x0000000080600000|100%| O|  |TAMS 0x0000000080600000, 0x0000000080500000| Untracked 
|   6|0x0000000080600000, 0x0000000080700000, 0x0000000080700000|100%| O|  |TAMS 0x0000000080700000, 0x0000000080600000| Untracked 
|   7|0x0000000080700000, 0x0000000080800000, 0x0000000080800000|100%| O|  |TAMS 0x0000000080800000, 0x0000000080700000| Untracked 
|   8|0x0000000080800000, 0x0000000080900000, 0x0000000080900000|100%| O|  |TAMS 0x0000000080900000, 0x0000000080800000| Untracked 
|   9|0x0000000080900000, 0x0000000080a00000, 0x0000000080a00000|100%| O|  |TAMS 0x0000000080a00000, 0x0000000080900000| Untracked 
|  10|0x0000000080a00000, 0x0000000080b00000, 0x0000000080b00000|100%| O|  |TAMS 0x0000000080b00000, 0x0000000080a00000| Untracked 
|  11|0x0000000080b00000, 0x0000000080c00000, 0x0000000080c00000|100%| O|  |TAMS 0x0000000080c00000, 0x0000000080b00000| Untracked 
|  12|0x0000000080c00000, 0x0000000080d00000, 0x0000000080d00000|100%| O|  |TAMS 0x0000000080d00000, 0x0000000080c00000| Untracked 
|  13|0x0000000080d00000, 0x0000000080e00000, 0x0000000080e00000|100%| O|  |TAMS 0x0000000080e00000, 0x0000000080d00000| Untracked 
|  14|0x0000000080e00000, 0x0000000080f00000, 0x0000000080f00000|100%| O|  |TAMS 0x0000000080f00000, 0x0000000080e00000| Untracked 
|  15|0x0000000080f00000, 0x0000000081000000, 0x0000000081000000|100%| O|  |TAMS 0x0000000081000000, 0x0000000080f00000| Untracked 
|  16|0x0000000081000000, 0x0000000081100000, 0x0000000081100000|100%|HS|  |TAMS 0x0000000081100000, 0x0000000081000000| Complete 
|  17|0x0000000081100000, 0x0000000081200000, 0x0000000081200000|100%| O|  |TAMS 0x0000000081200000, 0x0000000081100000| Untracked 
|  18|0x0000000081200000, 0x0000000081300000, 0x0000000081300000|100%| O|  |TAMS 0x0000000081300000, 0x0000000081200000| Untracked 
|  19|0x0000000081300000, 0x0000000081400000, 0x0000000081400000|100%| O|  |TAMS 0x0000000081400000, 0x0000000081300000| Untracked 
|  20|0x0000000081400000, 0x0000000081500000, 0x0000000081500000|100%| O|  |TAMS 0x0000000081500000, 0x0000000081400000| Untracked 
|  21|0x0000000081500000, 0x0000000081600000, 0x0000000081600000|100%| O|  |TAMS 0x0000000081600000, 0x0000000081500000| Untracked 
|  22|0x0000000081600000, 0x0000000081700000, 0x0000000081700000|100%| O|  |TAMS 0x0000000081700000, 0x0000000081600000| Untracked 
|  23|0x0000000081700000, 0x0000000081800000, 0x0000000081800000|100%| O|  |TAMS 0x0000000081800000, 0x0000000081700000| Untracked 
|  24|0x0000000081800000, 0x0000000081900000, 0x0000000081900000|100%|HS|  |TAMS 0x0000000081900000, 0x0000000081800000| Complete 
|  25|0x0000000081900000, 0x0000000081900000, 0x0000000081a00000|  0%| F|  |TAMS 0x0000000081900000, 0x0000000081900000| Untracked 
|  26|0x0000000081a00000, 0x0000000081b00000, 0x0000000081b00000|100%|HS|  |TAMS 0x0000000081b00000, 0x0000000081a00000| Complete 
|  27|0x0000000081b00000, 0x0000000081c00000, 0x0000000081c00000|100%|HC|  |TAMS 0x0000000081c00000, 0x0000000081b00000| Complete 
|  28|0x0000000081c00000, 0x0000000081d00000, 0x0000000081d00000|100%| O|  |TAMS 0x0000000081d00000, 0x0000000081c00000| Untracked 
|  29|0x0000000081d00000, 0x0000000081e00000, 0x0000000081e00000|100%| O|  |TAMS 0x0000000081e00000, 0x0000000081d00000| Untracked 
|  30|0x0000000081e00000, 0x0000000081f00000, 0x0000000081f00000|100%| O|  |TAMS 0x0000000081f00000, 0x0000000081e00000| Untracked 
|  31|0x0000000081f00000, 0x0000000082000000, 0x0000000082000000|100%| O|  |TAMS 0x0000000082000000, 0x0000000081f00000| Untracked 
|  32|0x0000000082000000, 0x0000000082100000, 0x0000000082100000|100%| O|  |TAMS 0x0000000082100000, 0x0000000082000000| Untracked 
|  33|0x0000000082100000, 0x0000000082100000, 0x0000000082200000|  0%| F|  |TAMS 0x0000000082100000, 0x0000000082100000| Untracked 
|  34|0x0000000082200000, 0x0000000082200000, 0x0000000082300000|  0%| F|  |TAMS 0x0000000082200000, 0x0000000082200000| Untracked 
|  35|0x0000000082300000, 0x0000000082300000, 0x0000000082400000|  0%| F|  |TAMS 0x0000000082300000, 0x0000000082300000| Untracked 
|  36|0x0000000082400000, 0x0000000082400000, 0x0000000082500000|  0%| F|  |TAMS 0x0000000082400000, 0x0000000082400000| Untracked 
|  37|0x0000000082500000, 0x0000000082500000, 0x0000000082600000|  0%| F|  |TAMS 0x0000000082500000, 0x0000000082500000| Untracked 
|  38|0x0000000082600000, 0x0000000082600000, 0x0000000082700000|  0%| F|  |TAMS 0x0000000082600000, 0x0000000082600000| Untracked 
|  39|0x0000000082700000, 0x0000000082700000, 0x0000000082800000|  0%| F|  |TAMS 0x0000000082700000, 0x0000000082700000| Untracked 
|  40|0x0000000082800000, 0x0000000082900000, 0x0000000082900000|100%| O|  |TAMS 0x0000000082900000, 0x0000000082800000| Untracked 
|  41|0x0000000082900000, 0x0000000082a00000, 0x0000000082a00000|100%| O|  |TAMS 0x0000000082a00000, 0x0000000082900000| Untracked 
|  42|0x0000000082a00000, 0x0000000082b00000, 0x0000000082b00000|100%| O|  |TAMS 0x0000000082b00000, 0x0000000082a00000| Untracked 
|  43|0x0000000082b00000, 0x0000000082c00000, 0x0000000082c00000|100%| O|  |TAMS 0x0000000082c00000, 0x0000000082b00000| Untracked 
|  44|0x0000000082c00000, 0x0000000082d00000, 0x0000000082d00000|100%| O|  |TAMS 0x0000000082d00000, 0x0000000082c00000| Untracked 
|  45|0x0000000082d00000, 0x0000000082e00000, 0x0000000082e00000|100%| O|  |TAMS 0x0000000082e00000, 0x0000000082d00000| Untracked 
|  46|0x0000000082e00000, 0x0000000082f00000, 0x0000000082f00000|100%| O|  |TAMS 0x0000000082f00000, 0x0000000082e00000| Untracked 
|  47|0x0000000082f00000, 0x0000000083000000, 0x0000000083000000|100%| O|  |TAMS 0x0000000083000000, 0x0000000082f00000| Untracked 
|  48|0x0000000083000000, 0x0000000083100000, 0x0000000083100000|100%| O|  |TAMS 0x0000000083100000, 0x0000000083000000| Untracked 
|  49|0x0000000083100000, 0x0000000083200000, 0x0000000083200000|100%| O|  |TAMS 0x0000000083200000, 0x0000000083100000| Untracked 
|  50|0x0000000083200000, 0x0000000083300000, 0x0000000083300000|100%| O|  |TAMS 0x0000000083300000, 0x0000000083200000| Untracked 
|  51|0x0000000083300000, 0x0000000083400000, 0x0000000083400000|100%| O|  |TAMS 0x0000000083400000, 0x0000000083300000| Untracked 
|  52|0x0000000083400000, 0x000000008347dc00, 0x0000000083500000| 49%| O|  |TAMS 0x000000008347dc00, 0x0000000083400000| Untracked 
|  53|0x0000000083500000, 0x0000000083500000, 0x0000000083600000|  0%| F|  |TAMS 0x0000000083500000, 0x0000000083500000| Untracked 
|  54|0x0000000083600000, 0x0000000083600000, 0x0000000083700000|  0%| F|  |TAMS 0x0000000083600000, 0x0000000083600000| Untracked 
|  55|0x0000000083700000, 0x0000000083700000, 0x0000000083800000|  0%| F|  |TAMS 0x0000000083700000, 0x0000000083700000| Untracked 
|  56|0x0000000083800000, 0x0000000083800000, 0x0000000083900000|  0%| F|  |TAMS 0x0000000083800000, 0x0000000083800000| Untracked 
|  57|0x0000000083900000, 0x0000000083900000, 0x0000000083a00000|  0%| F|  |TAMS 0x0000000083900000, 0x0000000083900000| Untracked 
|  58|0x0000000083a00000, 0x0000000083a00000, 0x0000000083b00000|  0%| F|  |TAMS 0x0000000083a00000, 0x0000000083a00000| Untracked 
|  59|0x0000000083b00000, 0x0000000083b00000, 0x0000000083c00000|  0%| F|  |TAMS 0x0000000083b00000, 0x0000000083b00000| Untracked 
|  60|0x0000000083c00000, 0x0000000083c00000, 0x0000000083d00000|  0%| F|  |TAMS 0x0000000083c00000, 0x0000000083c00000| Untracked 
|  61|0x0000000083d00000, 0x0000000083d00000, 0x0000000083e00000|  0%| F|  |TAMS 0x0000000083d00000, 0x0000000083d00000| Untracked 
|  62|0x0000000083e00000, 0x0000000083e00000, 0x0000000083f00000|  0%| F|  |TAMS 0x0000000083e00000, 0x0000000083e00000| Untracked 
|  63|0x0000000083f00000, 0x0000000083f00000, 0x0000000084000000|  0%| F|  |TAMS 0x0000000083f00000, 0x0000000083f00000| Untracked 
|  64|0x0000000084000000, 0x0000000084000000, 0x0000000084100000|  0%| F|  |TAMS 0x0000000084000000, 0x0000000084000000| Untracked 
|  65|0x0000000084100000, 0x0000000084100000, 0x0000000084200000|  0%| F|  |TAMS 0x0000000084100000, 0x0000000084100000| Untracked 
|  66|0x0000000084200000, 0x0000000084200000, 0x0000000084300000|  0%| F|  |TAMS 0x0000000084200000, 0x0000000084200000| Untracked 
|  67|0x0000000084300000, 0x0000000084300000, 0x0000000084400000|  0%| F|  |TAMS 0x0000000084300000, 0x0000000084300000| Untracked 
|  68|0x0000000084400000, 0x0000000084400000, 0x0000000084500000|  0%| F|  |TAMS 0x0000000084400000, 0x0000000084400000| Untracked 
|  69|0x0000000084500000, 0x0000000084500000, 0x0000000084600000|  0%| F|  |TAMS 0x0000000084500000, 0x0000000084500000| Untracked 
|  70|0x0000000084600000, 0x0000000084600000, 0x0000000084700000|  0%| F|  |TAMS 0x0000000084600000, 0x0000000084600000| Untracked 
|  71|0x0000000084700000, 0x0000000084700000, 0x0000000084800000|  0%| F|  |TAMS 0x0000000084700000, 0x0000000084700000| Untracked 
|  72|0x0000000084800000, 0x0000000084800000, 0x0000000084900000|  0%| F|  |TAMS 0x0000000084800000, 0x0000000084800000| Untracked 
|  73|0x0000000084900000, 0x0000000084900000, 0x0000000084a00000|  0%| F|  |TAMS 0x0000000084900000, 0x0000000084900000| Untracked 
|  74|0x0000000084a00000, 0x0000000084a00000, 0x0000000084b00000|  0%| F|  |TAMS 0x0000000084a00000, 0x0000000084a00000| Untracked 
|  75|0x0000000084b00000, 0x0000000084b00000, 0x0000000084c00000|  0%| F|  |TAMS 0x0000000084b00000, 0x0000000084b00000| Untracked 
|  76|0x0000000084c00000, 0x0000000084c00000, 0x0000000084d00000|  0%| F|  |TAMS 0x0000000084c00000, 0x0000000084c00000| Untracked 
|  77|0x0000000084d00000, 0x0000000084d00000, 0x0000000084e00000|  0%| F|  |TAMS 0x0000000084d00000, 0x0000000084d00000| Untracked 
|  78|0x0000000084e00000, 0x0000000084e00000, 0x0000000084f00000|  0%| F|  |TAMS 0x0000000084e00000, 0x0000000084e00000| Untracked 
|  79|0x0000000084f00000, 0x0000000084f00000, 0x0000000085000000|  0%| F|  |TAMS 0x0000000084f00000, 0x0000000084f00000| Untracked 
|  80|0x0000000085000000, 0x0000000085000000, 0x0000000085100000|  0%| F|  |TAMS 0x0000000085000000, 0x0000000085000000| Untracked 
|  81|0x0000000085100000, 0x0000000085100000, 0x0000000085200000|  0%| F|  |TAMS 0x0000000085100000, 0x0000000085100000| Untracked 
|  82|0x0000000085200000, 0x0000000085200000, 0x0000000085300000|  0%| F|  |TAMS 0x0000000085200000, 0x0000000085200000| Untracked 
|  83|0x0000000085300000, 0x0000000085300000, 0x0000000085400000|  0%| F|  |TAMS 0x0000000085300000, 0x0000000085300000| Untracked 
|  84|0x0000000085400000, 0x0000000085400000, 0x0000000085500000|  0%| F|  |TAMS 0x0000000085400000, 0x0000000085400000| Untracked 
|  85|0x0000000085500000, 0x0000000085500000, 0x0000000085600000|  0%| F|  |TAMS 0x0000000085500000, 0x0000000085500000| Untracked 
|  86|0x0000000085600000, 0x0000000085600000, 0x0000000085700000|  0%| F|  |TAMS 0x0000000085600000, 0x0000000085600000| Untracked 
|  87|0x0000000085700000, 0x0000000085700000, 0x0000000085800000|  0%| F|  |TAMS 0x0000000085700000, 0x0000000085700000| Untracked 
|  88|0x0000000085800000, 0x0000000085800000, 0x0000000085900000|  0%| F|  |TAMS 0x0000000085800000, 0x0000000085800000| Untracked 
|  89|0x0000000085900000, 0x0000000085900000, 0x0000000085a00000|  0%| F|  |TAMS 0x0000000085900000, 0x0000000085900000| Untracked 
|  90|0x0000000085a00000, 0x0000000085a00000, 0x0000000085b00000|  0%| F|  |TAMS 0x0000000085a00000, 0x0000000085a00000| Untracked 
|  91|0x0000000085b00000, 0x0000000085b00000, 0x0000000085c00000|  0%| F|  |TAMS 0x0000000085b00000, 0x0000000085b00000| Untracked 
|  92|0x0000000085c00000, 0x0000000085c00000, 0x0000000085d00000|  0%| F|  |TAMS 0x0000000085c00000, 0x0000000085c00000| Untracked 
|  93|0x0000000085d00000, 0x0000000085d00000, 0x0000000085e00000|  0%| F|  |TAMS 0x0000000085d00000, 0x0000000085d00000| Untracked 
|  94|0x0000000085e00000, 0x0000000085e00000, 0x0000000085f00000|  0%| F|  |TAMS 0x0000000085e00000, 0x0000000085e00000| Untracked 
|  95|0x0000000085f00000, 0x0000000085f00000, 0x0000000086000000|  0%| F|  |TAMS 0x0000000085f00000, 0x0000000085f00000| Untracked 
|  96|0x0000000086000000, 0x0000000086000000, 0x0000000086100000|  0%| F|  |TAMS 0x0000000086000000, 0x0000000086000000| Untracked 
|  97|0x0000000086100000, 0x0000000086100000, 0x0000000086200000|  0%| F|  |TAMS 0x0000000086100000, 0x0000000086100000| Untracked 
|  98|0x0000000086200000, 0x0000000086200000, 0x0000000086300000|  0%| F|  |TAMS 0x0000000086200000, 0x0000000086200000| Untracked 
|  99|0x0000000086300000, 0x0000000086300000, 0x0000000086400000|  0%| F|  |TAMS 0x0000000086300000, 0x0000000086300000| Untracked 
| 100|0x0000000086400000, 0x0000000086400000, 0x0000000086500000|  0%| F|  |TAMS 0x0000000086400000, 0x0000000086400000| Untracked 
| 101|0x0000000086500000, 0x0000000086500000, 0x0000000086600000|  0%| F|  |TAMS 0x0000000086500000, 0x0000000086500000| Untracked 
| 102|0x0000000086600000, 0x0000000086600000, 0x0000000086700000|  0%| F|  |TAMS 0x0000000086600000, 0x0000000086600000| Untracked 
| 103|0x0000000086700000, 0x0000000086700000, 0x0000000086800000|  0%| F|  |TAMS 0x0000000086700000, 0x0000000086700000| Untracked 
| 104|0x0000000086800000, 0x0000000086800000, 0x0000000086900000|  0%| F|  |TAMS 0x0000000086800000, 0x0000000086800000| Untracked 
| 105|0x0000000086900000, 0x0000000086900000, 0x0000000086a00000|  0%| F|  |TAMS 0x0000000086900000, 0x0000000086900000| Untracked 
| 106|0x0000000086a00000, 0x0000000086a00000, 0x0000000086b00000|  0%| F|  |TAMS 0x0000000086a00000, 0x0000000086a00000| Untracked 
| 107|0x0000000086b00000, 0x0000000086b00000, 0x0000000086c00000|  0%| F|  |TAMS 0x0000000086b00000, 0x0000000086b00000| Untracked 
| 108|0x0000000086c00000, 0x0000000086c00000, 0x0000000086d00000|  0%| F|  |TAMS 0x0000000086c00000, 0x0000000086c00000| Untracked 
| 109|0x0000000086d00000, 0x0000000086d00000, 0x0000000086e00000|  0%| F|  |TAMS 0x0000000086d00000, 0x0000000086d00000| Untracked 
| 110|0x0000000086e00000, 0x0000000086e00000, 0x0000000086f00000|  0%| F|  |TAMS 0x0000000086e00000, 0x0000000086e00000| Untracked 
| 111|0x0000000086f00000, 0x0000000086f00000, 0x0000000087000000|  0%| F|  |TAMS 0x0000000086f00000, 0x0000000086f00000| Untracked 
| 112|0x0000000087000000, 0x0000000087000000, 0x0000000087100000|  0%| F|  |TAMS 0x0000000087000000, 0x0000000087000000| Untracked 
| 113|0x0000000087100000, 0x0000000087100000, 0x0000000087200000|  0%| F|  |TAMS 0x0000000087100000, 0x0000000087100000| Untracked 
| 114|0x0000000087200000, 0x0000000087200000, 0x0000000087300000|  0%| F|  |TAMS 0x0000000087200000, 0x0000000087200000| Untracked 
| 115|0x0000000087300000, 0x0000000087300000, 0x0000000087400000|  0%| F|  |TAMS 0x0000000087300000, 0x0000000087300000| Untracked 
| 116|0x0000000087400000, 0x0000000087400000, 0x0000000087500000|  0%| F|  |TAMS 0x0000000087400000, 0x0000000087400000| Untracked 
| 117|0x0000000087500000, 0x0000000087500000, 0x0000000087600000|  0%| F|  |TAMS 0x0000000087500000, 0x0000000087500000| Untracked 
| 118|0x0000000087600000, 0x0000000087600000, 0x0000000087700000|  0%| F|  |TAMS 0x0000000087600000, 0x0000000087600000| Untracked 
| 119|0x0000000087700000, 0x0000000087700000, 0x0000000087800000|  0%| F|  |TAMS 0x0000000087700000, 0x0000000087700000| Untracked 
| 120|0x0000000087800000, 0x0000000087800000, 0x0000000087900000|  0%| F|  |TAMS 0x0000000087800000, 0x0000000087800000| Untracked 
| 121|0x0000000087900000, 0x000000008797ba48, 0x0000000087a00000| 48%| S|CS|TAMS 0x0000000087900000, 0x0000000087900000| Complete 
| 122|0x0000000087a00000, 0x0000000087b00000, 0x0000000087b00000|100%| S|CS|TAMS 0x0000000087a00000, 0x0000000087a00000| Complete 
| 123|0x0000000087b00000, 0x0000000087c00000, 0x0000000087c00000|100%| S|CS|TAMS 0x0000000087b00000, 0x0000000087b00000| Complete 
| 124|0x0000000087c00000, 0x0000000087d00000, 0x0000000087d00000|100%| S|CS|TAMS 0x0000000087c00000, 0x0000000087c00000| Complete 
| 125|0x0000000087d00000, 0x0000000087e00000, 0x0000000087e00000|100%| S|CS|TAMS 0x0000000087d00000, 0x0000000087d00000| Complete 
| 126|0x0000000087e00000, 0x0000000087f00000, 0x0000000087f00000|100%| S|CS|TAMS 0x0000000087e00000, 0x0000000087e00000| Complete 
| 127|0x0000000087f00000, 0x0000000088000000, 0x0000000088000000|100%| S|CS|TAMS 0x0000000087f00000, 0x0000000087f00000| Complete 
| 128|0x0000000088000000, 0x0000000088100000, 0x0000000088100000|100%| S|CS|TAMS 0x0000000088000000, 0x0000000088000000| Complete 
| 129|0x0000000088100000, 0x0000000088200000, 0x0000000088200000|100%| S|CS|TAMS 0x0000000088100000, 0x0000000088100000| Complete 
| 130|0x0000000088200000, 0x0000000088200000, 0x0000000088300000|  0%| F|  |TAMS 0x0000000088200000, 0x0000000088200000| Untracked 
| 131|0x0000000088300000, 0x0000000088300000, 0x0000000088400000|  0%| F|  |TAMS 0x0000000088300000, 0x0000000088300000| Untracked 
| 132|0x0000000088400000, 0x0000000088400000, 0x0000000088500000|  0%| F|  |TAMS 0x0000000088400000, 0x0000000088400000| Untracked 
| 133|0x0000000088500000, 0x0000000088500000, 0x0000000088600000|  0%| F|  |TAMS 0x0000000088500000, 0x0000000088500000| Untracked 
| 134|0x0000000088600000, 0x0000000088600000, 0x0000000088700000|  0%| F|  |TAMS 0x0000000088600000, 0x0000000088600000| Untracked 
| 135|0x0000000088700000, 0x0000000088700000, 0x0000000088800000|  0%| F|  |TAMS 0x0000000088700000, 0x0000000088700000| Untracked 
| 136|0x0000000088800000, 0x0000000088800000, 0x0000000088900000|  0%| F|  |TAMS 0x0000000088800000, 0x0000000088800000| Untracked 
| 137|0x0000000088900000, 0x0000000088900000, 0x0000000088a00000|  0%| F|  |TAMS 0x0000000088900000, 0x0000000088900000| Untracked 
| 138|0x0000000088a00000, 0x0000000088a00000, 0x0000000088b00000|  0%| F|  |TAMS 0x0000000088a00000, 0x0000000088a00000| Untracked 
| 139|0x0000000088b00000, 0x0000000088b00000, 0x0000000088c00000|  0%| F|  |TAMS 0x0000000088b00000, 0x0000000088b00000| Untracked 
| 140|0x0000000088c00000, 0x0000000088c00000, 0x0000000088d00000|  0%| F|  |TAMS 0x0000000088c00000, 0x0000000088c00000| Untracked 
| 141|0x0000000088d00000, 0x0000000088d00000, 0x0000000088e00000|  0%| F|  |TAMS 0x0000000088d00000, 0x0000000088d00000| Untracked 
| 142|0x0000000088e00000, 0x0000000088e00000, 0x0000000088f00000|  0%| F|  |TAMS 0x0000000088e00000, 0x0000000088e00000| Untracked 
| 143|0x0000000088f00000, 0x0000000088f00000, 0x0000000089000000|  0%| F|  |TAMS 0x0000000088f00000, 0x0000000088f00000| Untracked 
| 144|0x0000000089000000, 0x0000000089000000, 0x0000000089100000|  0%| F|  |TAMS 0x0000000089000000, 0x0000000089000000| Untracked 
| 145|0x0000000089100000, 0x0000000089100000, 0x0000000089200000|  0%| F|  |TAMS 0x0000000089100000, 0x0000000089100000| Untracked 
| 146|0x0000000089200000, 0x0000000089200000, 0x0000000089300000|  0%| F|  |TAMS 0x0000000089200000, 0x0000000089200000| Untracked 
| 147|0x0000000089300000, 0x0000000089300000, 0x0000000089400000|  0%| F|  |TAMS 0x0000000089300000, 0x0000000089300000| Untracked 
| 148|0x0000000089400000, 0x0000000089400000, 0x0000000089500000|  0%| F|  |TAMS 0x0000000089400000, 0x0000000089400000| Untracked 
| 149|0x0000000089500000, 0x0000000089500000, 0x0000000089600000|  0%| F|  |TAMS 0x0000000089500000, 0x0000000089500000| Untracked 
| 150|0x0000000089600000, 0x0000000089600000, 0x0000000089700000|  0%| F|  |TAMS 0x0000000089600000, 0x0000000089600000| Untracked 
| 151|0x0000000089700000, 0x0000000089700000, 0x0000000089800000|  0%| F|  |TAMS 0x0000000089700000, 0x0000000089700000| Untracked 
| 152|0x0000000089800000, 0x0000000089800000, 0x0000000089900000|  0%| F|  |TAMS 0x0000000089800000, 0x0000000089800000| Untracked 
| 153|0x0000000089900000, 0x0000000089900000, 0x0000000089a00000|  0%| F|  |TAMS 0x0000000089900000, 0x0000000089900000| Untracked 
| 154|0x0000000089a00000, 0x0000000089a00000, 0x0000000089b00000|  0%| F|  |TAMS 0x0000000089a00000, 0x0000000089a00000| Untracked 
| 155|0x0000000089b00000, 0x0000000089b00000, 0x0000000089c00000|  0%| F|  |TAMS 0x0000000089b00000, 0x0000000089b00000| Untracked 
| 156|0x0000000089c00000, 0x0000000089c00000, 0x0000000089d00000|  0%| F|  |TAMS 0x0000000089c00000, 0x0000000089c00000| Untracked 
| 157|0x0000000089d00000, 0x0000000089d00000, 0x0000000089e00000|  0%| F|  |TAMS 0x0000000089d00000, 0x0000000089d00000| Untracked 
| 158|0x0000000089e00000, 0x0000000089e00000, 0x0000000089f00000|  0%| F|  |TAMS 0x0000000089e00000, 0x0000000089e00000| Untracked 
| 159|0x0000000089f00000, 0x0000000089f00000, 0x000000008a000000|  0%| F|  |TAMS 0x0000000089f00000, 0x0000000089f00000| Untracked 
| 160|0x000000008a000000, 0x000000008a000000, 0x000000008a100000|  0%| F|  |TAMS 0x000000008a000000, 0x000000008a000000| Untracked 
| 161|0x000000008a100000, 0x000000008a100000, 0x000000008a200000|  0%| F|  |TAMS 0x000000008a100000, 0x000000008a100000| Untracked 
| 162|0x000000008a200000, 0x000000008a200000, 0x000000008a300000|  0%| F|  |TAMS 0x000000008a200000, 0x000000008a200000| Untracked 
| 163|0x000000008a300000, 0x000000008a300000, 0x000000008a400000|  0%| F|  |TAMS 0x000000008a300000, 0x000000008a300000| Untracked 
| 164|0x000000008a400000, 0x000000008a400000, 0x000000008a500000|  0%| F|  |TAMS 0x000000008a400000, 0x000000008a400000| Untracked 
| 165|0x000000008a500000, 0x000000008a500000, 0x000000008a600000|  0%| F|  |TAMS 0x000000008a500000, 0x000000008a500000| Untracked 
| 166|0x000000008a600000, 0x000000008a600000, 0x000000008a700000|  0%| F|  |TAMS 0x000000008a600000, 0x000000008a600000| Untracked 
| 167|0x000000008a700000, 0x000000008a700000, 0x000000008a800000|  0%| F|  |TAMS 0x000000008a700000, 0x000000008a700000| Untracked 
| 168|0x000000008a800000, 0x000000008a800000, 0x000000008a900000|  0%| F|  |TAMS 0x000000008a800000, 0x000000008a800000| Untracked 
| 169|0x000000008a900000, 0x000000008a900000, 0x000000008aa00000|  0%| F|  |TAMS 0x000000008a900000, 0x000000008a900000| Untracked 
| 170|0x000000008aa00000, 0x000000008aa00000, 0x000000008ab00000|  0%| F|  |TAMS 0x000000008aa00000, 0x000000008aa00000| Untracked 
| 171|0x000000008ab00000, 0x000000008ab00000, 0x000000008ac00000|  0%| F|  |TAMS 0x000000008ab00000, 0x000000008ab00000| Untracked 
| 172|0x000000008ac00000, 0x000000008ac00000, 0x000000008ad00000|  0%| F|  |TAMS 0x000000008ac00000, 0x000000008ac00000| Untracked 
| 173|0x000000008ad00000, 0x000000008ad00000, 0x000000008ae00000|  0%| F|  |TAMS 0x000000008ad00000, 0x000000008ad00000| Untracked 
| 174|0x000000008ae00000, 0x000000008ae00000, 0x000000008af00000|  0%| F|  |TAMS 0x000000008ae00000, 0x000000008ae00000| Untracked 
| 175|0x000000008af00000, 0x000000008af00000, 0x000000008b000000|  0%| F|  |TAMS 0x000000008af00000, 0x000000008af00000| Untracked 
| 176|0x000000008b000000, 0x000000008b000000, 0x000000008b100000|  0%| F|  |TAMS 0x000000008b000000, 0x000000008b000000| Untracked 
| 177|0x000000008b100000, 0x000000008b100000, 0x000000008b200000|  0%| F|  |TAMS 0x000000008b100000, 0x000000008b100000| Untracked 
| 178|0x000000008b200000, 0x000000008b200000, 0x000000008b300000|  0%| F|  |TAMS 0x000000008b200000, 0x000000008b200000| Untracked 
| 179|0x000000008b300000, 0x000000008b300000, 0x000000008b400000|  0%| F|  |TAMS 0x000000008b300000, 0x000000008b300000| Untracked 
| 180|0x000000008b400000, 0x000000008b400000, 0x000000008b500000|  0%| F|  |TAMS 0x000000008b400000, 0x000000008b400000| Untracked 
| 181|0x000000008b500000, 0x000000008b500000, 0x000000008b600000|  0%| F|  |TAMS 0x000000008b500000, 0x000000008b500000| Untracked 
| 182|0x000000008b600000, 0x000000008b600000, 0x000000008b700000|  0%| F|  |TAMS 0x000000008b600000, 0x000000008b600000| Untracked 
| 183|0x000000008b700000, 0x000000008b700000, 0x000000008b800000|  0%| F|  |TAMS 0x000000008b700000, 0x000000008b700000| Untracked 
| 184|0x000000008b800000, 0x000000008b884e20, 0x000000008b900000| 51%| E|  |TAMS 0x000000008b800000, 0x000000008b800000| Complete 
| 185|0x000000008b900000, 0x000000008ba00000, 0x000000008ba00000|100%| E|CS|TAMS 0x000000008b900000, 0x000000008b900000| Complete 
| 186|0x000000008ba00000, 0x000000008bb00000, 0x000000008bb00000|100%| E|CS|TAMS 0x000000008ba00000, 0x000000008ba00000| Complete 
| 187|0x000000008bb00000, 0x000000008bc00000, 0x000000008bc00000|100%| E|CS|TAMS 0x000000008bb00000, 0x000000008bb00000| Complete 
| 188|0x000000008bc00000, 0x000000008bd00000, 0x000000008bd00000|100%| E|CS|TAMS 0x000000008bc00000, 0x000000008bc00000| Complete 
| 189|0x000000008bd00000, 0x000000008be00000, 0x000000008be00000|100%| E|CS|TAMS 0x000000008bd00000, 0x000000008bd00000| Complete 
| 190|0x000000008be00000, 0x000000008bf00000, 0x000000008bf00000|100%| E|CS|TAMS 0x000000008be00000, 0x000000008be00000| Complete 
| 191|0x000000008bf00000, 0x000000008c000000, 0x000000008c000000|100%| E|CS|TAMS 0x000000008bf00000, 0x000000008bf00000| Complete 
| 192|0x000000008c000000, 0x000000008c100000, 0x000000008c100000|100%| E|CS|TAMS 0x000000008c000000, 0x000000008c000000| Complete 
| 193|0x000000008c100000, 0x000000008c200000, 0x000000008c200000|100%| E|CS|TAMS 0x000000008c100000, 0x000000008c100000| Complete 
| 194|0x000000008c200000, 0x000000008c300000, 0x000000008c300000|100%| E|CS|TAMS 0x000000008c200000, 0x000000008c200000| Complete 
| 195|0x000000008c300000, 0x000000008c400000, 0x000000008c400000|100%| E|CS|TAMS 0x000000008c300000, 0x000000008c300000| Complete 
| 196|0x000000008c400000, 0x000000008c500000, 0x000000008c500000|100%| E|CS|TAMS 0x000000008c400000, 0x000000008c400000| Complete 
| 197|0x000000008c500000, 0x000000008c600000, 0x000000008c600000|100%| E|CS|TAMS 0x000000008c500000, 0x000000008c500000| Complete 
| 198|0x000000008c600000, 0x000000008c700000, 0x000000008c700000|100%| E|CS|TAMS 0x000000008c600000, 0x000000008c600000| Complete 
| 199|0x000000008c700000, 0x000000008c800000, 0x000000008c800000|100%| E|CS|TAMS 0x000000008c700000, 0x000000008c700000| Complete 
| 200|0x000000008c800000, 0x000000008c900000, 0x000000008c900000|100%| E|CS|TAMS 0x000000008c800000, 0x000000008c800000| Complete 
| 201|0x000000008c900000, 0x000000008ca00000, 0x000000008ca00000|100%| E|CS|TAMS 0x000000008c900000, 0x000000008c900000| Complete 
| 202|0x000000008ca00000, 0x000000008cb00000, 0x000000008cb00000|100%| E|CS|TAMS 0x000000008ca00000, 0x000000008ca00000| Complete 
| 203|0x000000008cb00000, 0x000000008cc00000, 0x000000008cc00000|100%| E|CS|TAMS 0x000000008cb00000, 0x000000008cb00000| Complete 
| 204|0x000000008cc00000, 0x000000008cd00000, 0x000000008cd00000|100%| E|CS|TAMS 0x000000008cc00000, 0x000000008cc00000| Complete 
| 205|0x000000008cd00000, 0x000000008ce00000, 0x000000008ce00000|100%| E|CS|TAMS 0x000000008cd00000, 0x000000008cd00000| Complete 
| 206|0x000000008ce00000, 0x000000008cf00000, 0x000000008cf00000|100%| E|CS|TAMS 0x000000008ce00000, 0x000000008ce00000| Complete 
| 207|0x000000008cf00000, 0x000000008d000000, 0x000000008d000000|100%| E|CS|TAMS 0x000000008cf00000, 0x000000008cf00000| Complete 
| 208|0x000000008d000000, 0x000000008d100000, 0x000000008d100000|100%| E|CS|TAMS 0x000000008d000000, 0x000000008d000000| Complete 
| 209|0x000000008d100000, 0x000000008d200000, 0x000000008d200000|100%| E|CS|TAMS 0x000000008d100000, 0x000000008d100000| Complete 
| 210|0x000000008d200000, 0x000000008d300000, 0x000000008d300000|100%| E|CS|TAMS 0x000000008d200000, 0x000000008d200000| Complete 
| 211|0x000000008d300000, 0x000000008d400000, 0x000000008d400000|100%| E|CS|TAMS 0x000000008d300000, 0x000000008d300000| Complete 
| 212|0x000000008d400000, 0x000000008d500000, 0x000000008d500000|100%| E|CS|TAMS 0x000000008d400000, 0x000000008d400000| Complete 
| 213|0x000000008d500000, 0x000000008d600000, 0x000000008d600000|100%| E|CS|TAMS 0x000000008d500000, 0x000000008d500000| Complete 
| 214|0x000000008d600000, 0x000000008d700000, 0x000000008d700000|100%| E|CS|TAMS 0x000000008d600000, 0x000000008d600000| Complete 
| 215|0x000000008d700000, 0x000000008d800000, 0x000000008d800000|100%| E|CS|TAMS 0x000000008d700000, 0x000000008d700000| Complete 
| 216|0x000000008d800000, 0x000000008d900000, 0x000000008d900000|100%| E|CS|TAMS 0x000000008d800000, 0x000000008d800000| Complete 
| 217|0x000000008d900000, 0x000000008da00000, 0x000000008da00000|100%| E|CS|TAMS 0x000000008d900000, 0x000000008d900000| Complete 
| 218|0x000000008da00000, 0x000000008db00000, 0x000000008db00000|100%| E|CS|TAMS 0x000000008da00000, 0x000000008da00000| Complete 
| 219|0x000000008db00000, 0x000000008dc00000, 0x000000008dc00000|100%| E|CS|TAMS 0x000000008db00000, 0x000000008db00000| Complete 
| 220|0x000000008dc00000, 0x000000008dd00000, 0x000000008dd00000|100%| E|CS|TAMS 0x000000008dc00000, 0x000000008dc00000| Complete 
| 221|0x000000008dd00000, 0x000000008de00000, 0x000000008de00000|100%| E|CS|TAMS 0x000000008dd00000, 0x000000008dd00000| Complete 
| 222|0x000000008de00000, 0x000000008df00000, 0x000000008df00000|100%| E|CS|TAMS 0x000000008de00000, 0x000000008de00000| Complete 
| 223|0x000000008df00000, 0x000000008e000000, 0x000000008e000000|100%| E|CS|TAMS 0x000000008df00000, 0x000000008df00000| Complete 
| 224|0x000000008e000000, 0x000000008e100000, 0x000000008e100000|100%| E|CS|TAMS 0x000000008e000000, 0x000000008e000000| Complete 
| 225|0x000000008e100000, 0x000000008e200000, 0x000000008e200000|100%| E|CS|TAMS 0x000000008e100000, 0x000000008e100000| Complete 
| 226|0x000000008e200000, 0x000000008e300000, 0x000000008e300000|100%| E|CS|TAMS 0x000000008e200000, 0x000000008e200000| Complete 
| 227|0x000000008e300000, 0x000000008e400000, 0x000000008e400000|100%| E|CS|TAMS 0x000000008e300000, 0x000000008e300000| Complete 

Card table byte_map: [0x0000027ede7c0000,0x0000027edebc0000] _byte_map_base: 0x0000027ede3c0000

Marking Bits (Prev, Next): (CMBitMap*) 0x0000027ecb8e0a28, (CMBitMap*) 0x0000027ecb8e0a60
 Prev Bits: [0x0000027edefc0000, 0x0000027ee0fc0000)
 Next Bits: [0x0000027ee0fc0000, 0x0000027ee2fc0000)

Polling page: 0x0000027ec9750000

Metaspace:

Usage:
  Non-class:     59.27 MB capacity,    58.33 MB ( 98%) used,   792.99 KB (  1%) free+waste,   168.50 KB ( <1%) overhead. 
      Class:      9.12 MB capacity,     8.52 MB ( 93%) used,   535.37 KB (  6%) free+waste,    78.38 KB ( <1%) overhead. 
       Both:     68.39 MB capacity,    66.86 MB ( 98%) used,     1.30 MB (  2%) free+waste,   246.88 KB ( <1%) overhead. 

Virtual space:
  Non-class space:       60.00 MB reserved,      59.34 MB ( 99%) committed 
      Class space:        1.00 GB reserved,       9.15 MB ( <1%) committed 
             Both:        1.06 GB reserved,      68.48 MB (  6%) committed 

Chunk freelists:
   Non-Class:  1.00 KB
       Class:  3.00 KB
        Both:  4.00 KB

MaxMetaspaceSize: 17179869184.00 GB
CompressedClassSpaceSize: 1.00 GB
Initial GC threshold: 20.80 MB
Current GC threshold: 109.14 MB
CDS: off

CodeHeap 'non-profiled nmethods': size=120064Kb used=3988Kb max_used=3988Kb free=116075Kb
 bounds [0x0000027ed6e80000, 0x0000027ed7270000, 0x0000027ede3c0000]
CodeHeap 'profiled nmethods': size=120000Kb used=13935Kb max_used=13935Kb free=106064Kb
 bounds [0x0000027ecf950000, 0x0000027ed06f0000, 0x0000027ed6e80000]
CodeHeap 'non-nmethods': size=5696Kb used=2347Kb max_used=2383Kb free=3348Kb
 bounds [0x0000027ecf3c0000, 0x0000027ecf630000, 0x0000027ecf950000]
 total_blobs=7380 nmethods=6518 adapters=773
 compilation: enabled
              stopped_count=0, restarted_count=0
 full_count=0

Compilation events (20 events):
Event: 14.934 Thread 0x0000027ee5db2800 6539       1       com.android.build.gradle.internal.services.BaseServicesImpl::getProjectServices (5 bytes)
Event: 14.934 Thread 0x0000027ee5db2800 nmethod 6539 0x0000027ed725f710 code [0x0000027ed725f8c0, 0x0000027ed725f978]
Event: 14.936 Thread 0x0000027ee5db2800 6540       1       org.gradle.internal.typeconversion.NotationConverterToNotationParserAdapter$ResultImpl::access$100 (5 bytes)
Event: 14.936 Thread 0x0000027ee5db2800 nmethod 6540 0x0000027ed725fa10 code [0x0000027ed725fbc0, 0x0000027ed725fc58]
Event: 14.936 Thread 0x0000027ee5db2800 6541       1       org.gradle.internal.typeconversion.NotationConverterToNotationParserAdapter$ResultImpl::access$200 (5 bytes)
Event: 14.936 Thread 0x0000027ee5db2800 nmethod 6541 0x0000027ed725fd10 code [0x0000027ed725fec0, 0x0000027ed725ff58]
Event: 14.939 Thread 0x0000027ee5db2800 6542       3       com.google.common.collect.SingletonImmutableSet::iterator (5 bytes)
Event: 14.940 Thread 0x0000027ee5db2800 nmethod 6542 0x0000027ed06e9090 code [0x0000027ed06e9260, 0x0000027ed06e95f8]
Event: 14.946 Thread 0x0000027ee5db2800 6543       3       org.gradle.configuration.internal.DefaultUserCodeApplicationContext::current (11 bytes)
Event: 14.947 Thread 0x0000027ee5db2800 nmethod 6543 0x0000027ed06e9790 code [0x0000027ed06e9960, 0x0000027ed06e9c08]
Event: 14.967 Thread 0x0000027ee5db2800 6544       1       org.gradle.api.internal.project.DefaultProject::getGradle (5 bytes)
Event: 14.967 Thread 0x0000027ee5db2800 nmethod 6544 0x0000027ed7260010 code [0x0000027ed72601c0, 0x0000027ed7260278]
Event: 14.971 Thread 0x0000027ee5db2800 6545       3       org.gradle.api.internal.DefaultCollectionCallbackActionDecorator::decorate (51 bytes)
Event: 14.972 Thread 0x0000027ee5db2800 nmethod 6545 0x0000027ed06e9d10 code [0x0000027ed06e9f40, 0x0000027ed06ea9a8]
Event: 14.981 Thread 0x0000027ee5d4f000 nmethod 6485 0x0000027ed7260310 code [0x0000027ed7260700, 0x0000027ed7262bf8]
Event: 14.981 Thread 0x0000027ee5d4f000 6535   !   4       java.util.concurrent.ConcurrentHashMap::computeIfAbsent (576 bytes)
Event: 14.986 Thread 0x0000027ee5db2800 6546       1       com.android.build.api.artifact.Artifact::getKind (5 bytes)
Event: 14.986 Thread 0x0000027ee5db2800 nmethod 6546 0x0000027ed7264610 code [0x0000027ed72647c0, 0x0000027ed7264878]
Event: 14.993 Thread 0x0000027ee5db2800 6547       1       com.android.build.api.artifact.impl.TypedStorageProvider::access$getPropertyAllocator$p (5 bytes)
Event: 14.993 Thread 0x0000027ee5db2800 nmethod 6547 0x0000027ed7264910 code [0x0000027ed7264ac0, 0x0000027ed7264b58]

GC Heap History (20 events):
Event: 1.479 GC heap before
{Heap before GC invocations=0 (full 0):
 garbage-first heap   total 194560K, used 16384K [0x0000000080000000, 0x0000000100000000)
  region size 1024K, 14 young (14336K), 0 survivors (0K)
 Metaspace       used 6755K, capacity 6993K, committed 7168K, reserved 1056768K
  class space    used 572K, capacity 650K, committed 768K, reserved 1048576K
}
Event: 1.494 GC heap after
{Heap after GC invocations=1 (full 0):
 garbage-first heap   total 194560K, used 4254K [0x0000000080000000, 0x0000000100000000)
  region size 1024K, 2 young (2048K), 2 survivors (2048K)
 Metaspace       used 6755K, capacity 6993K, committed 7168K, reserved 1056768K
  class space    used 572K, capacity 650K, committed 768K, reserved 1048576K
}
Event: 3.868 GC heap before
{Heap before GC invocations=1 (full 0):
 garbage-first heap   total 194560K, used 84126K [0x0000000080000000, 0x0000000100000000)
  region size 1024K, 77 young (78848K), 2 survivors (2048K)
 Metaspace       used 16717K, capacity 17072K, committed 17152K, reserved 1064960K
  class space    used 1899K, capacity 2034K, committed 2048K, reserved 1048576K
}
Event: 3.878 GC heap after
{Heap after GC invocations=2 (full 0):
 garbage-first heap   total 194560K, used 15907K [0x0000000080000000, 0x0000000100000000)
  region size 1024K, 10 young (10240K), 10 survivors (10240K)
 Metaspace       used 16717K, capacity 17072K, committed 17152K, reserved 1064960K
  class space    used 1899K, capacity 2034K, committed 2048K, reserved 1048576K
}
Event: 4.396 GC heap before
{Heap before GC invocations=2 (full 0):
 garbage-first heap   total 194560K, used 47651K [0x0000000080000000, 0x0000000100000000)
  region size 1024K, 41 young (41984K), 10 survivors (10240K)
 Metaspace       used 19903K, capacity 20289K, committed 20608K, reserved 1067008K
  class space    used 2420K, capacity 2575K, committed 2688K, reserved 1048576K
}
Event: 4.406 GC heap after
{Heap after GC invocations=3 (full 0):
 garbage-first heap   total 194560K, used 17583K [0x0000000080000000, 0x0000000100000000)
  region size 1024K, 2 young (2048K), 2 survivors (2048K)
 Metaspace       used 19903K, capacity 20289K, committed 20608K, reserved 1067008K
  class space    used 2420K, capacity 2575K, committed 2688K, reserved 1048576K
}
Event: 4.543 GC heap before
{Heap before GC invocations=3 (full 0):
 garbage-first heap   total 194560K, used 22703K [0x0000000080000000, 0x0000000100000000)
  region size 1024K, 8 young (8192K), 2 survivors (2048K)
 Metaspace       used 20759K, capacity 21189K, committed 21296K, reserved 1069056K
  class space    used 2522K, capacity 2684K, committed 2688K, reserved 1048576K
}
Event: 4.547 GC heap after
{Heap after GC invocations=4 (full 0):
 garbage-first heap   total 194560K, used 17797K [0x0000000080000000, 0x0000000100000000)
  region size 1024K, 2 young (2048K), 2 survivors (2048K)
 Metaspace       used 20759K, capacity 21189K, committed 21296K, reserved 1069056K
  class space    used 2522K, capacity 2684K, committed 2688K, reserved 1048576K
}
Event: 5.555 GC heap before
{Heap before GC invocations=5 (full 0):
 garbage-first heap   total 194560K, used 79237K [0x0000000080000000, 0x0000000100000000)
  region size 1024K, 62 young (63488K), 2 survivors (2048K)
 Metaspace       used 26977K, capacity 27601K, committed 27772K, reserved 1073152K
  class space    used 3495K, capacity 3704K, committed 3788K, reserved 1048576K
}
Event: 5.566 GC heap after
{Heap after GC invocations=6 (full 0):
 garbage-first heap   total 194560K, used 19699K [0x0000000080000000, 0x0000000100000000)
  region size 1024K, 4 young (4096K), 4 survivors (4096K)
 Metaspace       used 26977K, capacity 27601K, committed 27772K, reserved 1073152K
  class space    used 3495K, capacity 3704K, committed 3788K, reserved 1048576K
}
Event: 7.083 GC heap before
{Heap before GC invocations=6 (full 0):
 garbage-first heap   total 194560K, used 73971K [0x0000000080000000, 0x0000000100000000)
  region size 1024K, 58 young (59392K), 4 survivors (4096K)
 Metaspace       used 35163K, capacity 35941K, committed 35964K, reserved 1081344K
  class space    used 4507K, capacity 4806K, committed 4812K, reserved 1048576K
}
Event: 7.099 GC heap after
{Heap after GC invocations=7 (full 0):
 garbage-first heap   total 194560K, used 22974K [0x0000000080000000, 0x0000000100000000)
  region size 1024K, 7 young (7168K), 7 survivors (7168K)
 Metaspace       used 35163K, capacity 35941K, committed 35964K, reserved 1081344K
  class space    used 4507K, capacity 4806K, committed 4812K, reserved 1048576K
}
Event: 8.968 GC heap before
{Heap before GC invocations=8 (full 0):
 garbage-first heap   total 194560K, used 112062K [0x0000000080000000, 0x0000000100000000)
  region size 1024K, 91 young (93184K), 7 survivors (7168K)
 Metaspace       used 42186K, capacity 43213K, committed 43388K, reserved 1087488K
  class space    used 5367K, capacity 5765K, committed 5836K, reserved 1048576K
}
Event: 8.991 GC heap after
{Heap after GC invocations=9 (full 0):
 garbage-first heap   total 194560K, used 28930K [0x0000000080000000, 0x0000000100000000)
  region size 1024K, 12 young (12288K), 12 survivors (12288K)
 Metaspace       used 42186K, capacity 43213K, committed 43388K, reserved 1087488K
  class space    used 5367K, capacity 5765K, committed 5836K, reserved 1048576K
}
Event: 10.909 GC heap before
{Heap before GC invocations=9 (full 0):
 garbage-first heap   total 194560K, used 118018K [0x0000000080000000, 0x0000000100000000)
  region size 1024K, 99 young (101376K), 12 survivors (12288K)
 Metaspace       used 48425K, capacity 49614K, committed 49788K, reserved 1093632K
  class space    used 6105K, capacity 6531K, committed 6604K, reserved 1048576K
}
Event: 10.930 GC heap after
{Heap after GC invocations=10 (full 0):
 garbage-first heap   total 194560K, used 32919K [0x0000000080000000, 0x0000000100000000)
  region size 1024K, 10 young (10240K), 10 survivors (10240K)
 Metaspace       used 48425K, capacity 49614K, committed 49788K, reserved 1093632K
  class space    used 6105K, capacity 6531K, committed 6604K, reserved 1048576K
}
Event: 12.518 GC heap before
{Heap before GC invocations=10 (full 0):
 garbage-first heap   total 194560K, used 126103K [0x0000000080000000, 0x0000000100000000)
  region size 1024K, 98 young (100352K), 10 survivors (10240K)
 Metaspace       used 59050K, capacity 60509K, committed 60580K, reserved 1101824K
  class space    used 7441K, capacity 7996K, committed 8012K, reserved 1048576K
}
Event: 12.544 GC heap after
{Heap after GC invocations=11 (full 0):
 garbage-first heap   total 233472K, used 45834K [0x0000000080000000, 0x0000000100000000)
  region size 1024K, 13 young (13312K), 13 survivors (13312K)
 Metaspace       used 59050K, capacity 60509K, committed 60580K, reserved 1101824K
  class space    used 7441K, capacity 7996K, committed 8012K, reserved 1048576K
}
Event: 14.120 GC heap before
{Heap before GC invocations=12 (full 0):
 garbage-first heap   total 233472K, used 153354K [0x0000000080000000, 0x0000000100000000)
  region size 1024K, 111 young (113664K), 13 survivors (13312K)
 Metaspace       used 65197K, capacity 66667K, committed 66800K, reserved 1107968K
  class space    used 8225K, capacity 8793K, committed 8856K, reserved 1048576K
}
Event: 14.169 GC heap after
{Heap after GC invocations=13 (full 0):
 garbage-first heap   total 233472K, used 54245K [0x0000000080000000, 0x0000000100000000)
  region size 1024K, 9 young (9216K), 9 survivors (9216K)
 Metaspace       used 65197K, capacity 66667K, committed 66800K, reserved 1107968K
  class space    used 8225K, capacity 8793K, committed 8856K, reserved 1048576K
}

Deoptimization events (20 events):
Event: 13.744 Thread 0x0000027ee68d5800 Uncommon trap: trap_request=0xffffff4d fr.pc=0x0000027ed6eafc88 relative=0x00000000000001c8
Event: 13.744 Thread 0x0000027ee68d5800 Uncommon trap: reason=unstable_if action=reinterpret pc=0x0000027ed6eafc88 method=java.lang.AbstractStringBuilder.isLatin1()Z @ 10 c2
Event: 13.744 Thread 0x0000027ee68d5800 DEOPT PACKING pc=0x0000027ed6eafc88 sp=0x000000fca51f6ad0
Event: 13.744 Thread 0x0000027ee68d5800 DEOPT UNPACKING pc=0x0000027ecf40a1af sp=0x000000fca51f6a10 mode 2
Event: 13.744 Thread 0x0000027ee68d5800 Uncommon trap: trap_request=0xffffff4d fr.pc=0x0000027ed6f94654 relative=0x00000000000005f4
Event: 13.744 Thread 0x0000027ee68d5800 Uncommon trap: reason=unstable_if action=reinterpret pc=0x0000027ed6f94654 method=java.lang.AbstractStringBuilder.appendChars(Ljava/lang/CharSequence;II)V @ 4 c2
Event: 13.744 Thread 0x0000027ee68d5800 DEOPT PACKING pc=0x0000027ed6f94654 sp=0x000000fca51f6b60
Event: 13.744 Thread 0x0000027ee68d5800 DEOPT UNPACKING pc=0x0000027ecf40a1af sp=0x000000fca51f6a48 mode 2
Event: 13.967 Thread 0x0000027ee68d5800 Uncommon trap: trap_request=0xffffff4d fr.pc=0x0000027ed705df20 relative=0x0000000000000360
Event: 13.967 Thread 0x0000027ee68d5800 Uncommon trap: reason=unstable_if action=reinterpret pc=0x0000027ed705df20 method=java.util.StringJoiner.add(Ljava/lang/CharSequence;)Ljava/util/StringJoiner; @ 33 c2
Event: 13.967 Thread 0x0000027ee68d5800 DEOPT PACKING pc=0x0000027ed705df20 sp=0x000000fca51f5b90
Event: 13.967 Thread 0x0000027ee68d5800 DEOPT UNPACKING pc=0x0000027ecf40a1af sp=0x000000fca51f5b40 mode 2
Event: 14.449 Thread 0x0000027ee68d5800 Uncommon trap: trap_request=0xffffff4d fr.pc=0x0000027ed7071f98 relative=0x0000000000005c18
Event: 14.449 Thread 0x0000027ee68d5800 Uncommon trap: reason=unstable_if action=reinterpret pc=0x0000027ed7071f98 method=org.codehaus.groovy.runtime.metaclass.MetaMethodIndex.isOverridden(Lgroovy/lang/MetaMethod;Lgroovy/lang/MetaMethod;)Z @ 33 c2
Event: 14.449 Thread 0x0000027ee68d5800 DEOPT PACKING pc=0x0000027ed7071f98 sp=0x000000fca51f4960
Event: 14.449 Thread 0x0000027ee68d5800 DEOPT UNPACKING pc=0x0000027ecf40a1af sp=0x000000fca51f4978 mode 2
Event: 15.003 Thread 0x0000027ee68d5800 Uncommon trap: trap_request=0xffffff4d fr.pc=0x0000027ed7151ac8 relative=0x0000000000000268
Event: 15.003 Thread 0x0000027ee68d5800 Uncommon trap: reason=unstable_if action=reinterpret pc=0x0000027ed7151ac8 method=java.io.WinNTFileSystem.prefixLength(Ljava/lang/String;)I @ 11 c2
Event: 15.003 Thread 0x0000027ee68d5800 DEOPT PACKING pc=0x0000027ed7151ac8 sp=0x000000fca51f9440
Event: 15.003 Thread 0x0000027ee68d5800 DEOPT UNPACKING pc=0x0000027ecf40a1af sp=0x000000fca51f93c0 mode 2

Classes redefined (0 events):
No events

Internal exceptions (20 events):
Event: 14.455 Thread 0x0000027ee68d5800 Exception <a 'java/lang/ClassNotFoundException'{0x000000008d73c500}: com/android/builder/core/AbstractBuildTypeCustomizer> (0x000000008d73c500) thrown at [./src/hotspot/share/classfile/systemDictionary.cpp, line 231]
Event: 14.456 Thread 0x0000027ee68d5800 Exception <a 'java/lang/ClassNotFoundException'{0x000000008d775d48}: com/android/build/gradle/internal/dsl/BuildTypeCustomizer> (0x000000008d775d48) thrown at [./src/hotspot/share/classfile/systemDictionary.cpp, line 231]
Event: 14.460 Thread 0x0000027ee68d5800 Exception <a 'java/lang/ClassNotFoundException'{0x000000008d60c748}: com/android/build/gradle/internal/dsl/BuildType$AgpDecoratedCustomizer> (0x000000008d60c748) thrown at [./src/hotspot/share/classfile/systemDictionary.cpp, line 231]
Event: 14.462 Thread 0x0000027ee68d5800 Exception <a 'java/lang/ClassNotFoundException'{0x000000008d66de00}: com/android/build/gradle/internal/dsl/BuildType$AgpDecorated_DecoratedCustomizer> (0x000000008d66de00) thrown at [./src/hotspot/share/classfile/systemDictionary.cpp, line 231]
Event: 14.469 Thread 0x0000027ee68d5800 Exception <a 'java/lang/ClassNotFoundException'{0x000000008d5483a0}: build_3960hzoye0x3youb5g0nmbuxn$_run_closure1$_closure4BeanInfo> (0x000000008d5483a0) thrown at [./src/hotspot/share/classfile/systemDictionary.cpp, line 231]
Event: 14.470 Thread 0x0000027ee68d5800 Exception <a 'java/lang/ClassNotFoundException'{0x000000008d55aa38}: build_3960hzoye0x3youb5g0nmbuxn$_run_closure1$_closure4Customizer> (0x000000008d55aa38) thrown at [./src/hotspot/share/classfile/systemDictionary.cpp, line 231]
Event: 14.474 Thread 0x0000027ee68d5800 Exception <a 'java/lang/ClassNotFoundException'{0x000000008d585ea0}: build_3960hzoye0x3youb5g0nmbuxn$_run_closure1BeanInfo> (0x000000008d585ea0) thrown at [./src/hotspot/share/classfile/systemDictionary.cpp, line 231]
Event: 14.474 Thread 0x0000027ee68d5800 Exception <a 'java/lang/ClassNotFoundException'{0x000000008d597d00}: build_3960hzoye0x3youb5g0nmbuxn$_run_closure1Customizer> (0x000000008d597d00) thrown at [./src/hotspot/share/classfile/systemDictionary.cpp, line 231]
Event: 14.480 Thread 0x0000027ee68d5800 Exception <a 'java/lang/ClassNotFoundException'{0x000000008d5fc848}: org/gradle/api/JavaVersionBeanInfo> (0x000000008d5fc848) thrown at [./src/hotspot/share/classfile/systemDictionary.cpp, line 231]
Event: 14.482 Thread 0x0000027ee68d5800 Exception <a 'java/lang/ClassNotFoundException'{0x000000008d42bc00}: org/gradle/api/JavaVersionCustomizer> (0x000000008d42bc00) thrown at [./src/hotspot/share/classfile/systemDictionary.cpp, line 231]
Event: 14.487 Thread 0x0000027ee68d5800 Exception <a 'java/lang/ClassNotFoundException'{0x000000008d496c88}: com/android/build/gradle/internal/CompileOptions$AgpDecorated_DecoratedBeanInfo> (0x000000008d496c88) thrown at [./src/hotspot/share/classfile/systemDictionary.cpp, line 231]
Event: 14.488 Thread 0x0000027ee68d5800 Exception <a 'java/lang/ClassNotFoundException'{0x000000008d4b52c0}: com/android/build/gradle/internal/CompileOptions$AgpDecoratedBeanInfo> (0x000000008d4b52c0) thrown at [./src/hotspot/share/classfile/systemDictionary.cpp, line 231]
Event: 14.488 Thread 0x0000027ee68d5800 Exception <a 'java/lang/ClassNotFoundException'{0x000000008d4d1300}: com/android/build/gradle/internal/CompileOptionsBeanInfo> (0x000000008d4d1300) thrown at [./src/hotspot/share/classfile/systemDictionary.cpp, line 231]
Event: 14.489 Thread 0x0000027ee68d5800 Exception <a 'java/lang/ClassNotFoundException'{0x000000008d4eddc0}: com/android/build/gradle/internal/CompileOptionsCustomizer> (0x000000008d4eddc0) thrown at [./src/hotspot/share/classfile/systemDictionary.cpp, line 231]
Event: 14.490 Thread 0x0000027ee68d5800 Exception <a 'java/lang/ClassNotFoundException'{0x000000008d318d78}: com/android/build/gradle/internal/CompileOptions$AgpDecoratedCustomizer> (0x000000008d318d78) thrown at [./src/hotspot/share/classfile/systemDictionary.cpp, line 231]
Event: 14.492 Thread 0x0000027ee68d5800 Exception <a 'java/lang/ClassNotFoundException'{0x000000008d3463a0}: com/android/build/gradle/internal/CompileOptions$AgpDecorated_DecoratedCustomizer> (0x000000008d3463a0) thrown at [./src/hotspot/share/classfile/systemDictionary.cpp, line 231]
Event: 14.511 Thread 0x0000027ee68d5800 Exception <a 'java/lang/ClassNotFoundException'{0x000000008d281190}: org/gradle/api/internal/artifacts/dsl/dependencies/DefaultDependencyHandler_DecoratedBeanInfo> (0x000000008d281190) thrown at [./src/hotspot/share/classfile/systemDictionary.cpp, line 231]
Event: 14.512 Thread 0x0000027ee68d5800 Exception <a 'java/lang/ClassNotFoundException'{0x000000008d2d1750}: org/gradle/api/internal/artifacts/dsl/dependencies/DefaultDependencyHandlerBeanInfo> (0x000000008d2d1750) thrown at [./src/hotspot/share/classfile/systemDictionary.cpp, line 231]
Event: 14.513 Thread 0x0000027ee68d5800 Exception <a 'java/lang/ClassNotFoundException'{0x000000008d122420}: org/gradle/api/internal/artifacts/dsl/dependencies/DefaultDependencyHandlerCustomizer> (0x000000008d122420) thrown at [./src/hotspot/share/classfile/systemDictionary.cpp, line 231]
Event: 14.515 Thread 0x0000027ee68d5800 Exception <a 'java/lang/ClassNotFoundException'{0x000000008d19d058}: org/gradle/api/internal/artifacts/dsl/dependencies/DefaultDependencyHandler_DecoratedCustomizer> (0x000000008d19d058) thrown at [./src/hotspot/share/classfile/systemDictionary.cpp, line 231]

Events (20 events):
Event: 15.001 loading class com/android/build/gradle/internal/cxx/gradle/generator/CxxConfigurationModelKt$ENABLE_CHECK_CONFIG_TIME_CONSTRUCTION$2
Event: 15.001 loading class com/android/build/gradle/internal/cxx/gradle/generator/CxxConfigurationModelKt$ENABLE_CHECK_CONFIG_TIME_CONSTRUCTION$2 done
Event: 15.002 loading class com/android/build/gradle/internal/cxx/gradle/generator/NativeProjectPath
Event: 15.002 loading class com/android/build/gradle/internal/cxx/gradle/generator/NativeProjectPath done
Event: 15.002 loading class com/android/build/gradle/internal/cxx/configure/ExperimentalPropertyExtensionsKt
Event: 15.002 loading class com/android/build/gradle/internal/cxx/configure/ExperimentalPropertyExtensionsKt done
Event: 15.003 loading class com/android/build/gradle/internal/cxx/configure/Ninja
Event: 15.003 loading class com/android/build/gradle/internal/cxx/configure/Ninja done
Event: 15.004 loading class com/android/build/gradle/tasks/MergeSourceSetFolders$MergeJniLibFoldersCreationAction
Event: 15.004 loading class com/android/build/gradle/tasks/MergeSourceSetFolders$MergeJniLibFoldersCreationAction done
Event: 15.004 loading class com/android/build/gradle/tasks/MergeSourceSetFolders$MergeJniLibFoldersCreationAction$handleProvider$1
Event: 15.004 loading class com/android/build/gradle/tasks/MergeSourceSetFolders$MergeJniLibFoldersCreationAction$handleProvider$1 done
Event: 15.005 loading class com/android/build/gradle/internal/tasks/MergeNativeLibsTask$CreationAction
Event: 15.005 loading class com/android/build/gradle/internal/tasks/MergeNativeLibsTask$CreationAction done
Event: 15.006 loading class com/android/build/gradle/internal/tasks/MergeNativeLibsTask
Event: 15.006 loading class com/android/build/gradle/internal/tasks/MergeNativeLibsTask done
Event: 15.006 loading class com/android/build/gradle/internal/tasks/MergeNativeLibsTask$CreationAction$handleProvider$1
Event: 15.006 loading class com/android/build/gradle/internal/tasks/MergeNativeLibsTask$CreationAction$handleProvider$1 done
Event: 15.007 loading class com/android/build/gradle/internal/utils/KgpUtils
Event: 15.007 loading class com/android/build/gradle/internal/utils/KgpUtils done


Dynamic libraries:
0x00007ff629da0000 - 0x00007ff629daa000 	C:\Program Files\Android\Android Studio\jre\bin\java.exe
0x00007fff0f270000 - 0x00007fff0f468000 	C:\Windows\SYSTEM32\ntdll.dll
0x00007fff0d600000 - 0x00007fff0d6bf000 	C:\Windows\System32\KERNEL32.DLL
0x00007fff0ca40000 - 0x00007fff0cd12000 	C:\Windows\System32\KERNELBASE.dll
0x00007fff0cf30000 - 0x00007fff0d030000 	C:\Windows\System32\ucrtbase.dll
0x00007ffef43a0000 - 0x00007ffef43b7000 	C:\Program Files\Android\Android Studio\jre\bin\VCRUNTIME140.dll
0x00007fff02820000 - 0x00007fff02839000 	C:\Program Files\Android\Android Studio\jre\bin\jli.dll
0x00007fff0f070000 - 0x00007fff0f211000 	C:\Windows\System32\USER32.dll
0x00007fff0c970000 - 0x00007fff0c992000 	C:\Windows\System32\win32u.dll
0x00007ffefd330000 - 0x00007ffefd5ca000 	C:\Windows\WinSxS\amd64_microsoft.windows.common-controls_6595b64144ccf1df_6.0.19041.1110_none_60b5254171f9507e\COMCTL32.dll
0x00007fff0e260000 - 0x00007fff0e28b000 	C:\Windows\System32\GDI32.dll
0x00007fff0d1b0000 - 0x00007fff0d2bf000 	C:\Windows\System32\gdi32full.dll
0x00007fff0e880000 - 0x00007fff0e91e000 	C:\Windows\System32\msvcrt.dll
0x00007fff0d080000 - 0x00007fff0d11d000 	C:\Windows\System32\msvcp_win.dll
0x00007fff0db60000 - 0x00007fff0db90000 	C:\Windows\System32\IMM32.DLL
0x00007ffee32d0000 - 0x00007ffee336d000 	C:\Program Files\Android\Android Studio\jre\bin\msvcp140.dll
0x00007ffea6040000 - 0x00007ffea6b42000 	C:\Program Files\Android\Android Studio\jre\bin\server\jvm.dll
0x00007fff0d2c0000 - 0x00007fff0d36e000 	C:\Windows\System32\ADVAPI32.dll
0x00007fff0d3d0000 - 0x00007fff0d46c000 	C:\Windows\System32\sechost.dll
0x00007fff0dcc0000 - 0x00007fff0dde4000 	C:\Windows\System32\RPCRT4.dll
0x00007fff0d540000 - 0x00007fff0d548000 	C:\Windows\System32\PSAPI.DLL
0x00007fff04340000 - 0x00007fff04349000 	C:\Windows\SYSTEM32\WSOCK32.dll
0x00007fff0d870000 - 0x00007fff0d8db000 	C:\Windows\System32\WS2_32.dll
0x00007ffeff660000 - 0x00007ffeff687000 	C:\Windows\SYSTEM32\WINMM.dll
0x00007fff07a30000 - 0x00007fff07a3a000 	C:\Windows\SYSTEM32\VERSION.dll
0x00007fff0a7f0000 - 0x00007fff0a802000 	C:\Windows\SYSTEM32\kernel.appcore.dll
0x00007ffef4450000 - 0x00007ffef4461000 	C:\Program Files\Android\Android Studio\jre\bin\verify.dll
0x00007fff064f0000 - 0x00007fff066d4000 	C:\Windows\SYSTEM32\DBGHELP.DLL
0x00007fff062c0000 - 0x00007fff062f5000 	C:\Windows\SYSTEM32\dbgcore.DLL
0x00007fff0d120000 - 0x00007fff0d1a2000 	C:\Windows\System32\bcryptPrimitives.dll
0x00007ffef4260000 - 0x00007ffef4289000 	C:\Program Files\Android\Android Studio\jre\bin\java.dll
0x00007ffefd6b0000 - 0x00007ffefd6bb000 	C:\Program Files\Android\Android Studio\jre\bin\jimage.dll
0x00007ffef43f0000 - 0x00007ffef4408000 	C:\Program Files\Android\Android Studio\jre\bin\zip.dll
0x00007fff0e920000 - 0x00007fff0f065000 	C:\Windows\System32\SHELL32.dll
0x00007fff0a9f0000 - 0x00007fff0b182000 	C:\Windows\SYSTEM32\windows.storage.dll
0x00007fff0e410000 - 0x00007fff0e765000 	C:\Windows\System32\combase.dll
0x00007fff0c360000 - 0x00007fff0c390000 	C:\Windows\SYSTEM32\Wldp.dll
0x00007fff0dab0000 - 0x00007fff0db5d000 	C:\Windows\System32\SHCORE.dll
0x00007fff0e3b0000 - 0x00007fff0e405000 	C:\Windows\System32\shlwapi.dll
0x00007fff0c8b0000 - 0x00007fff0c8cf000 	C:\Windows\SYSTEM32\profapi.dll
0x00007ffee7e80000 - 0x00007ffee7e9a000 	C:\Program Files\Android\Android Studio\jre\bin\net.dll
0x00007fff03fb0000 - 0x00007fff040ba000 	C:\Windows\SYSTEM32\WINHTTP.dll
0x00007fff0c0c0000 - 0x00007fff0c12a000 	C:\Windows\system32\mswsock.dll
0x00007ffee7e60000 - 0x00007ffee7e74000 	C:\Program Files\Android\Android Studio\jre\bin\nio.dll
0x00007ffebc9a0000 - 0x00007ffebc9c7000 	C:\Users\IBRAR\.gradle\native\e1d6ef7f7dcc3fd88c89a11ec53ec762bb8ba0a96d01ffa2cd45eb1d1d8dd5c5\windows-amd64\native-platform.dll
0x00007ffee1790000 - 0x00007ffee18d4000 	C:\Users\IBRAR\.gradle\native\0d407fdbe67a94daf76414ababcb853783967236a71b16ec16e742cd7a986fd3\windows-amd64\native-platform-file-events.dll
0x00007ffef5e80000 - 0x00007ffef5e8a000 	C:\Program Files\Android\Android Studio\jre\bin\management.dll
0x00007ffeeb5c0000 - 0x00007ffeeb5cd000 	C:\Program Files\Android\Android Studio\jre\bin\management_ext.dll
0x00007fff0c2b0000 - 0x00007fff0c2c8000 	C:\Windows\SYSTEM32\CRYPTSP.dll
0x00007fff0b930000 - 0x00007fff0b964000 	C:\Windows\system32\rsaenh.dll
0x00007fff0ca10000 - 0x00007fff0ca37000 	C:\Windows\System32\bcrypt.dll
0x00007fff0c870000 - 0x00007fff0c89e000 	C:\Windows\SYSTEM32\USERENV.dll
0x00007fff0c2d0000 - 0x00007fff0c2dc000 	C:\Windows\SYSTEM32\CRYPTBASE.dll
0x00007fff0bd40000 - 0x00007fff0bd7b000 	C:\Windows\SYSTEM32\IPHLPAPI.DLL
0x00007fff0f220000 - 0x00007fff0f228000 	C:\Windows\System32\NSI.dll
0x00007fff04ab0000 - 0x00007fff04ac7000 	C:\Windows\SYSTEM32\dhcpcsvc6.DLL
0x00007fff04fa0000 - 0x00007fff04fbd000 	C:\Windows\SYSTEM32\dhcpcsvc.DLL
0x00007fff0bd80000 - 0x00007fff0be4b000 	C:\Windows\SYSTEM32\DNSAPI.dll

dbghelp: loaded successfully - version: 4.0.5 - missing functions: none
symbol engine: initialized successfully - sym options: 0x614 - pdb path: .;C:\Program Files\Android\Android Studio\jre\bin;C:\Windows\SYSTEM32;C:\Windows\WinSxS\amd64_microsoft.windows.common-controls_6595b64144ccf1df_6.0.19041.1110_none_60b5254171f9507e;C:\Program Files\Android\Android Studio\jre\bin\server;C:\Users\IBRAR\.gradle\native\e1d6ef7f7dcc3fd88c89a11ec53ec762bb8ba0a96d01ffa2cd45eb1d1d8dd5c5\windows-amd64;C:\Users\IBRAR\.gradle\native\0d407fdbe67a94daf76414ababcb853783967236a71b16ec16e742cd7a986fd3\windows-amd64

VM Arguments:
jvm_args: --add-opens=java.base/java.util=ALL-UNNAMED --add-opens=java.base/java.lang=ALL-UNNAMED --add-opens=java.base/java.lang.invoke=ALL-UNNAMED --add-opens=java.base/java.util=ALL-UNNAMED --add-opens=java.prefs/java.util.prefs=ALL-UNNAMED --add-opens=java.prefs/java.util.prefs=ALL-UNNAMED --add-opens=java.base/java.nio.charset=ALL-UNNAMED --add-opens=java.base/java.net=ALL-UNNAMED --add-opens=java.base/java.util.concurrent.atomic=ALL-UNNAMED -Xmx2048m -Dfile.encoding=UTF-8 -Duser.country=US -Duser.language=en -Duser.variant 
java_command: org.gradle.launcher.daemon.bootstrap.GradleDaemon 7.4
java_class_path (initial): C:\Users\IBRAR\.gradle\wrapper\dists\gradle-7.4-bin\c0gwcg53nkjbqw7r0h0umtfvt\gradle-7.4\lib\gradle-launcher-7.4.jar
Launcher Type: SUN_STANDARD

[Global flags]
     intx CICompilerCount                          = 3                                         {product} {ergonomic}
     uint ConcGCThreads                            = 1                                         {product} {ergonomic}
     uint G1ConcRefinementThreads                  = 4                                         {product} {ergonomic}
   size_t G1HeapRegionSize                         = 1048576                                   {product} {ergonomic}
    uintx GCDrainStackTargetSize                   = 64                                        {product} {ergonomic}
   size_t InitialHeapSize                          = 199229440                                 {product} {ergonomic}
   size_t MarkStackSize                            = 4194304                                   {product} {ergonomic}
   size_t MaxHeapSize                              = 2147483648                                {product} {command line}
   size_t MaxNewSize                               = 1287651328                                {product} {ergonomic}
   size_t MinHeapDeltaBytes                        = 1048576                                   {product} {ergonomic}
    uintx NonNMethodCodeHeapSize                   = 5830732                                {pd product} {ergonomic}
    uintx NonProfiledCodeHeapSize                  = 122913754                              {pd product} {ergonomic}
    uintx ProfiledCodeHeapSize                     = 122913754                              {pd product} {ergonomic}
    uintx ReservedCodeCacheSize                    = 251658240                              {pd product} {ergonomic}
     bool SegmentedCodeCache                       = true                                      {product} {ergonomic}
     bool UseCompressedClassPointers               = true                                 {lp64_product} {ergonomic}
     bool UseCompressedOops                        = true                                 {lp64_product} {ergonomic}
     bool UseG1GC                                  = true                                      {product} {ergonomic}
     bool UseLargePagesIndividualAllocation        = false                                  {pd product} {ergonomic}

Logging:
Log output configuration:
 #0: stdout all=warning uptime,level,tags
 #1: stderr all=off uptime,level,tags

Environment Variables:
PATH=C:\ProgramData\Oracle\Java\javapath;C:\Program Files\Common Files\Oracle\Java\javapath;C:\Windows\system32;C:\Windows;C:\Windows\System32\Wbem;C:\Windows\System32\WindowsPowerShell\v1.0\;C:\Windows\System32\OpenSSH\;C:\Program Files\Git\cmd;C:\laragon\bin\php\php-7.4.19-Win32-vc15-x64;D:\laragon\bin\php\php-7.4.19-Win32-vc15-x64;C:\Program Files\Java\jdk-18.0.2.1\bin;C:\Program Files (x86)\Microsoft VS Code\bin;C:\composer;C:\laragon\bin;C:\laragon\bin\apache\httpd-2.4.47-win64-VS16\bin;C:\laragon\bin\composer;C:\laragon\bin\git\bin;C:\laragon\bin\git\cmd;C:\laragon\bin\git\mingw64\bin;C:\laragon\bin\git\usr\bin;C:\laragon\bin\laragon\utils;C:\laragon\bin\mysql\mysql-5.7.33-winx64\bin;C:\laragon\bin\nginx\nginx-1.19.10;C:\laragon\bin\ngrok;C:\laragon\bin\nodejs\node-v14;C:\laragon\bin\notepad++;C:\laragon\bin\php\php-7.4.19-Win32-vc15-x64;C:\laragon\bin\redis\redis-x64-3.2.100;C:\laragon\bin\telnet;C:\laragon\usr\bin;C:\Users\IBRAR\AppData\Local\Yarn\config\global\node_modules\.bin;C:\Users\IBRAR\AppData\Roaming\npm;C:\Users\IBRAR\AppData\Local\Microsoft\WindowsApps;D:\Android\flutter\bin;C:\Users\IBRAR\AppData\Local\Android\Sdk\cmdline-tools\latest\bin;C:\Users\IBRAR\AppData\Local\Pub\Cache\bin;C:\Users\IBRAR\AppData\Roaming\Composer\vendor\bin;D:\Android\flutter\bin\cache\dart-sdk;D:\Android\flutter\.pub-cache\bin;C:\Users\IBRAR\AppData\Local\Programs\Microsoft VS Code\bin;C:\Users\IBRAR\AppData\Local\Android\Sdk
USERNAME=IBRAR
OS=Windows_NT
PROCESSOR_IDENTIFIER=Intel64 Family 6 Model 142 Stepping 12, GenuineIntel



---------------  S Y S T E M  ---------------

OS: Windows 10 , 64 bit Build 19041 (10.0.19041.2546)
OS uptime: 0 days 8:19 hours
Hyper-V role detected

CPU:total 4 (initial active 4) (2 cores per cpu, 2 threads per core) family 6 model 142 stepping 12 microcode 0xec, cmov, cx8, fxsr, mmx, sse, sse2, sse3, ssse3, sse4.1, sse4.2, popcnt, avx, avx2, aes, clmul, erms, 3dnowpref, lzcnt, ht, tsc, tscinvbit, bmi1, bmi2, adx, fma

Memory: 4k page, system-wide physical 12122M (436M free)
TotalPageFile size 12122M (AvailPageFile size 6M)
current process WorkingSet (physical memory assigned to process): 407M, peak: 409M
current process commit charge ("private bytes"): 469M, peak: 471M

vm_info: OpenJDK 64-Bit Server VM (11.0.13+0-b1751.21-8125866) for windows-amd64 JRE (11.0.13+0-b1751.21-8125866), built on Feb  2 2022 03:00:22 by "builder" with MS VC++ 14.0 (VS2015)

END.
