#
# There is insufficient memory for the Java Runtime Environment to continue.
# Native memory allocation (malloc) failed to allocate 792176 bytes for Chunk::new
# Possible reasons:
#   The system is out of physical RAM or swap space
#   The process is running with CompressedOops enabled, and the Java Heap may be blocking the growth of the native heap
# Possible solutions:
#   Reduce memory load on the system
#   Increase physical memory or swap space
#   Check if swap backing store is full
#   Decrease Java heap size (-Xmx/-Xms)
#   Decrease number of Java threads
#   Decrease Java thread stack sizes (-Xss)
#   Set larger code cache with -XX:ReservedCodeCacheSize=
#   JVM is running with Unscaled Compressed Oops mode in which the Java heap is
#     placed in the first 4GB address space. The Java Heap base address is the
#     maximum limit for the native heap growth. Please use -XX:HeapBaseMinAddress
#     to set the Java Heap base and to place the Java Heap above 4GB virtual address.
# This output file may be truncated or incomplete.
#
#  Out of Memory Error (./src/hotspot/share/memory/arena.cpp:197), pid=12192, tid=4924
#
# JRE version: OpenJDK Runtime Environment (11.0.13) (build 11.0.13+0-b1751.21-8125866)
# Java VM: OpenJDK 64-Bit Server VM (11.0.13+0-b1751.21-8125866, mixed mode, tiered, compressed oops, g1 gc, windows-amd64)
# No core dump will be written. Minidumps are not enabled by default on client versions of Windows
#

---------------  S U M M A R Y ------------

Command Line: --add-opens=java.base/java.util=ALL-UNNAMED --add-opens=java.base/java.lang=ALL-UNNAMED --add-opens=java.base/java.lang.invoke=ALL-UNNAMED --add-opens=java.base/java.util=ALL-UNNAMED --add-opens=java.prefs/java.util.prefs=ALL-UNNAMED --add-opens=java.prefs/java.util.prefs=ALL-UNNAMED --add-opens=java.base/java.nio.charset=ALL-UNNAMED --add-opens=java.base/java.net=ALL-UNNAMED --add-opens=java.base/java.util.concurrent.atomic=ALL-UNNAMED -Xmx2048m -Dfile.encoding=UTF-8 -Duser.country=US -Duser.language=en -Duser.variant org.gradle.launcher.daemon.bootstrap.GradleDaemon 7.4

Host: Intel(R) Core(TM) i3-10110U CPU @ 2.10GHz, 4 cores, 11G,  Windows 10 , 64 bit Build 19041 (10.0.19041.2546)
Time: Fri Mar 24 00:13:36 2023 SE Asia Standard Time elapsed time: 24.293358 seconds (0d 0h 0m 24s)

---------------  T H R E A D  ---------------

Current thread (0x00000216caf4e000):  JavaThread "C2 CompilerThread0" daemon [_thread_in_native, id=4924, stack(0x000000883f800000,0x000000883f900000)]


Current CompileTask:
C2:  24293 7466       4       java.lang.Class::getMethod (59 bytes)

Stack: [0x000000883f800000,0x000000883f900000]
Native frames: (J=compiled Java code, j=interpreted, Vv=VM code, C=native code)
V  [jvm.dll+0x6100fa]
V  [jvm.dll+0x747090]
V  [jvm.dll+0x7486ad]
V  [jvm.dll+0x748d83]
V  [jvm.dll+0x24ab48]
V  [jvm.dll+0xc04dc]
V  [jvm.dll+0xc0a0c]
V  [jvm.dll+0x35eb5b]
V  [jvm.dll+0x32b833]
V  [jvm.dll+0x32ad2a]
V  [jvm.dll+0x2032b2]
V  [jvm.dll+0x202437]
V  [jvm.dll+0x188e01]
V  [jvm.dll+0x21106b]
V  [jvm.dll+0x20f8c1]
V  [jvm.dll+0x70de0f]
V  [jvm.dll+0x706a75]
V  [jvm.dll+0x60ed66]
C  [ucrtbase.dll+0x21bb2]
C  [KERNEL32.DLL+0x17614]
C  [ntdll.dll+0x526a1]


---------------  P R O C E S S  ---------------

Threads class SMR info:
_java_thread_list=0x00000216d1077110, length=78, elements={
0x00000216b02dc000, 0x00000216ca6d0000, 0x00000216ca6d1800, 0x00000216caf45800,
0x00000216caf46800, 0x00000216caf4a800, 0x00000216caf4e000, 0x00000216caf4f000,
0x00000216ca6ec800, 0x00000216cb0a5800, 0x00000216cdd99800, 0x00000216cc2c8000,
0x00000216cea7c800, 0x00000216cc105800, 0x00000216cd0d3000, 0x00000216cd35c800,
0x00000216cb9b9800, 0x00000216cd159800, 0x00000216cd693000, 0x00000216cdc2e800,
0x00000216cd165800, 0x00000216cd166800, 0x00000216cd164000, 0x00000216cd165000,
0x00000216cd168000, 0x00000216cd169000, 0x00000216cd167800, 0x00000216cd163000,
0x00000216cd169800, 0x00000216cc577800, 0x00000216cc57a000, 0x00000216cc577000,
0x00000216cc576000, 0x00000216cc57f000, 0x00000216cc57d800, 0x00000216cc581800,
0x00000216cc580800, 0x00000216cc57b800, 0x00000216cc580000, 0x00000216cc57e000,
0x00000216cc582800, 0x00000216cc57c800, 0x00000216cc583000, 0x00000216cebe4800,
0x00000216cebe9000, 0x00000216cebe8800, 0x00000216cebe5000, 0x00000216cebea000,
0x00000216cebeb000, 0x00000216cebeb800, 0x00000216cebe7800, 0x00000216cebe6000,
0x00000216cebec800, 0x00000216cebe6800, 0x00000216cebf1800, 0x00000216cebef800,
0x00000216cebef000, 0x00000216cebf2000, 0x00000216cebf0800, 0x00000216cebf3000,
0x00000216cebed000, 0x00000216cebee000, 0x00000216d13f4800, 0x00000216d13f7000,
0x00000216d13f5800, 0x00000216d13f6000, 0x00000216d13f8000, 0x00000216d13f4000,
0x00000216d13f2000, 0x00000216d13f8800, 0x00000216d13f3000, 0x00000216d13f9800,
0x00000216d13fd000, 0x00000216d13ff000, 0x00000216d13fd800, 0x00000216d13fa800,
0x00000216d13fc000, 0x00000216d13fe800
}

Java Threads: ( => current thread )
  0x00000216b02dc000 JavaThread "main" [_thread_blocked, id=4224, stack(0x000000883ec00000,0x000000883ed00000)]
  0x00000216ca6d0000 JavaThread "Reference Handler" daemon [_thread_blocked, id=3160, stack(0x000000883f300000,0x000000883f400000)]
  0x00000216ca6d1800 JavaThread "Finalizer" daemon [_thread_blocked, id=11012, stack(0x000000883f400000,0x000000883f500000)]
  0x00000216caf45800 JavaThread "Signal Dispatcher" daemon [_thread_blocked, id=4500, stack(0x000000883f500000,0x000000883f600000)]
  0x00000216caf46800 JavaThread "Attach Listener" daemon [_thread_blocked, id=2700, stack(0x000000883f600000,0x000000883f700000)]
  0x00000216caf4a800 JavaThread "Service Thread" daemon [_thread_blocked, id=11384, stack(0x000000883f700000,0x000000883f800000)]
=>0x00000216caf4e000 JavaThread "C2 CompilerThread0" daemon [_thread_in_native, id=4924, stack(0x000000883f800000,0x000000883f900000)]
  0x00000216caf4f000 JavaThread "C1 CompilerThread0" daemon [_thread_blocked, id=10020, stack(0x000000883f900000,0x000000883fa00000)]
  0x00000216ca6ec800 JavaThread "Sweeper thread" daemon [_thread_blocked, id=2240, stack(0x000000883fa00000,0x000000883fb00000)]
  0x00000216cb0a5800 JavaThread "Common-Cleaner" daemon [_thread_blocked, id=9512, stack(0x000000883fb00000,0x000000883fc00000)]
  0x00000216cdd99800 JavaThread "Daemon health stats" [_thread_blocked, id=5520, stack(0x0000008840100000,0x0000008840200000)]
  0x00000216cc2c8000 JavaThread "Incoming local TCP Connector on port 52949" [_thread_in_native, id=3780, stack(0x000000883fd00000,0x000000883fe00000)]
  0x00000216cea7c800 JavaThread "Daemon periodic checks" [_thread_blocked, id=2912, stack(0x0000008840200000,0x0000008840300000)]
  0x00000216cc105800 JavaThread "Daemon" [_thread_blocked, id=3148, stack(0x0000008840300000,0x0000008840400000)]
  0x00000216cd0d3000 JavaThread "Handler for socket connection from /127.0.0.1:52949 to /127.0.0.1:52950" [_thread_in_native, id=3236, stack(0x0000008840400000,0x0000008840500000)]
  0x00000216cd35c800 JavaThread "Cancel handler" [_thread_blocked, id=9180, stack(0x0000008840500000,0x0000008840600000)]
  0x00000216cb9b9800 JavaThread "Daemon worker" [_thread_in_vm, id=10056, stack(0x0000008840600000,0x0000008840700000)]
  0x00000216cd159800 JavaThread "Asynchronous log dispatcher for DefaultDaemonConnection: socket connection from /127.0.0.1:52949 to /127.0.0.1:52950" [_thread_blocked, id=1588, stack(0x0000008840800000,0x0000008840900000)]
  0x00000216cd693000 JavaThread "Stdin handler" [_thread_blocked, id=2260, stack(0x0000008840900000,0x0000008840a00000)]
  0x00000216cdc2e800 JavaThread "Daemon client event forwarder" [_thread_blocked, id=9320, stack(0x0000008840a00000,0x0000008840b00000)]
  0x00000216cd165800 JavaThread "Cache worker for journal cache (C:\Users\IBRAR\.gradle\caches\journal-1)" [_thread_blocked, id=7912, stack(0x0000008840700000,0x0000008840800000)]
  0x00000216cd166800 JavaThread "File lock request listener" [_thread_in_native, id=1184, stack(0x0000008840b00000,0x0000008840c00000)]
  0x00000216cd164000 JavaThread "Cache worker for file hash cache (C:\Users\IBRAR\.gradle\caches\7.4\fileHashes)" [_thread_blocked, id=11660, stack(0x0000008840c00000,0x0000008840d00000)]
  0x00000216cd165000 JavaThread "File watcher server" daemon [_thread_in_native, id=5072, stack(0x0000008840e00000,0x0000008840f00000)]
  0x00000216cd168000 JavaThread "File watcher consumer" daemon [_thread_blocked, id=7212, stack(0x0000008840f00000,0x0000008841000000)]
  0x00000216cd169000 JavaThread "Cache worker for checksums cache (D:\Kuliah\Semester 4\Praktikum\MOBILE\pertemuan1\.gradle\7.4\checksums)" [_thread_blocked, id=2900, stack(0x0000008841000000,0x0000008841100000)]
  0x00000216cd167800 JavaThread "Cache worker for cache directory md-rule (C:\Users\IBRAR\.gradle\caches\7.4\md-rule)" [_thread_blocked, id=8924, stack(0x0000008841100000,0x0000008841200000)]
  0x00000216cd163000 JavaThread "Cache worker for file hash cache (D:\Kuliah\Semester 4\Praktikum\MOBILE\pertemuan1\.gradle\7.4\fileHashes)" [_thread_blocked, id=2584, stack(0x0000008840d00000,0x0000008840e00000)]
  0x00000216cd169800 JavaThread "Cache worker for cache directory md-supplier (C:\Users\IBRAR\.gradle\caches\7.4\md-supplier)" [_thread_blocked, id=8080, stack(0x0000008841200000,0x0000008841300000)]
  0x00000216cc577800 JavaThread "Cache worker for execution history cache (C:\Users\IBRAR\.gradle\caches\7.4\executionHistory)" [_thread_blocked, id=7892, stack(0x0000008841400000,0x0000008841500000)]
  0x00000216cc57a000 JavaThread "jar transforms" [_thread_blocked, id=6532, stack(0x0000008841500000,0x0000008841600000)]
  0x00000216cc577000 JavaThread "Cache worker for file content cache (C:\Users\IBRAR\.gradle\caches\7.4\fileContent)" [_thread_blocked, id=5684, stack(0x0000008841600000,0x0000008841700000)]
  0x00000216cc576000 JavaThread "jar transforms Thread 2" [_thread_blocked, id=8132, stack(0x0000008841700000,0x0000008841800000)]
  0x00000216cc57f000 JavaThread "Cache worker for dependencies-accessors (D:\Kuliah\Semester 4\Praktikum\MOBILE\pertemuan1\.gradle\7.4\dependencies-accessors)" [_thread_blocked, id=1836, stack(0x0000008841800000,0x0000008841900000)]
  0x00000216cc57d800 JavaThread "jar transforms Thread 3" [_thread_blocked, id=3192, stack(0x0000008841900000,0x0000008841a00000)]
  0x00000216cc581800 JavaThread "Cache worker for Build Output Cleanup Cache (D:\Kuliah\Semester 4\Praktikum\MOBILE\pertemuan1\.gradle\buildOutputCleanup)" [_thread_blocked, id=8968, stack(0x0000008841a00000,0x0000008841b00000)]
  0x00000216cc580800 JavaThread "Unconstrained build operations" [_thread_blocked, id=5676, stack(0x0000008841b00000,0x0000008841c00000)]
  0x00000216cc57b800 JavaThread "Unconstrained build operations Thread 2" [_thread_blocked, id=7396, stack(0x0000008841c00000,0x0000008841d00000)]
  0x00000216cc580000 JavaThread "Unconstrained build operations Thread 3" [_thread_blocked, id=8740, stack(0x0000008841d00000,0x0000008841e00000)]
  0x00000216cc57e000 JavaThread "Unconstrained build operations Thread 4" [_thread_blocked, id=7272, stack(0x0000008841e00000,0x0000008841f00000)]
  0x00000216cc582800 JavaThread "Unconstrained build operations Thread 5" [_thread_blocked, id=11604, stack(0x0000008841f00000,0x0000008842000000)]
  0x00000216cc57c800 JavaThread "Unconstrained build operations Thread 6" [_thread_blocked, id=1764, stack(0x0000008842000000,0x0000008842100000)]
  0x00000216cc583000 JavaThread "Unconstrained build operations Thread 7" [_thread_blocked, id=11592, stack(0x0000008842100000,0x0000008842200000)]
  0x00000216cebe4800 JavaThread "Unconstrained build operations Thread 8" [_thread_blocked, id=11080, stack(0x0000008842200000,0x0000008842300000)]
  0x00000216cebe9000 JavaThread "Unconstrained build operations Thread 9" [_thread_blocked, id=11424, stack(0x0000008842300000,0x0000008842400000)]
  0x00000216cebe8800 JavaThread "Unconstrained build operations Thread 10" [_thread_blocked, id=9724, stack(0x0000008842400000,0x0000008842500000)]
  0x00000216cebe5000 JavaThread "Unconstrained build operations Thread 11" [_thread_blocked, id=11624, stack(0x0000008842500000,0x0000008842600000)]
  0x00000216cebea000 JavaThread "Unconstrained build operations Thread 12" [_thread_blocked, id=7308, stack(0x0000008842600000,0x0000008842700000)]
  0x00000216cebeb000 JavaThread "Unconstrained build operations Thread 13" [_thread_blocked, id=1120, stack(0x0000008842700000,0x0000008842800000)]
  0x00000216cebeb800 JavaThread "Unconstrained build operations Thread 14" [_thread_blocked, id=8720, stack(0x0000008842800000,0x0000008842900000)]
  0x00000216cebe7800 JavaThread "Unconstrained build operations Thread 15" [_thread_blocked, id=9836, stack(0x0000008842900000,0x0000008842a00000)]
  0x00000216cebe6000 JavaThread "Unconstrained build operations Thread 16" [_thread_blocked, id=2952, stack(0x0000008842a00000,0x0000008842b00000)]
  0x00000216cebec800 JavaThread "Unconstrained build operations Thread 17" [_thread_blocked, id=11072, stack(0x0000008842b00000,0x0000008842c00000)]
  0x00000216cebe6800 JavaThread "Unconstrained build operations Thread 18" [_thread_blocked, id=9076, stack(0x0000008842c00000,0x0000008842d00000)]
  0x00000216cebf1800 JavaThread "Unconstrained build operations Thread 19" [_thread_blocked, id=1700, stack(0x0000008842d00000,0x0000008842e00000)]
  0x00000216cebef800 JavaThread "Unconstrained build operations Thread 20" [_thread_blocked, id=772, stack(0x0000008842e00000,0x0000008842f00000)]
  0x00000216cebef000 JavaThread "Unconstrained build operations Thread 21" [_thread_blocked, id=3768, stack(0x0000008842f00000,0x0000008843000000)]
  0x00000216cebf2000 JavaThread "Unconstrained build operations Thread 22" [_thread_blocked, id=728, stack(0x0000008843000000,0x0000008843100000)]
  0x00000216cebf0800 JavaThread "Unconstrained build operations Thread 23" [_thread_blocked, id=9296, stack(0x0000008843100000,0x0000008843200000)]
  0x00000216cebf3000 JavaThread "Unconstrained build operations Thread 24" [_thread_blocked, id=1956, stack(0x0000008843200000,0x0000008843300000)]
  0x00000216cebed000 JavaThread "Unconstrained build operations Thread 25" [_thread_blocked, id=6224, stack(0x0000008843300000,0x0000008843400000)]
  0x00000216cebee000 JavaThread "Unconstrained build operations Thread 26" [_thread_blocked, id=1056, stack(0x0000008843400000,0x0000008843500000)]
  0x00000216d13f4800 JavaThread "Unconstrained build operations Thread 27" [_thread_blocked, id=10328, stack(0x0000008843500000,0x0000008843600000)]
  0x00000216d13f7000 JavaThread "Unconstrained build operations Thread 28" [_thread_blocked, id=12004, stack(0x0000008843600000,0x0000008843700000)]
  0x00000216d13f5800 JavaThread "Unconstrained build operations Thread 29" [_thread_blocked, id=5672, stack(0x0000008843700000,0x0000008843800000)]
  0x00000216d13f6000 JavaThread "Unconstrained build operations Thread 30" [_thread_blocked, id=4932, stack(0x0000008843800000,0x0000008843900000)]
  0x00000216d13f8000 JavaThread "Unconstrained build operations Thread 31" [_thread_blocked, id=9880, stack(0x0000008843900000,0x0000008843a00000)]
  0x00000216d13f4000 JavaThread "Unconstrained build operations Thread 32" [_thread_blocked, id=10980, stack(0x0000008843a00000,0x0000008843b00000)]
  0x00000216d13f2000 JavaThread "Unconstrained build operations Thread 33" [_thread_blocked, id=10920, stack(0x0000008843b00000,0x0000008843c00000)]
  0x00000216d13f8800 JavaThread "Unconstrained build operations Thread 34" [_thread_blocked, id=9224, stack(0x0000008843c00000,0x0000008843d00000)]
  0x00000216d13f3000 JavaThread "Unconstrained build operations Thread 35" [_thread_blocked, id=2460, stack(0x0000008843d00000,0x0000008843e00000)]
  0x00000216d13f9800 JavaThread "Unconstrained build operations Thread 36" [_thread_blocked, id=5420, stack(0x0000008843e00000,0x0000008843f00000)]
  0x00000216d13fd000 JavaThread "Unconstrained build operations Thread 37" [_thread_blocked, id=10408, stack(0x0000008843f00000,0x0000008844000000)]
  0x00000216d13ff000 JavaThread "Unconstrained build operations Thread 38" [_thread_blocked, id=7108, stack(0x0000008844000000,0x0000008844100000)]
  0x00000216d13fd800 JavaThread "Unconstrained build operations Thread 39" [_thread_blocked, id=6420, stack(0x0000008844100000,0x0000008844200000)]
  0x00000216d13fa800 JavaThread "Unconstrained build operations Thread 40" [_thread_blocked, id=7432, stack(0x0000008844200000,0x0000008844300000)]
  0x00000216d13fc000 JavaThread "jar transforms Thread 4" [_thread_blocked, id=9468, stack(0x0000008844300000,0x0000008844400000)]
  0x00000216d13fe800 JavaThread "Memory manager" [_thread_blocked, id=8464, stack(0x0000008844400000,0x0000008844500000)]

Other Threads:
  0x00000216caef3800 VMThread "VM Thread" [stack: 0x000000883f200000,0x000000883f300000] [id=7572]
  0x00000216cb0c8800 WatcherThread [stack: 0x000000883fc00000,0x000000883fd00000] [id=3668]
  0x00000216b02f6800 GCTaskThread "GC Thread#0" [stack: 0x000000883ed00000,0x000000883ee00000] [id=5932]
  0x00000216cb87f000 GCTaskThread "GC Thread#1" [stack: 0x000000883fe00000,0x000000883ff00000] [id=7656]
  0x00000216cb8ae000 GCTaskThread "GC Thread#2" [stack: 0x000000883ff00000,0x0000008840000000] [id=2016]
  0x00000216cbce5800 GCTaskThread "GC Thread#3" [stack: 0x0000008840000000,0x0000008840100000] [id=2088]
  0x00000216b0325800 ConcurrentGCThread "G1 Main Marker" [stack: 0x000000883ee00000,0x000000883ef00000] [id=6716]
  0x00000216b0327000 ConcurrentGCThread "G1 Conc#0" [stack: 0x000000883ef00000,0x000000883f000000] [id=12032]
  0x00000216ca520800 ConcurrentGCThread "G1 Refine#0" [stack: 0x000000883f000000,0x000000883f100000] [id=6456]
  0x00000216ca521000 ConcurrentGCThread "G1 Young RemSet Sampling" [stack: 0x000000883f100000,0x000000883f200000] [id=9048]

Threads with active compile tasks:
C2 CompilerThread0  24328 7466       4       java.lang.Class::getMethod (59 bytes)

VM state:not at safepoint (normal execution)

VM Mutex/Monitor currently owned by a thread: None

Heap address: 0x0000000080000000, size: 2048 MB, Compressed Oops mode: 32-bit
Narrow klass base: 0x0000000000000000, Narrow klass shift: 3
Compressed class space size: 1073741824 Address: 0x0000000100000000

Heap:
 garbage-first heap   total 194560K, used 119425K [0x0000000080000000, 0x0000000100000000)
  region size 1024K, 67 young (68608K), 6 survivors (6144K)
 Metaspace       used 76600K, capacity 78312K, committed 78544K, reserved 1118208K
  class space    used 9958K, capacity 10632K, committed 10752K, reserved 1048576K
Heap Regions: E=young(eden), S=young(survivor), O=old, HS=humongous(starts), HC=humongous(continues), CS=collection set, F=free, A=archive, TAMS=top-at-mark-start (previous, next)
|   0|0x0000000080000000, 0x0000000080100000, 0x0000000080100000|100%|HS|  |TAMS 0x0000000080100000, 0x0000000080000000| Complete 
|   1|0x0000000080100000, 0x0000000080200000, 0x0000000080200000|100%|HC|  |TAMS 0x0000000080200000, 0x0000000080100000| Complete 
|   2|0x0000000080200000, 0x0000000080300000, 0x0000000080300000|100%|HC|  |TAMS 0x0000000080300000, 0x0000000080200000| Complete 
|   3|0x0000000080300000, 0x0000000080400000, 0x0000000080400000|100%| O|  |TAMS 0x0000000080400000, 0x0000000080300000| Untracked 
|   4|0x0000000080400000, 0x0000000080500000, 0x0000000080500000|100%| O|  |TAMS 0x0000000080500000, 0x0000000080400000| Untracked 
|   5|0x0000000080500000, 0x0000000080600000, 0x0000000080600000|100%| O|  |TAMS 0x0000000080600000, 0x0000000080500000| Untracked 
|   6|0x0000000080600000, 0x0000000080700000, 0x0000000080700000|100%| O|  |TAMS 0x0000000080700000, 0x0000000080600000| Untracked 
|   7|0x0000000080700000, 0x0000000080800000, 0x0000000080800000|100%| O|  |TAMS 0x0000000080800000, 0x0000000080700000| Untracked 
|   8|0x0000000080800000, 0x0000000080900000, 0x0000000080900000|100%| O|  |TAMS 0x0000000080900000, 0x0000000080800000| Untracked 
|   9|0x0000000080900000, 0x0000000080a00000, 0x0000000080a00000|100%| O|  |TAMS 0x0000000080a00000, 0x0000000080900000| Untracked 
|  10|0x0000000080a00000, 0x0000000080b00000, 0x0000000080b00000|100%| O|  |TAMS 0x0000000080b00000, 0x0000000080a00000| Untracked 
|  11|0x0000000080b00000, 0x0000000080c00000, 0x0000000080c00000|100%| O|  |TAMS 0x0000000080c00000, 0x0000000080b00000| Untracked 
|  12|0x0000000080c00000, 0x0000000080d00000, 0x0000000080d00000|100%| O|  |TAMS 0x0000000080d00000, 0x0000000080c00000| Untracked 
|  13|0x0000000080d00000, 0x0000000080e00000, 0x0000000080e00000|100%| O|  |TAMS 0x0000000080e00000, 0x0000000080d00000| Untracked 
|  14|0x0000000080e00000, 0x0000000080f00000, 0x0000000080f00000|100%|HS|  |TAMS 0x0000000080f00000, 0x0000000080e00000| Complete 
|  15|0x0000000080f00000, 0x0000000081000000, 0x0000000081000000|100%|HS|  |TAMS 0x0000000081000000, 0x0000000080f00000| Complete 
|  16|0x0000000081000000, 0x0000000081100000, 0x0000000081100000|100%| O|  |TAMS 0x0000000081100000, 0x0000000081000000| Untracked 
|  17|0x0000000081100000, 0x0000000081200000, 0x0000000081200000|100%| O|  |TAMS 0x0000000081200000, 0x0000000081100000| Untracked 
|  18|0x0000000081200000, 0x0000000081300000, 0x0000000081300000|100%| O|  |TAMS 0x0000000081300000, 0x0000000081200000| Untracked 
|  19|0x0000000081300000, 0x0000000081400000, 0x0000000081400000|100%| O|  |TAMS 0x0000000081400000, 0x0000000081300000| Untracked 
|  20|0x0000000081400000, 0x0000000081500000, 0x0000000081500000|100%| O|  |TAMS 0x0000000081500000, 0x0000000081400000| Untracked 
|  21|0x0000000081500000, 0x0000000081600000, 0x0000000081600000|100%|HS|  |TAMS 0x0000000081600000, 0x0000000081500000| Complete 
|  22|0x0000000081600000, 0x0000000081700000, 0x0000000081700000|100%|HC|  |TAMS 0x0000000081700000, 0x0000000081600000| Complete 
|  23|0x0000000081700000, 0x0000000081800000, 0x0000000081800000|100%| O|  |TAMS 0x0000000081800000, 0x0000000081700000| Untracked 
|  24|0x0000000081800000, 0x0000000081900000, 0x0000000081900000|100%| O|  |TAMS 0x0000000081900000, 0x0000000081800000| Untracked 
|  25|0x0000000081900000, 0x0000000081a00000, 0x0000000081a00000|100%| O|  |TAMS 0x0000000081a00000, 0x0000000081900000| Untracked 
|  26|0x0000000081a00000, 0x0000000081b00000, 0x0000000081b00000|100%| O|  |TAMS 0x0000000081b00000, 0x0000000081a00000| Untracked 
|  27|0x0000000081b00000, 0x0000000081c00000, 0x0000000081c00000|100%| O|  |TAMS 0x0000000081c00000, 0x0000000081b00000| Untracked 
|  28|0x0000000081c00000, 0x0000000081d00000, 0x0000000081d00000|100%| O|  |TAMS 0x0000000081d00000, 0x0000000081c00000| Untracked 
|  29|0x0000000081d00000, 0x0000000081e00000, 0x0000000081e00000|100%| O|  |TAMS 0x0000000081e00000, 0x0000000081d00000| Untracked 
|  30|0x0000000081e00000, 0x0000000081f00000, 0x0000000081f00000|100%| O|  |TAMS 0x0000000081f00000, 0x0000000081e00000| Untracked 
|  31|0x0000000081f00000, 0x0000000082000000, 0x0000000082000000|100%| O|  |TAMS 0x0000000082000000, 0x0000000081f00000| Untracked 
|  32|0x0000000082000000, 0x0000000082100000, 0x0000000082100000|100%| O|  |TAMS 0x0000000082100000, 0x0000000082000000| Untracked 
|  33|0x0000000082100000, 0x0000000082200000, 0x0000000082200000|100%| O|  |TAMS 0x0000000082200000, 0x0000000082100000| Untracked 
|  34|0x0000000082200000, 0x0000000082300000, 0x0000000082300000|100%| O|  |TAMS 0x0000000082300000, 0x0000000082200000| Untracked 
|  35|0x0000000082300000, 0x0000000082400000, 0x0000000082400000|100%| O|  |TAMS 0x0000000082400000, 0x0000000082300000| Untracked 
|  36|0x0000000082400000, 0x0000000082500000, 0x0000000082500000|100%| O|  |TAMS 0x0000000082500000, 0x0000000082400000| Untracked 
|  37|0x0000000082500000, 0x0000000082600000, 0x0000000082600000|100%| O|  |TAMS 0x0000000082600000, 0x0000000082500000| Untracked 
|  38|0x0000000082600000, 0x0000000082700000, 0x0000000082700000|100%| O|  |TAMS 0x0000000082700000, 0x0000000082600000| Untracked 
|  39|0x0000000082700000, 0x0000000082800000, 0x0000000082800000|100%| O|  |TAMS 0x0000000082800000, 0x0000000082700000| Untracked 
|  40|0x0000000082800000, 0x0000000082900000, 0x0000000082900000|100%| O|  |TAMS 0x0000000082900000, 0x0000000082800000| Untracked 
|  41|0x0000000082900000, 0x0000000082a00000, 0x0000000082a00000|100%| O|  |TAMS 0x00000000829c4e00, 0x0000000082900000| Untracked 
|  42|0x0000000082a00000, 0x0000000082b00000, 0x0000000082b00000|100%| O|  |TAMS 0x0000000082a00000, 0x0000000082a00000| Untracked 
|  43|0x0000000082b00000, 0x0000000082c00000, 0x0000000082c00000|100%| O|  |TAMS 0x0000000082b00000, 0x0000000082b00000| Untracked 
|  44|0x0000000082c00000, 0x0000000082d00000, 0x0000000082d00000|100%| O|  |TAMS 0x0000000082c00000, 0x0000000082c00000| Untracked 
|  45|0x0000000082d00000, 0x0000000082e00000, 0x0000000082e00000|100%| O|  |TAMS 0x0000000082d00000, 0x0000000082d00000| Untracked 
|  46|0x0000000082e00000, 0x0000000082f00000, 0x0000000082f00000|100%| O|  |TAMS 0x0000000082e00000, 0x0000000082e00000| Untracked 
|  47|0x0000000082f00000, 0x0000000083000000, 0x0000000083000000|100%| O|  |TAMS 0x0000000082f00000, 0x0000000082f00000| Untracked 
|  48|0x0000000083000000, 0x0000000083100000, 0x0000000083100000|100%| O|  |TAMS 0x0000000083000000, 0x0000000083000000| Untracked 
|  49|0x0000000083100000, 0x0000000083200000, 0x0000000083200000|100%| O|  |TAMS 0x0000000083100000, 0x0000000083100000| Untracked 
|  50|0x0000000083200000, 0x00000000832a0400, 0x0000000083300000| 62%| O|  |TAMS 0x0000000083200000, 0x0000000083200000| Untracked 
|  51|0x0000000083300000, 0x0000000083300000, 0x0000000083400000|  0%| F|  |TAMS 0x0000000083300000, 0x0000000083300000| Untracked 
|  52|0x0000000083400000, 0x0000000083400000, 0x0000000083500000|  0%| F|  |TAMS 0x0000000083400000, 0x0000000083400000| Untracked 
|  53|0x0000000083500000, 0x0000000083500000, 0x0000000083600000|  0%| F|  |TAMS 0x0000000083500000, 0x0000000083500000| Untracked 
|  54|0x0000000083600000, 0x0000000083600000, 0x0000000083700000|  0%| F|  |TAMS 0x0000000083600000, 0x0000000083600000| Untracked 
|  55|0x0000000083700000, 0x0000000083700000, 0x0000000083800000|  0%| F|  |TAMS 0x0000000083700000, 0x0000000083700000| Untracked 
|  56|0x0000000083800000, 0x0000000083800000, 0x0000000083900000|  0%| F|  |TAMS 0x0000000083800000, 0x0000000083800000| Untracked 
|  57|0x0000000083900000, 0x0000000083900000, 0x0000000083a00000|  0%| F|  |TAMS 0x0000000083900000, 0x0000000083900000| Untracked 
|  58|0x0000000083a00000, 0x0000000083a00000, 0x0000000083b00000|  0%| F|  |TAMS 0x0000000083a00000, 0x0000000083a00000| Untracked 
|  59|0x0000000083b00000, 0x0000000083b00000, 0x0000000083c00000|  0%| F|  |TAMS 0x0000000083b00000, 0x0000000083b00000| Untracked 
|  60|0x0000000083c00000, 0x0000000083c00000, 0x0000000083d00000|  0%| F|  |TAMS 0x0000000083c00000, 0x0000000083c00000| Untracked 
|  61|0x0000000083d00000, 0x0000000083d00000, 0x0000000083e00000|  0%| F|  |TAMS 0x0000000083d00000, 0x0000000083d00000| Untracked 
|  62|0x0000000083e00000, 0x0000000083e00000, 0x0000000083f00000|  0%| F|  |TAMS 0x0000000083e00000, 0x0000000083e00000| Untracked 
|  63|0x0000000083f00000, 0x0000000083f00000, 0x0000000084000000|  0%| F|  |TAMS 0x0000000083f00000, 0x0000000083f00000| Untracked 
|  64|0x0000000084000000, 0x0000000084000000, 0x0000000084100000|  0%| F|  |TAMS 0x0000000084000000, 0x0000000084000000| Untracked 
|  65|0x0000000084100000, 0x0000000084100000, 0x0000000084200000|  0%| F|  |TAMS 0x0000000084100000, 0x0000000084100000| Untracked 
|  66|0x0000000084200000, 0x0000000084200000, 0x0000000084300000|  0%| F|  |TAMS 0x0000000084200000, 0x0000000084200000| Untracked 
|  67|0x0000000084300000, 0x0000000084300000, 0x0000000084400000|  0%| F|  |TAMS 0x0000000084300000, 0x0000000084300000| Untracked 
|  68|0x0000000084400000, 0x0000000084400000, 0x0000000084500000|  0%| F|  |TAMS 0x0000000084400000, 0x0000000084400000| Untracked 
|  69|0x0000000084500000, 0x0000000084500000, 0x0000000084600000|  0%| F|  |TAMS 0x0000000084500000, 0x0000000084500000| Untracked 
|  70|0x0000000084600000, 0x0000000084600000, 0x0000000084700000|  0%| F|  |TAMS 0x0000000084600000, 0x0000000084600000| Untracked 
|  71|0x0000000084700000, 0x0000000084700000, 0x0000000084800000|  0%| F|  |TAMS 0x0000000084700000, 0x0000000084700000| Untracked 
|  72|0x0000000084800000, 0x0000000084800000, 0x0000000084900000|  0%| F|  |TAMS 0x0000000084800000, 0x0000000084800000| Untracked 
|  73|0x0000000084900000, 0x0000000084900000, 0x0000000084a00000|  0%| F|  |TAMS 0x0000000084900000, 0x0000000084900000| Untracked 
|  74|0x0000000084a00000, 0x0000000084a00000, 0x0000000084b00000|  0%| F|  |TAMS 0x0000000084a00000, 0x0000000084a00000| Untracked 
|  75|0x0000000084b00000, 0x0000000084b00000, 0x0000000084c00000|  0%| F|  |TAMS 0x0000000084b00000, 0x0000000084b00000| Untracked 
|  76|0x0000000084c00000, 0x0000000084c00000, 0x0000000084d00000|  0%| F|  |TAMS 0x0000000084c00000, 0x0000000084c00000| Untracked 
|  77|0x0000000084d00000, 0x0000000084d00000, 0x0000000084e00000|  0%| F|  |TAMS 0x0000000084d00000, 0x0000000084d00000| Untracked 
|  78|0x0000000084e00000, 0x0000000084e00000, 0x0000000084f00000|  0%| F|  |TAMS 0x0000000084e00000, 0x0000000084e00000| Untracked 
|  79|0x0000000084f00000, 0x0000000084f00000, 0x0000000085000000|  0%| F|  |TAMS 0x0000000084f00000, 0x0000000084f00000| Untracked 
|  80|0x0000000085000000, 0x0000000085000000, 0x0000000085100000|  0%| F|  |TAMS 0x0000000085000000, 0x0000000085000000| Untracked 
|  81|0x0000000085100000, 0x0000000085100000, 0x0000000085200000|  0%| F|  |TAMS 0x0000000085100000, 0x0000000085100000| Untracked 
|  82|0x0000000085200000, 0x0000000085200000, 0x0000000085300000|  0%| F|  |TAMS 0x0000000085200000, 0x0000000085200000| Untracked 
|  83|0x0000000085300000, 0x0000000085300000, 0x0000000085400000|  0%| F|  |TAMS 0x0000000085300000, 0x0000000085300000| Untracked 
|  84|0x0000000085400000, 0x0000000085400000, 0x0000000085500000|  0%| F|  |TAMS 0x0000000085400000, 0x0000000085400000| Untracked 
|  85|0x0000000085500000, 0x0000000085500000, 0x0000000085600000|  0%| F|  |TAMS 0x0000000085500000, 0x0000000085500000| Untracked 
|  86|0x0000000085600000, 0x0000000085600000, 0x0000000085700000|  0%| F|  |TAMS 0x0000000085600000, 0x0000000085600000| Untracked 
|  87|0x0000000085700000, 0x0000000085700000, 0x0000000085800000|  0%| F|  |TAMS 0x0000000085700000, 0x0000000085700000| Untracked 
|  88|0x0000000085800000, 0x0000000085800000, 0x0000000085900000|  0%| F|  |TAMS 0x0000000085800000, 0x0000000085800000| Untracked 
|  89|0x0000000085900000, 0x0000000085900000, 0x0000000085a00000|  0%| F|  |TAMS 0x0000000085900000, 0x0000000085900000| Untracked 
|  90|0x0000000085a00000, 0x0000000085a00000, 0x0000000085b00000|  0%| F|  |TAMS 0x0000000085a00000, 0x0000000085a00000| Untracked 
|  91|0x0000000085b00000, 0x0000000085b00000, 0x0000000085c00000|  0%| F|  |TAMS 0x0000000085b00000, 0x0000000085b00000| Untracked 
|  92|0x0000000085c00000, 0x0000000085d00000, 0x0000000085d00000|100%| S|CS|TAMS 0x0000000085c00000, 0x0000000085c00000| Complete 
|  93|0x0000000085d00000, 0x0000000085e00000, 0x0000000085e00000|100%| S|CS|TAMS 0x0000000085d00000, 0x0000000085d00000| Complete 
|  94|0x0000000085e00000, 0x0000000085e00000, 0x0000000085f00000|  0%| F|  |TAMS 0x0000000085e00000, 0x0000000085e00000| Untracked 
|  95|0x0000000085f00000, 0x0000000085f00000, 0x0000000086000000|  0%| F|  |TAMS 0x0000000085f00000, 0x0000000085f00000| Untracked 
|  96|0x0000000086000000, 0x0000000086000000, 0x0000000086100000|  0%| F|  |TAMS 0x0000000086000000, 0x0000000086000000| Untracked 
|  97|0x0000000086100000, 0x0000000086100000, 0x0000000086200000|  0%| F|  |TAMS 0x0000000086100000, 0x0000000086100000| Untracked 
|  98|0x0000000086200000, 0x0000000086200000, 0x0000000086300000|  0%| F|  |TAMS 0x0000000086200000, 0x0000000086200000| Untracked 
|  99|0x0000000086300000, 0x0000000086300000, 0x0000000086400000|  0%| F|  |TAMS 0x0000000086300000, 0x0000000086300000| Untracked 
| 100|0x0000000086400000, 0x0000000086400000, 0x0000000086500000|  0%| F|  |TAMS 0x0000000086400000, 0x0000000086400000| Untracked 
| 101|0x0000000086500000, 0x0000000086500000, 0x0000000086600000|  0%| F|  |TAMS 0x0000000086500000, 0x0000000086500000| Untracked 
| 102|0x0000000086600000, 0x0000000086600000, 0x0000000086700000|  0%| F|  |TAMS 0x0000000086600000, 0x0000000086600000| Untracked 
| 103|0x0000000086700000, 0x0000000086800000, 0x0000000086800000|100%| S|CS|TAMS 0x0000000086700000, 0x0000000086700000| Complete 
| 104|0x0000000086800000, 0x0000000086900000, 0x0000000086900000|100%| S|CS|TAMS 0x0000000086800000, 0x0000000086800000| Complete 
| 105|0x0000000086900000, 0x0000000086a00000, 0x0000000086a00000|100%| S|CS|TAMS 0x0000000086900000, 0x0000000086900000| Complete 
| 106|0x0000000086a00000, 0x0000000086b00000, 0x0000000086b00000|100%| S|CS|TAMS 0x0000000086a00000, 0x0000000086a00000| Complete 
| 107|0x0000000086b00000, 0x0000000086b00000, 0x0000000086c00000|  0%| F|  |TAMS 0x0000000086b00000, 0x0000000086b00000| Untracked 
| 108|0x0000000086c00000, 0x0000000086c00000, 0x0000000086d00000|  0%| F|  |TAMS 0x0000000086c00000, 0x0000000086c00000| Untracked 
| 109|0x0000000086d00000, 0x0000000086d00000, 0x0000000086e00000|  0%| F|  |TAMS 0x0000000086d00000, 0x0000000086d00000| Untracked 
| 110|0x0000000086e00000, 0x0000000086e00000, 0x0000000086f00000|  0%| F|  |TAMS 0x0000000086e00000, 0x0000000086e00000| Untracked 
| 111|0x0000000086f00000, 0x0000000086f00000, 0x0000000087000000|  0%| F|  |TAMS 0x0000000086f00000, 0x0000000086f00000| Untracked 
| 112|0x0000000087000000, 0x0000000087000000, 0x0000000087100000|  0%| F|  |TAMS 0x0000000087000000, 0x0000000087000000| Untracked 
| 113|0x0000000087100000, 0x0000000087100000, 0x0000000087200000|  0%| F|  |TAMS 0x0000000087100000, 0x0000000087100000| Untracked 
| 114|0x0000000087200000, 0x0000000087200000, 0x0000000087300000|  0%| F|  |TAMS 0x0000000087200000, 0x0000000087200000| Untracked 
| 115|0x0000000087300000, 0x0000000087300000, 0x0000000087400000|  0%| F|  |TAMS 0x0000000087300000, 0x0000000087300000| Untracked 
| 116|0x0000000087400000, 0x0000000087400000, 0x0000000087500000|  0%| F|  |TAMS 0x0000000087400000, 0x0000000087400000| Untracked 
| 117|0x0000000087500000, 0x0000000087500000, 0x0000000087600000|  0%| F|  |TAMS 0x0000000087500000, 0x0000000087500000| Untracked 
| 118|0x0000000087600000, 0x0000000087600000, 0x0000000087700000|  0%| F|  |TAMS 0x0000000087600000, 0x0000000087600000| Untracked 
| 119|0x0000000087700000, 0x0000000087700000, 0x0000000087800000|  0%| F|  |TAMS 0x0000000087700000, 0x0000000087700000| Untracked 
| 120|0x0000000087800000, 0x0000000087800000, 0x0000000087900000|  0%| F|  |TAMS 0x0000000087800000, 0x0000000087800000| Untracked 
| 121|0x0000000087900000, 0x0000000087900000, 0x0000000087a00000|  0%| F|  |TAMS 0x0000000087900000, 0x0000000087900000| Untracked 
| 122|0x0000000087a00000, 0x0000000087a00000, 0x0000000087b00000|  0%| F|  |TAMS 0x0000000087a00000, 0x0000000087a00000| Untracked 
| 123|0x0000000087b00000, 0x0000000087b00000, 0x0000000087c00000|  0%| F|  |TAMS 0x0000000087b00000, 0x0000000087b00000| Untracked 
| 124|0x0000000087c00000, 0x0000000087c00000, 0x0000000087d00000|  0%| F|  |TAMS 0x0000000087c00000, 0x0000000087c00000| Untracked 
| 125|0x0000000087d00000, 0x0000000087d00000, 0x0000000087e00000|  0%| F|  |TAMS 0x0000000087d00000, 0x0000000087d00000| Untracked 
| 126|0x0000000087e00000, 0x0000000087e00000, 0x0000000087f00000|  0%| F|  |TAMS 0x0000000087e00000, 0x0000000087e00000| Untracked 
| 127|0x0000000087f00000, 0x0000000087f00000, 0x0000000088000000|  0%| F|  |TAMS 0x0000000087f00000, 0x0000000087f00000| Untracked 
| 128|0x0000000088000000, 0x0000000088000000, 0x0000000088100000|  0%| F|  |TAMS 0x0000000088000000, 0x0000000088000000| Untracked 
| 129|0x0000000088100000, 0x0000000088200000, 0x0000000088200000|100%| E|  |TAMS 0x0000000088100000, 0x0000000088100000| Complete 
| 130|0x0000000088200000, 0x0000000088300000, 0x0000000088300000|100%| E|CS|TAMS 0x0000000088200000, 0x0000000088200000| Complete 
| 131|0x0000000088300000, 0x0000000088400000, 0x0000000088400000|100%| E|CS|TAMS 0x0000000088300000, 0x0000000088300000| Complete 
| 132|0x0000000088400000, 0x0000000088500000, 0x0000000088500000|100%| E|CS|TAMS 0x0000000088400000, 0x0000000088400000| Complete 
| 133|0x0000000088500000, 0x0000000088600000, 0x0000000088600000|100%| E|CS|TAMS 0x0000000088500000, 0x0000000088500000| Complete 
| 134|0x0000000088600000, 0x0000000088700000, 0x0000000088700000|100%| E|CS|TAMS 0x0000000088600000, 0x0000000088600000| Complete 
| 135|0x0000000088700000, 0x0000000088800000, 0x0000000088800000|100%| E|CS|TAMS 0x0000000088700000, 0x0000000088700000| Complete 
| 136|0x0000000088800000, 0x0000000088900000, 0x0000000088900000|100%| E|CS|TAMS 0x0000000088800000, 0x0000000088800000| Complete 
| 137|0x0000000088900000, 0x0000000088a00000, 0x0000000088a00000|100%| E|CS|TAMS 0x0000000088900000, 0x0000000088900000| Complete 
| 138|0x0000000088a00000, 0x0000000088b00000, 0x0000000088b00000|100%| E|CS|TAMS 0x0000000088a00000, 0x0000000088a00000| Complete 
| 139|0x0000000088b00000, 0x0000000088c00000, 0x0000000088c00000|100%| E|CS|TAMS 0x0000000088b00000, 0x0000000088b00000| Complete 
| 140|0x0000000088c00000, 0x0000000088d00000, 0x0000000088d00000|100%| E|CS|TAMS 0x0000000088c00000, 0x0000000088c00000| Complete 
| 141|0x0000000088d00000, 0x0000000088e00000, 0x0000000088e00000|100%| E|CS|TAMS 0x0000000088d00000, 0x0000000088d00000| Complete 
| 142|0x0000000088e00000, 0x0000000088f00000, 0x0000000088f00000|100%| E|CS|TAMS 0x0000000088e00000, 0x0000000088e00000| Complete 
| 143|0x0000000088f00000, 0x0000000089000000, 0x0000000089000000|100%| E|CS|TAMS 0x0000000088f00000, 0x0000000088f00000| Complete 
| 144|0x0000000089000000, 0x0000000089100000, 0x0000000089100000|100%| E|CS|TAMS 0x0000000089000000, 0x0000000089000000| Complete 
| 145|0x0000000089100000, 0x0000000089200000, 0x0000000089200000|100%| E|CS|TAMS 0x0000000089100000, 0x0000000089100000| Complete 
| 146|0x0000000089200000, 0x0000000089300000, 0x0000000089300000|100%| E|CS|TAMS 0x0000000089200000, 0x0000000089200000| Complete 
| 147|0x0000000089300000, 0x0000000089400000, 0x0000000089400000|100%| E|CS|TAMS 0x0000000089300000, 0x0000000089300000| Complete 
| 148|0x0000000089400000, 0x0000000089500000, 0x0000000089500000|100%| E|CS|TAMS 0x0000000089400000, 0x0000000089400000| Complete 
| 149|0x0000000089500000, 0x0000000089600000, 0x0000000089600000|100%| E|CS|TAMS 0x0000000089500000, 0x0000000089500000| Complete 
| 150|0x0000000089600000, 0x0000000089700000, 0x0000000089700000|100%| E|CS|TAMS 0x0000000089600000, 0x0000000089600000| Complete 
| 151|0x0000000089700000, 0x0000000089800000, 0x0000000089800000|100%| E|CS|TAMS 0x0000000089700000, 0x0000000089700000| Complete 
| 152|0x0000000089800000, 0x0000000089900000, 0x0000000089900000|100%| E|CS|TAMS 0x0000000089800000, 0x0000000089800000| Complete 
| 153|0x0000000089900000, 0x0000000089a00000, 0x0000000089a00000|100%| E|CS|TAMS 0x0000000089900000, 0x0000000089900000| Complete 
| 154|0x0000000089a00000, 0x0000000089b00000, 0x0000000089b00000|100%| E|CS|TAMS 0x0000000089a00000, 0x0000000089a00000| Complete 
| 155|0x0000000089b00000, 0x0000000089c00000, 0x0000000089c00000|100%| E|CS|TAMS 0x0000000089b00000, 0x0000000089b00000| Complete 
| 156|0x0000000089c00000, 0x0000000089d00000, 0x0000000089d00000|100%| E|CS|TAMS 0x0000000089c00000, 0x0000000089c00000| Complete 
| 157|0x0000000089d00000, 0x0000000089e00000, 0x0000000089e00000|100%| E|CS|TAMS 0x0000000089d00000, 0x0000000089d00000| Complete 
| 158|0x0000000089e00000, 0x0000000089f00000, 0x0000000089f00000|100%| E|CS|TAMS 0x0000000089e00000, 0x0000000089e00000| Complete 
| 159|0x0000000089f00000, 0x000000008a000000, 0x000000008a000000|100%| E|CS|TAMS 0x0000000089f00000, 0x0000000089f00000| Complete 
| 160|0x000000008a000000, 0x000000008a100000, 0x000000008a100000|100%| E|CS|TAMS 0x000000008a000000, 0x000000008a000000| Complete 
| 161|0x000000008a100000, 0x000000008a200000, 0x000000008a200000|100%| E|CS|TAMS 0x000000008a100000, 0x000000008a100000| Complete 
| 162|0x000000008a200000, 0x000000008a300000, 0x000000008a300000|100%| E|CS|TAMS 0x000000008a200000, 0x000000008a200000| Complete 
| 163|0x000000008a300000, 0x000000008a400000, 0x000000008a400000|100%| E|CS|TAMS 0x000000008a300000, 0x000000008a300000| Complete 
| 164|0x000000008a400000, 0x000000008a500000, 0x000000008a500000|100%| E|CS|TAMS 0x000000008a400000, 0x000000008a400000| Complete 
| 165|0x000000008a500000, 0x000000008a600000, 0x000000008a600000|100%| E|CS|TAMS 0x000000008a500000, 0x000000008a500000| Complete 
| 166|0x000000008a600000, 0x000000008a700000, 0x000000008a700000|100%| E|CS|TAMS 0x000000008a600000, 0x000000008a600000| Complete 
| 167|0x000000008a700000, 0x000000008a800000, 0x000000008a800000|100%| E|CS|TAMS 0x000000008a700000, 0x000000008a700000| Complete 
| 168|0x000000008a800000, 0x000000008a900000, 0x000000008a900000|100%| E|CS|TAMS 0x000000008a800000, 0x000000008a800000| Complete 
| 169|0x000000008a900000, 0x000000008aa00000, 0x000000008aa00000|100%| E|CS|TAMS 0x000000008a900000, 0x000000008a900000| Complete 
| 170|0x000000008aa00000, 0x000000008ab00000, 0x000000008ab00000|100%| E|CS|TAMS 0x000000008aa00000, 0x000000008aa00000| Complete 
| 171|0x000000008ab00000, 0x000000008ac00000, 0x000000008ac00000|100%| E|CS|TAMS 0x000000008ab00000, 0x000000008ab00000| Complete 
| 172|0x000000008ac00000, 0x000000008ad00000, 0x000000008ad00000|100%| E|CS|TAMS 0x000000008ac00000, 0x000000008ac00000| Complete 
| 173|0x000000008ad00000, 0x000000008ae00000, 0x000000008ae00000|100%| E|CS|TAMS 0x000000008ad00000, 0x000000008ad00000| Complete 
| 174|0x000000008ae00000, 0x000000008af00000, 0x000000008af00000|100%| E|CS|TAMS 0x000000008ae00000, 0x000000008ae00000| Complete 
| 175|0x000000008af00000, 0x000000008b000000, 0x000000008b000000|100%| E|CS|TAMS 0x000000008af00000, 0x000000008af00000| Complete 
| 176|0x000000008b000000, 0x000000008b100000, 0x000000008b100000|100%| E|CS|TAMS 0x000000008b000000, 0x000000008b000000| Complete 
| 177|0x000000008b100000, 0x000000008b200000, 0x000000008b200000|100%| E|CS|TAMS 0x000000008b100000, 0x000000008b100000| Complete 
| 178|0x000000008b200000, 0x000000008b300000, 0x000000008b300000|100%| E|CS|TAMS 0x000000008b200000, 0x000000008b200000| Complete 
| 179|0x000000008b300000, 0x000000008b400000, 0x000000008b400000|100%| E|CS|TAMS 0x000000008b300000, 0x000000008b300000| Complete 
| 180|0x000000008b400000, 0x000000008b500000, 0x000000008b500000|100%| E|CS|TAMS 0x000000008b400000, 0x000000008b400000| Complete 
| 181|0x000000008b500000, 0x000000008b600000, 0x000000008b600000|100%| E|CS|TAMS 0x000000008b500000, 0x000000008b500000| Complete 
| 182|0x000000008b600000, 0x000000008b700000, 0x000000008b700000|100%| E|CS|TAMS 0x000000008b600000, 0x000000008b600000| Complete 
| 183|0x000000008b700000, 0x000000008b800000, 0x000000008b800000|100%| E|CS|TAMS 0x000000008b700000, 0x000000008b700000| Complete 
| 184|0x000000008b800000, 0x000000008b900000, 0x000000008b900000|100%| E|CS|TAMS 0x000000008b800000, 0x000000008b800000| Complete 
| 185|0x000000008b900000, 0x000000008ba00000, 0x000000008ba00000|100%| E|CS|TAMS 0x000000008b900000, 0x000000008b900000| Complete 
| 186|0x000000008ba00000, 0x000000008bb00000, 0x000000008bb00000|100%| E|CS|TAMS 0x000000008ba00000, 0x000000008ba00000| Complete 
| 187|0x000000008bb00000, 0x000000008bc00000, 0x000000008bc00000|100%| E|CS|TAMS 0x000000008bb00000, 0x000000008bb00000| Complete 
| 188|0x000000008bc00000, 0x000000008bd00000, 0x000000008bd00000|100%| E|CS|TAMS 0x000000008bc00000, 0x000000008bc00000| Complete 
| 189|0x000000008bd00000, 0x000000008be00000, 0x000000008be00000|100%| E|CS|TAMS 0x000000008bd00000, 0x000000008bd00000| Complete 

Card table byte_map: [0x00000216c3860000,0x00000216c3c60000] _byte_map_base: 0x00000216c3460000

Marking Bits (Prev, Next): (CMBitMap*) 0x00000216b031ce98, (CMBitMap*) 0x00000216b031ced0
 Prev Bits: [0x00000216c4060000, 0x00000216c6060000)
 Next Bits: [0x00000216c6060000, 0x00000216c8060000)

Polling page: 0x00000216b3e00000

Metaspace:

Usage:
  Non-class:     66.09 MB capacity,    65.11 MB ( 99%) used,   820.98 KB (  1%) free+waste,   189.56 KB ( <1%) overhead. 
      Class:     10.38 MB capacity,     9.73 MB ( 94%) used,   580.90 KB (  5%) free+waste,    87.38 KB ( <1%) overhead. 
       Both:     76.48 MB capacity,    74.84 MB ( 98%) used,     1.37 MB (  2%) free+waste,   276.94 KB ( <1%) overhead. 

Virtual space:
  Non-class space:       68.00 MB reserved,      66.20 MB ( 97%) committed 
      Class space:        1.00 GB reserved,      10.50 MB (  1%) committed 
             Both:        1.07 GB reserved,      76.70 MB (  7%) committed 

Chunk freelists:
   Non-Class:  48.00 KB
       Class:  24.00 KB
        Both:  72.00 KB

MaxMetaspaceSize: 17179869184.00 GB
CompressedClassSpaceSize: 1.00 GB
Initial GC threshold: 20.80 MB
Current GC threshold: 108.88 MB
CDS: off

CodeHeap 'non-profiled nmethods': size=120064Kb used=4920Kb max_used=4920Kb free=115143Kb
 bounds [0x00000216bb8e0000, 0x00000216bbdb0000, 0x00000216c2e20000]
CodeHeap 'profiled nmethods': size=120000Kb used=16631Kb max_used=16631Kb free=103368Kb
 bounds [0x00000216b43b0000, 0x00000216b53f0000, 0x00000216bb8e0000]
CodeHeap 'non-nmethods': size=5696Kb used=2351Kb max_used=2397Kb free=3345Kb
 bounds [0x00000216b3e20000, 0x00000216b4090000, 0x00000216b43b0000]
 total_blobs=8409 nmethods=7542 adapters=779
 compilation: enabled
              stopped_count=0, restarted_count=0
 full_count=0

Compilation events (20 events):
Event: 24.286 Thread 0x00000216caf4f000 nmethod 7552 0x00000216b53cd490 code [0x00000216b53cd800, 0x00000216b53cefe8]
Event: 24.286 Thread 0x00000216caf4f000 7554       3       java.lang.reflect.Field::getDeclaredAnnotations (8 bytes)
Event: 24.286 Thread 0x00000216caf4f000 nmethod 7554 0x00000216b53cf810 code [0x00000216b53cfa00, 0x00000216b53cfe08]
Event: 24.286 Thread 0x00000216caf4f000 7555       3       com.sun.xml.bind.v2.model.impl.PropertyInfoImpl::getName (10 bytes)
Event: 24.287 Thread 0x00000216caf4f000 nmethod 7555 0x00000216b53cff90 code [0x00000216b53d0140, 0x00000216b53d0308]
Event: 24.287 Thread 0x00000216caf4f000 7556       3       com.sun.xml.bind.v2.model.annotation.RuntimeInlineAnnotationReader::getClassValue (7 bytes)
Event: 24.288 Thread 0x00000216caf4f000 nmethod 7556 0x00000216b53d0410 code [0x00000216b53d05c0, 0x00000216b53d06e8]
Event: 24.288 Thread 0x00000216caf4f000 7558       3       com.sun.xml.bind.v2.model.annotation.RuntimeInlineAnnotationReader::hasClassAnnotation (10 bytes)
Event: 24.288 Thread 0x00000216caf4f000 nmethod 7558 0x00000216b53d0790 code [0x00000216b53d09c0, 0x00000216b53d1108]
Event: 24.288 Thread 0x00000216caf4f000 7559       3       com.sun.xml.bind.v2.model.annotation.RuntimeInlineAnnotationReader::hasClassAnnotation (6 bytes)
Event: 24.289 Thread 0x00000216caf4f000 nmethod 7559 0x00000216b53d1390 code [0x00000216b53d15a0, 0x00000216b53d1b88]
Event: 24.289 Thread 0x00000216caf4f000 7557   !   3       com.sun.xml.bind.v2.model.annotation.RuntimeInlineAnnotationReader::getClassValue (87 bytes)
Event: 24.290 Thread 0x00000216caf4f000 nmethod 7557 0x00000216b53d1d90 code [0x00000216b53d2080, 0x00000216b53d3288]
Event: 24.290 Thread 0x00000216caf4f000 7560       3       com.sun.xml.bind.v2.model.nav.ReflectionNavigator::isSubClassOf (13 bytes)
Event: 24.291 Thread 0x00000216caf4f000 nmethod 7560 0x00000216b53d3a10 code [0x00000216b53d3c40, 0x00000216b53d4328]
Event: 24.291 Thread 0x00000216caf4f000 7561       3       com.sun.xml.bind.v2.model.nav.ReflectionNavigator::isSubClassOf (14 bytes)
Event: 24.291 Thread 0x00000216caf4f000 nmethod 7561 0x00000216b53d4510 code [0x00000216b53d4720, 0x00000216b53d4b88]
Event: 24.291 Thread 0x00000216caf4f000 7562       3       com.sun.xml.bind.v2.model.impl.ClassInfoImpl::hasJAXBAnnotation (13 bytes)
Event: 24.291 Thread 0x00000216caf4f000 nmethod 7562 0x00000216b53d4d10 code [0x00000216b53d4ec0, 0x00000216b53d5028]
Event: 24.291 Thread 0x00000216caf4f000 7563       3       com.sun.xml.bind.v2.model.impl.ClassInfoImpl::getSomeJAXBAnnotation (36 bytes)

GC Heap History (20 events):
Event: 4.002 GC heap before
{Heap before GC invocations=2 (full 0):
 garbage-first heap   total 194560K, used 41725K [0x0000000080000000, 0x0000000100000000)
  region size 1024K, 34 young (34816K), 4 survivors (4096K)
 Metaspace       used 11180K, capacity 11485K, committed 11520K, reserved 1058816K
  class space    used 1176K, capacity 1279K, committed 1280K, reserved 1048576K
}
Event: 4.009 GC heap after
{Heap after GC invocations=3 (full 0):
 garbage-first heap   total 194560K, used 14074K [0x0000000080000000, 0x0000000100000000)
  region size 1024K, 5 young (5120K), 5 survivors (5120K)
 Metaspace       used 11180K, capacity 11485K, committed 11520K, reserved 1058816K
  class space    used 1176K, capacity 1279K, committed 1280K, reserved 1048576K
}
Event: 6.001 GC heap before
{Heap before GC invocations=3 (full 0):
 garbage-first heap   total 194560K, used 55034K [0x0000000080000000, 0x0000000100000000)
  region size 1024K, 45 young (46080K), 5 survivors (5120K)
 Metaspace       used 19090K, capacity 19560K, committed 19712K, reserved 1067008K
  class space    used 2290K, capacity 2439K, committed 2560K, reserved 1048576K
}
Event: 6.014 GC heap after
{Heap after GC invocations=4 (full 0):
 garbage-first heap   total 194560K, used 17267K [0x0000000080000000, 0x0000000100000000)
  region size 1024K, 3 young (3072K), 3 survivors (3072K)
 Metaspace       used 19090K, capacity 19560K, committed 19712K, reserved 1067008K
  class space    used 2290K, capacity 2439K, committed 2560K, reserved 1048576K
}
Event: 6.432 GC heap before
{Heap before GC invocations=4 (full 0):
 garbage-first heap   total 194560K, used 32627K [0x0000000080000000, 0x0000000100000000)
  region size 1024K, 19 young (19456K), 3 survivors (3072K)
 Metaspace       used 20855K, capacity 21193K, committed 21296K, reserved 1069056K
  class space    used 2530K, capacity 2688K, committed 2688K, reserved 1048576K
}
Event: 6.443 GC heap after
{Heap after GC invocations=5 (full 0):
 garbage-first heap   total 194560K, used 17630K [0x0000000080000000, 0x0000000100000000)
  region size 1024K, 4 young (4096K), 4 survivors (4096K)
 Metaspace       used 20855K, capacity 21193K, committed 21296K, reserved 1069056K
  class space    used 2530K, capacity 2688K, committed 2688K, reserved 1048576K
}
Event: 8.052 GC heap before
{Heap before GC invocations=6 (full 0):
 garbage-first heap   total 194560K, used 73950K [0x0000000080000000, 0x0000000100000000)
  region size 1024K, 59 young (60416K), 4 survivors (4096K)
 Metaspace       used 26692K, capacity 27307K, committed 27520K, reserved 1073152K
  class space    used 3450K, capacity 3670K, committed 3712K, reserved 1048576K
}
Event: 8.068 GC heap after
{Heap after GC invocations=7 (full 0):
 garbage-first heap   total 194560K, used 19573K [0x0000000080000000, 0x0000000100000000)
  region size 1024K, 6 young (6144K), 6 survivors (6144K)
 Metaspace       used 26692K, capacity 27307K, committed 27520K, reserved 1073152K
  class space    used 3450K, capacity 3670K, committed 3712K, reserved 1048576K
}
Event: 9.974 GC heap before
{Heap before GC invocations=7 (full 0):
 garbage-first heap   total 194560K, used 79989K [0x0000000080000000, 0x0000000100000000)
  region size 1024K, 66 young (67584K), 6 survivors (6144K)
 Metaspace       used 35173K, capacity 35964K, committed 36048K, reserved 1081344K
  class space    used 4511K, capacity 4835K, committed 4864K, reserved 1048576K
}
Event: 9.991 GC heap after
{Heap after GC invocations=8 (full 0):
 garbage-first heap   total 194560K, used 23201K [0x0000000080000000, 0x0000000100000000)
  region size 1024K, 9 young (9216K), 9 survivors (9216K)
 Metaspace       used 35173K, capacity 35964K, committed 36048K, reserved 1081344K
  class space    used 4511K, capacity 4835K, committed 4864K, reserved 1048576K
}
Event: 13.102 GC heap before
{Heap before GC invocations=9 (full 0):
 garbage-first heap   total 194560K, used 133793K [0x0000000080000000, 0x0000000100000000)
  region size 1024K, 114 young (116736K), 9 survivors (9216K)
 Metaspace       used 44516K, capacity 45615K, committed 45776K, reserved 1089536K
  class space    used 5614K, capacity 6031K, committed 6144K, reserved 1048576K
}
Event: 13.126 GC heap after
{Heap after GC invocations=10 (full 0):
 garbage-first heap   total 194560K, used 29862K [0x0000000080000000, 0x0000000100000000)
  region size 1024K, 13 young (13312K), 13 survivors (13312K)
 Metaspace       used 44516K, capacity 45615K, committed 45776K, reserved 1089536K
  class space    used 5614K, capacity 6031K, committed 6144K, reserved 1048576K
}
Event: 15.868 GC heap before
{Heap before GC invocations=10 (full 0):
 garbage-first heap   total 194560K, used 137382K [0x0000000080000000, 0x0000000100000000)
  region size 1024K, 114 young (116736K), 13 survivors (13312K)
 Metaspace       used 51077K, capacity 52371K, committed 52560K, reserved 1095680K
  class space    used 6439K, capacity 6929K, committed 7040K, reserved 1048576K
}
Event: 15.891 GC heap after
{Heap after GC invocations=11 (full 0):
 garbage-first heap   total 194560K, used 42830K [0x0000000080000000, 0x0000000100000000)
  region size 1024K, 15 young (15360K), 15 survivors (15360K)
 Metaspace       used 51077K, capacity 52371K, committed 52560K, reserved 1095680K
  class space    used 6439K, capacity 6929K, committed 7040K, reserved 1048576K
}
Event: 17.448 GC heap before
{Heap before GC invocations=11 (full 0):
 garbage-first heap   total 194560K, used 97102K [0x0000000080000000, 0x0000000100000000)
  region size 1024K, 69 young (70656K), 15 survivors (15360K)
 Metaspace       used 58926K, capacity 60357K, committed 60496K, reserved 1101824K
  class space    used 7435K, capacity 7966K, committed 8064K, reserved 1048576K
}
Event: 17.474 GC heap after
{Heap after GC invocations=12 (full 0):
 garbage-first heap   total 194560K, used 45843K [0x0000000080000000, 0x0000000100000000)
  region size 1024K, 3 young (3072K), 3 survivors (3072K)
 Metaspace       used 58926K, capacity 60357K, committed 60496K, reserved 1101824K
  class space    used 7435K, capacity 7966K, committed 8064K, reserved 1048576K
}
Event: 19.350 GC heap before
{Heap before GC invocations=13 (full 0):
 garbage-first heap   total 194560K, used 140051K [0x0000000080000000, 0x0000000100000000)
  region size 1024K, 87 young (89088K), 3 survivors (3072K)
 Metaspace       used 65226K, capacity 66763K, committed 66896K, reserved 1107968K
  class space    used 8233K, capacity 8825K, committed 8832K, reserved 1048576K
}
Event: 19.368 GC heap after
{Heap after GC invocations=14 (full 0):
 garbage-first heap   total 194560K, used 51987K [0x0000000080000000, 0x0000000100000000)
  region size 1024K, 9 young (9216K), 9 survivors (9216K)
 Metaspace       used 65226K, capacity 66763K, committed 66896K, reserved 1107968K
  class space    used 8233K, capacity 8825K, committed 8832K, reserved 1048576K
}
Event: 22.205 GC heap before
{Heap before GC invocations=15 (full 0):
 garbage-first heap   total 194560K, used 136979K [0x0000000080000000, 0x0000000100000000)
  region size 1024K, 92 young (94208K), 9 survivors (9216K)
 Metaspace       used 71176K, capacity 72744K, committed 73040K, reserved 1112064K
  class space    used 9162K, capacity 9784K, committed 9856K, reserved 1048576K
}
Event: 22.226 GC heap after
{Heap after GC invocations=16 (full 0):
 garbage-first heap   total 194560K, used 57985K [0x0000000080000000, 0x0000000100000000)
  region size 1024K, 6 young (6144K), 6 survivors (6144K)
 Metaspace       used 71176K, capacity 72744K, committed 73040K, reserved 1112064K
  class space    used 9162K, capacity 9784K, committed 9856K, reserved 1048576K
}

Deoptimization events (20 events):
Event: 23.368 Thread 0x00000216cb9b9800 Uncommon trap: trap_request=0xffffff4d fr.pc=0x00000216bbd8524c relative=0x000000000000020c
Event: 23.368 Thread 0x00000216cb9b9800 Uncommon trap: reason=unstable_if action=reinterpret pc=0x00000216bbd8524c method=org.gradle.internal.instantiation.generator.AbstractClassGenerator.isNameProperty(Lorg/gradle/internal/instantiation/generator/AbstractClassGenerator$PropertyMetadata;)Z @ 2
Event: 23.368 Thread 0x00000216cb9b9800 DEOPT PACKING pc=0x00000216bbd8524c sp=0x00000088406f7540
Event: 23.368 Thread 0x00000216cb9b9800 DEOPT UNPACKING pc=0x00000216b3e6a1af sp=0x00000088406f74d0 mode 2
Event: 23.857 Thread 0x00000216cb9b9800 Uncommon trap: trap_request=0xffffff4d fr.pc=0x00000216bbbab8d4 relative=0x0000000000001b34
Event: 23.857 Thread 0x00000216cb9b9800 Uncommon trap: reason=unstable_if action=reinterpret pc=0x00000216bbbab8d4 method=sun.nio.fs.WindowsPathParser.normalize(Ljava/lang/StringBuilder;Ljava/lang/String;I)Ljava/lang/String; @ 172 c2
Event: 23.857 Thread 0x00000216cb9b9800 DEOPT PACKING pc=0x00000216bbbab8d4 sp=0x00000088406f8e10
Event: 23.857 Thread 0x00000216cb9b9800 DEOPT UNPACKING pc=0x00000216b3e6a1af sp=0x00000088406f8e00 mode 2
Event: 23.922 Thread 0x00000216cb9b9800 Uncommon trap: trap_request=0xffffff4d fr.pc=0x00000216bbd31a68 relative=0x00000000000001a8
Event: 23.922 Thread 0x00000216cb9b9800 Uncommon trap: reason=unstable_if action=reinterpret pc=0x00000216bbd31a68 method=java.util.StringTokenizer.scanToken(I)I @ 42 c2
Event: 23.922 Thread 0x00000216cb9b9800 DEOPT PACKING pc=0x00000216bbd31a68 sp=0x00000088406f8d50
Event: 23.922 Thread 0x00000216cb9b9800 DEOPT UNPACKING pc=0x00000216b3e6a1af sp=0x00000088406f8ce0 mode 2
Event: 24.097 Thread 0x00000216cb9b9800 Uncommon trap: trap_request=0xffffffde fr.pc=0x00000216bbc50398 relative=0x0000000000001998
Event: 24.097 Thread 0x00000216cb9b9800 Uncommon trap: reason=class_check action=maybe_recompile pc=0x00000216bbc50398 method=java.lang.Class.createAnnotationData(I)Ljava/lang/Class$AnnotationData; @ 103 c2
Event: 24.097 Thread 0x00000216cb9b9800 DEOPT PACKING pc=0x00000216bbc50398 sp=0x00000088406f82e0
Event: 24.097 Thread 0x00000216cb9b9800 DEOPT UNPACKING pc=0x00000216b3e6a1af sp=0x00000088406f8168 mode 2
Event: 24.153 Thread 0x00000216cb9b9800 Uncommon trap: trap_request=0xfffffff4 fr.pc=0x00000216bbc50534 relative=0x0000000000001b34
Event: 24.153 Thread 0x00000216cb9b9800 Uncommon trap: reason=null_check action=make_not_entrant pc=0x00000216bbc50534 method=java.lang.Class.createAnnotationData(I)Ljava/lang/Class$AnnotationData; @ 14 c2
Event: 24.153 Thread 0x00000216cb9b9800 DEOPT PACKING pc=0x00000216bbc50534 sp=0x00000088406f7ab0
Event: 24.153 Thread 0x00000216cb9b9800 DEOPT UNPACKING pc=0x00000216b3e6a1af sp=0x00000088406f7a60 mode 2

Classes redefined (0 events):
No events

Internal exceptions (20 events):
Event: 19.986 Thread 0x00000216cb9b9800 Exception <a 'java/lang/ClassNotFoundException'{0x0000000089e117b0}: com/android/build/gradle/internal/CompileOptionsCustomizer> (0x0000000089e117b0) thrown at [./src/hotspot/share/classfile/systemDictionary.cpp, line 231]
Event: 19.987 Thread 0x00000216cb9b9800 Exception <a 'java/lang/ClassNotFoundException'{0x0000000089e3c220}: com/android/build/gradle/internal/CompileOptions$AgpDecoratedCustomizer> (0x0000000089e3c220) thrown at [./src/hotspot/share/classfile/systemDictionary.cpp, line 231]
Event: 19.989 Thread 0x00000216cb9b9800 Exception <a 'java/lang/ClassNotFoundException'{0x0000000089e69848}: com/android/build/gradle/internal/CompileOptions$AgpDecorated_DecoratedCustomizer> (0x0000000089e69848) thrown at [./src/hotspot/share/classfile/systemDictionary.cpp, line 231]
Event: 20.044 Thread 0x00000216cb9b9800 Exception <a 'java/lang/ClassNotFoundException'{0x0000000089da46d0}: org/gradle/api/internal/artifacts/dsl/dependencies/DefaultDependencyHandler_DecoratedBeanInfo> (0x0000000089da46d0) thrown at [./src/hotspot/share/classfile/systemDictionary.cpp, line 231]
Event: 20.059 Thread 0x00000216cb9b9800 Exception <a 'java/lang/ClassNotFoundException'{0x0000000089df4c90}: org/gradle/api/internal/artifacts/dsl/dependencies/DefaultDependencyHandlerBeanInfo> (0x0000000089df4c90) thrown at [./src/hotspot/share/classfile/systemDictionary.cpp, line 231]
Event: 20.061 Thread 0x00000216cb9b9800 Exception <a 'java/lang/ClassNotFoundException'{0x0000000089c45978}: org/gradle/api/internal/artifacts/dsl/dependencies/DefaultDependencyHandlerCustomizer> (0x0000000089c45978) thrown at [./src/hotspot/share/classfile/systemDictionary.cpp, line 231]
Event: 20.066 Thread 0x00000216cb9b9800 Exception <a 'java/lang/ClassNotFoundException'{0x0000000089cc0990}: org/gradle/api/internal/artifacts/dsl/dependencies/DefaultDependencyHandler_DecoratedCustomizer> (0x0000000089cc0990) thrown at [./src/hotspot/share/classfile/systemDictionary.cpp, line 231]
Event: 22.130 Thread 0x00000216cb9b9800 Exception <a 'java/lang/ClassNotFoundException'{0x0000000086d14170}: com/android/build/gradle/internal/api/ApkVariantOutputImpl_DecoratedBeanInfo> (0x0000000086d14170) thrown at [./src/hotspot/share/classfile/systemDictionary.cpp, line 231]
Event: 22.130 Thread 0x00000216cb9b9800 Exception <a 'java/lang/ClassNotFoundException'{0x0000000086d308d8}: com/android/build/gradle/internal/api/ApkVariantOutputImplBeanInfo> (0x0000000086d308d8) thrown at [./src/hotspot/share/classfile/systemDictionary.cpp, line 231]
Event: 22.131 Thread 0x00000216cb9b9800 Exception <a 'java/lang/ClassNotFoundException'{0x0000000086d4d838}: com/android/build/gradle/internal/api/BaseVariantOutputImplBeanInfo> (0x0000000086d4d838) thrown at [./src/hotspot/share/classfile/systemDictionary.cpp, line 231]
Event: 22.132 Thread 0x00000216cb9b9800 Exception <a 'java/lang/ClassNotFoundException'{0x0000000086d6a820}: com/android/build/gradle/internal/api/BaseVariantOutputImplCustomizer> (0x0000000086d6a820) thrown at [./src/hotspot/share/classfile/systemDictionary.cpp, line 231]
Event: 22.134 Thread 0x00000216cb9b9800 Exception <a 'java/lang/ClassNotFoundException'{0x0000000086d9a0c8}: com/android/build/gradle/internal/api/ApkVariantOutputImplCustomizer> (0x0000000086d9a0c8) thrown at [./src/hotspot/share/classfile/systemDictionary.cpp, line 231]
Event: 22.136 Thread 0x00000216cb9b9800 Exception <a 'java/lang/ClassNotFoundException'{0x0000000086dc5e78}: com/android/build/gradle/internal/api/ApkVariantOutputImpl_DecoratedCustomizer> (0x0000000086dc5e78) thrown at [./src/hotspot/share/classfile/systemDictionary.cpp, line 231]
Event: 22.190 Thread 0x00000216cb9b9800 Exception <a 'java/lang/NoClassDefFoundError'{0x0000000086b333f0}: org/jetbrains/kotlin/gradle/plugin/KotlinBasePluginWrapper> (0x0000000086b333f0) thrown at [./src/hotspot/share/classfile/systemDictionary.cpp, line 220]
Event: 22.377 Thread 0x00000216cb9b9800 Implicit null exception at 0x00000216bbb6106c to 0x00000216bbb610b1
Event: 22.377 Thread 0x00000216cb9b9800 Implicit null exception at 0x00000216bbb60096 to 0x00000216bbb6081c
Event: 23.304 Thread 0x00000216cb9b9800 Exception <a 'java/lang/NoSuchMethodError'{0x000000008a10f060}: 'java.lang.Object java.lang.invoke.Invokers$Holder.linkToTargetMethod(java.lang.Object, int, java.lang.Object)'> (0x000000008a10f060) thrown at [./src/hotspot/share/interpreter/linkResolver.cpp, line 773]
Event: 23.734 Thread 0x00000216cb9b9800 Exception <a 'sun/nio/fs/WindowsException'{0x00000000898a58a0}> (0x00000000898a58a0) thrown at [./src/hotspot/share/prims/jni.cpp, line 616]
Event: 23.987 Thread 0x00000216cb9b9800 Exception <a 'java/lang/NullPointerException'{0x0000000088ec2ee8}> (0x0000000088ec2ee8) thrown at [./src/hotspot/share/interpreter/linkResolver.cpp, line 1440]
Event: 24.153 Thread 0x00000216cb9b9800 Implicit null exception at 0x00000216bbc4eac7 to 0x00000216bbc5050c

Events (20 events):
Event: 24.269 loading class com/android/sdklib/repository/generated/addon/v1/AddonDetailsType
Event: 24.269 loading class com/android/sdklib/repository/generated/addon/v1/AddonDetailsType done
Event: 24.269 loading class com/android/sdklib/repository/generated/addon/v1/ExtraDetailsType
Event: 24.269 loading class com/android/sdklib/repository/generated/addon/v1/ExtraDetailsType done
Event: 24.270 loading class com/android/sdklib/repository/generated/addon/v1/MavenType
Event: 24.270 loading class com/android/sdklib/repository/generated/addon/v1/MavenType done
Event: 24.270 loading class com/android/sdklib/repository/meta/DetailsTypes$MavenType
Event: 24.270 loading class com/android/sdklib/repository/meta/DetailsTypes$MavenType done
Event: 24.279 loading class com/android/sdklib/repository/generated/addon/v2/AddonDetailsType
Event: 24.279 loading class com/android/sdklib/repository/generated/addon/v2/AddonDetailsType done
Event: 24.280 loading class com/android/sdklib/repository/generated/addon/v2/ExtraDetailsType
Event: 24.280 loading class com/android/sdklib/repository/generated/addon/v2/ExtraDetailsType done
Event: 24.280 loading class com/android/sdklib/repository/generated/addon/v2/MavenType
Event: 24.280 loading class com/android/sdklib/repository/generated/addon/v2/MavenType done
Event: 24.288 loading class com/android/sdklib/repository/generated/addon/v3/AddonDetailsType
Event: 24.288 loading class com/android/sdklib/repository/generated/addon/v3/AddonDetailsType done
Event: 24.289 loading class com/android/sdklib/repository/generated/addon/v3/ExtraDetailsType
Event: 24.289 loading class com/android/sdklib/repository/generated/addon/v3/ExtraDetailsType done
Event: 24.289 loading class com/android/sdklib/repository/generated/addon/v3/MavenType
Event: 24.289 loading class com/android/sdklib/repository/generated/addon/v3/MavenType done


Dynamic libraries:
0x00007ff629da0000 - 0x00007ff629daa000 	C:\Program Files\Android\Android Studio\jre\bin\java.exe
0x00007fff0f270000 - 0x00007fff0f468000 	C:\Windows\SYSTEM32\ntdll.dll
0x00007fff0d600000 - 0x00007fff0d6bf000 	C:\Windows\System32\KERNEL32.DLL
0x00007fff0ca40000 - 0x00007fff0cd12000 	C:\Windows\System32\KERNELBASE.dll
0x00007fff0cf30000 - 0x00007fff0d030000 	C:\Windows\System32\ucrtbase.dll
0x00007fff02820000 - 0x00007fff02839000 	C:\Program Files\Android\Android Studio\jre\bin\jli.dll
0x00007ffeeb020000 - 0x00007ffeeb037000 	C:\Program Files\Android\Android Studio\jre\bin\VCRUNTIME140.dll
0x00007fff0f070000 - 0x00007fff0f211000 	C:\Windows\System32\USER32.dll
0x00007fff0c970000 - 0x00007fff0c992000 	C:\Windows\System32\win32u.dll
0x00007ffefd330000 - 0x00007ffefd5ca000 	C:\Windows\WinSxS\amd64_microsoft.windows.common-controls_6595b64144ccf1df_6.0.19041.1110_none_60b5254171f9507e\COMCTL32.dll
0x00007fff0e260000 - 0x00007fff0e28b000 	C:\Windows\System32\GDI32.dll
0x00007fff0e880000 - 0x00007fff0e91e000 	C:\Windows\System32\msvcrt.dll
0x00007fff0d1b0000 - 0x00007fff0d2bf000 	C:\Windows\System32\gdi32full.dll
0x00007fff0d080000 - 0x00007fff0d11d000 	C:\Windows\System32\msvcp_win.dll
0x00007fff0db60000 - 0x00007fff0db90000 	C:\Windows\System32\IMM32.DLL
0x00007ffee1940000 - 0x00007ffee19dd000 	C:\Program Files\Android\Android Studio\jre\bin\msvcp140.dll
0x00007ffea6040000 - 0x00007ffea6b42000 	C:\Program Files\Android\Android Studio\jre\bin\server\jvm.dll
0x00007fff0d2c0000 - 0x00007fff0d36e000 	C:\Windows\System32\ADVAPI32.dll
0x00007fff0d3d0000 - 0x00007fff0d46c000 	C:\Windows\System32\sechost.dll
0x00007fff0dcc0000 - 0x00007fff0dde4000 	C:\Windows\System32\RPCRT4.dll
0x00007fff0d540000 - 0x00007fff0d548000 	C:\Windows\System32\PSAPI.DLL
0x00007fff04340000 - 0x00007fff04349000 	C:\Windows\SYSTEM32\WSOCK32.dll
0x00007ffeff660000 - 0x00007ffeff687000 	C:\Windows\SYSTEM32\WINMM.dll
0x00007fff0d870000 - 0x00007fff0d8db000 	C:\Windows\System32\WS2_32.dll
0x00007fff07a30000 - 0x00007fff07a3a000 	C:\Windows\SYSTEM32\VERSION.dll
0x00007fff0a7f0000 - 0x00007fff0a802000 	C:\Windows\SYSTEM32\kernel.appcore.dll
0x00007ffef4450000 - 0x00007ffef4461000 	C:\Program Files\Android\Android Studio\jre\bin\verify.dll
0x00007fff064f0000 - 0x00007fff066d4000 	C:\Windows\SYSTEM32\DBGHELP.DLL
0x00007fff062c0000 - 0x00007fff062f5000 	C:\Windows\SYSTEM32\dbgcore.DLL
0x00007fff0d120000 - 0x00007fff0d1a2000 	C:\Windows\System32\bcryptPrimitives.dll
0x00007ffef4260000 - 0x00007ffef4289000 	C:\Program Files\Android\Android Studio\jre\bin\java.dll
0x00007ffefd6b0000 - 0x00007ffefd6bb000 	C:\Program Files\Android\Android Studio\jre\bin\jimage.dll
0x00007ffef43f0000 - 0x00007ffef4408000 	C:\Program Files\Android\Android Studio\jre\bin\zip.dll
0x00007fff0e920000 - 0x00007fff0f065000 	C:\Windows\System32\SHELL32.dll
0x00007fff0a9f0000 - 0x00007fff0b182000 	C:\Windows\SYSTEM32\windows.storage.dll
0x00007fff0e410000 - 0x00007fff0e765000 	C:\Windows\System32\combase.dll
0x00007fff0c360000 - 0x00007fff0c390000 	C:\Windows\SYSTEM32\Wldp.dll
0x00007fff0dab0000 - 0x00007fff0db5d000 	C:\Windows\System32\SHCORE.dll
0x00007fff0e3b0000 - 0x00007fff0e405000 	C:\Windows\System32\shlwapi.dll
0x00007fff0c8b0000 - 0x00007fff0c8cf000 	C:\Windows\SYSTEM32\profapi.dll
0x00007ffee7e80000 - 0x00007ffee7e9a000 	C:\Program Files\Android\Android Studio\jre\bin\net.dll
0x00007fff03fb0000 - 0x00007fff040ba000 	C:\Windows\SYSTEM32\WINHTTP.dll
0x00007fff0c0c0000 - 0x00007fff0c12a000 	C:\Windows\system32\mswsock.dll
0x00007ffee7e60000 - 0x00007ffee7e74000 	C:\Program Files\Android\Android Studio\jre\bin\nio.dll
0x00007ffebc9a0000 - 0x00007ffebc9c7000 	C:\Users\IBRAR\.gradle\native\e1d6ef7f7dcc3fd88c89a11ec53ec762bb8ba0a96d01ffa2cd45eb1d1d8dd5c5\windows-amd64\native-platform.dll
0x00007ffe9a440000 - 0x00007ffe9a584000 	C:\Users\IBRAR\.gradle\native\0d407fdbe67a94daf76414ababcb853783967236a71b16ec16e742cd7a986fd3\windows-amd64\native-platform-file-events.dll
0x00007ffef5e80000 - 0x00007ffef5e8a000 	C:\Program Files\Android\Android Studio\jre\bin\management.dll
0x00007ffeeb5c0000 - 0x00007ffeeb5cd000 	C:\Program Files\Android\Android Studio\jre\bin\management_ext.dll
0x00007fff0c2b0000 - 0x00007fff0c2c8000 	C:\Windows\SYSTEM32\CRYPTSP.dll
0x00007fff0b930000 - 0x00007fff0b964000 	C:\Windows\system32\rsaenh.dll
0x00007fff0ca10000 - 0x00007fff0ca37000 	C:\Windows\System32\bcrypt.dll
0x00007fff0c870000 - 0x00007fff0c89e000 	C:\Windows\SYSTEM32\USERENV.dll
0x00007fff0c2d0000 - 0x00007fff0c2dc000 	C:\Windows\SYSTEM32\CRYPTBASE.dll
0x00007fff0bd40000 - 0x00007fff0bd7b000 	C:\Windows\SYSTEM32\IPHLPAPI.DLL
0x00007fff0f220000 - 0x00007fff0f228000 	C:\Windows\System32\NSI.dll
0x00007fff04ab0000 - 0x00007fff04ac7000 	C:\Windows\SYSTEM32\dhcpcsvc6.DLL
0x00007fff04fa0000 - 0x00007fff04fbd000 	C:\Windows\SYSTEM32\dhcpcsvc.DLL
0x00007fff0bd80000 - 0x00007fff0be4b000 	C:\Windows\SYSTEM32\DNSAPI.dll

dbghelp: loaded successfully - version: 4.0.5 - missing functions: none
symbol engine: initialized successfully - sym options: 0x614 - pdb path: .;C:\Program Files\Android\Android Studio\jre\bin;C:\Windows\SYSTEM32;C:\Windows\WinSxS\amd64_microsoft.windows.common-controls_6595b64144ccf1df_6.0.19041.1110_none_60b5254171f9507e;C:\Program Files\Android\Android Studio\jre\bin\server;C:\Users\IBRAR\.gradle\native\e1d6ef7f7dcc3fd88c89a11ec53ec762bb8ba0a96d01ffa2cd45eb1d1d8dd5c5\windows-amd64;C:\Users\IBRAR\.gradle\native\0d407fdbe67a94daf76414ababcb853783967236a71b16ec16e742cd7a986fd3\windows-amd64

VM Arguments:
jvm_args: --add-opens=java.base/java.util=ALL-UNNAMED --add-opens=java.base/java.lang=ALL-UNNAMED --add-opens=java.base/java.lang.invoke=ALL-UNNAMED --add-opens=java.base/java.util=ALL-UNNAMED --add-opens=java.prefs/java.util.prefs=ALL-UNNAMED --add-opens=java.prefs/java.util.prefs=ALL-UNNAMED --add-opens=java.base/java.nio.charset=ALL-UNNAMED --add-opens=java.base/java.net=ALL-UNNAMED --add-opens=java.base/java.util.concurrent.atomic=ALL-UNNAMED -Xmx2048m -Dfile.encoding=UTF-8 -Duser.country=US -Duser.language=en -Duser.variant 
java_command: org.gradle.launcher.daemon.bootstrap.GradleDaemon 7.4
java_class_path (initial): C:\Users\IBRAR\.gradle\wrapper\dists\gradle-7.4-bin\c0gwcg53nkjbqw7r0h0umtfvt\gradle-7.4\lib\gradle-launcher-7.4.jar
Launcher Type: SUN_STANDARD

[Global flags]
     intx CICompilerCount                          = 3                                         {product} {ergonomic}
     uint ConcGCThreads                            = 1                                         {product} {ergonomic}
     uint G1ConcRefinementThreads                  = 4                                         {product} {ergonomic}
   size_t G1HeapRegionSize                         = 1048576                                   {product} {ergonomic}
    uintx GCDrainStackTargetSize                   = 64                                        {product} {ergonomic}
   size_t InitialHeapSize                          = 199229440                                 {product} {ergonomic}
   size_t MarkStackSize                            = 4194304                                   {product} {ergonomic}
   size_t MaxHeapSize                              = 2147483648                                {product} {command line}
   size_t MaxNewSize                               = 1287651328                                {product} {ergonomic}
   size_t MinHeapDeltaBytes                        = 1048576                                   {product} {ergonomic}
    uintx NonNMethodCodeHeapSize                   = 5830732                                {pd product} {ergonomic}
    uintx NonProfiledCodeHeapSize                  = 122913754                              {pd product} {ergonomic}
    uintx ProfiledCodeHeapSize                     = 122913754                              {pd product} {ergonomic}
    uintx ReservedCodeCacheSize                    = 251658240                              {pd product} {ergonomic}
     bool SegmentedCodeCache                       = true                                      {product} {ergonomic}
     bool UseCompressedClassPointers               = true                                 {lp64_product} {ergonomic}
     bool UseCompressedOops                        = true                                 {lp64_product} {ergonomic}
     bool UseG1GC                                  = true                                      {product} {ergonomic}
     bool UseLargePagesIndividualAllocation        = false                                  {pd product} {ergonomic}

Logging:
Log output configuration:
 #0: stdout all=warning uptime,level,tags
 #1: stderr all=off uptime,level,tags

Environment Variables:
PATH=C:\ProgramData\Oracle\Java\javapath;C:\Program Files\Common Files\Oracle\Java\javapath;C:\Windows\system32;C:\Windows;C:\Windows\System32\Wbem;C:\Windows\System32\WindowsPowerShell\v1.0\;C:\Windows\System32\OpenSSH\;C:\Program Files\Git\cmd;C:\laragon\bin\php\php-7.4.19-Win32-vc15-x64;D:\laragon\bin\php\php-7.4.19-Win32-vc15-x64;C:\Program Files\Java\jdk-18.0.2.1\bin;C:\Program Files (x86)\Microsoft VS Code\bin;C:\composer;C:\laragon\bin;C:\laragon\bin\apache\httpd-2.4.47-win64-VS16\bin;C:\laragon\bin\composer;C:\laragon\bin\git\bin;C:\laragon\bin\git\cmd;C:\laragon\bin\git\mingw64\bin;C:\laragon\bin\git\usr\bin;C:\laragon\bin\laragon\utils;C:\laragon\bin\mysql\mysql-5.7.33-winx64\bin;C:\laragon\bin\nginx\nginx-1.19.10;C:\laragon\bin\ngrok;C:\laragon\bin\nodejs\node-v14;C:\laragon\bin\notepad++;C:\laragon\bin\php\php-7.4.19-Win32-vc15-x64;C:\laragon\bin\redis\redis-x64-3.2.100;C:\laragon\bin\telnet;C:\laragon\usr\bin;C:\Users\IBRAR\AppData\Local\Yarn\config\global\node_modules\.bin;C:\Users\IBRAR\AppData\Roaming\npm;C:\Users\IBRAR\AppData\Local\Microsoft\WindowsApps;D:\Android\flutter\bin;C:\Users\IBRAR\AppData\Local\Android\Sdk\cmdline-tools\latest\bin;C:\Users\IBRAR\AppData\Local\Pub\Cache\bin;C:\Users\IBRAR\AppData\Roaming\Composer\vendor\bin;D:\Android\flutter\bin\cache\dart-sdk;D:\Android\flutter\.pub-cache\bin;C:\Users\IBRAR\AppData\Local\Programs\Microsoft VS Code\bin;C:\Users\IBRAR\AppData\Local\Android\Sdk
USERNAME=IBRAR
OS=Windows_NT
PROCESSOR_IDENTIFIER=Intel64 Family 6 Model 142 Stepping 12, GenuineIntel



---------------  S Y S T E M  ---------------

OS: Windows 10 , 64 bit Build 19041 (10.0.19041.2546)
OS uptime: 0 days 8:19 hours
Hyper-V role detected

CPU:total 4 (initial active 4) (2 cores per cpu, 2 threads per core) family 6 model 142 stepping 12 microcode 0xec, cmov, cx8, fxsr, mmx, sse, sse2, sse3, ssse3, sse4.1, sse4.2, popcnt, avx, avx2, aes, clmul, erms, 3dnowpref, lzcnt, ht, tsc, tscinvbit, bmi1, bmi2, adx, fma

Memory: 4k page, system-wide physical 12122M (328M free)
TotalPageFile size 12122M (AvailPageFile size 3M)
current process WorkingSet (physical memory assigned to process): 403M, peak: 404M
current process commit charge ("private bytes"): 443M, peak: 445M

vm_info: OpenJDK 64-Bit Server VM (11.0.13+0-b1751.21-8125866) for windows-amd64 JRE (11.0.13+0-b1751.21-8125866), built on Feb  2 2022 03:00:22 by "builder" with MS VC++ 14.0 (VS2015)

END.
