#
# There is insufficient memory for the Java Runtime Environment to continue.
# Native memory allocation (malloc) failed to allocate 1309296 bytes for Chunk::new
# Possible reasons:
#   The system is out of physical RAM or swap space
#   The process is running with CompressedOops enabled, and the Java Heap may be blocking the growth of the native heap
# Possible solutions:
#   Reduce memory load on the system
#   Increase physical memory or swap space
#   Check if swap backing store is full
#   Decrease Java heap size (-Xmx/-Xms)
#   Decrease number of Java threads
#   Decrease Java thread stack sizes (-Xss)
#   Set larger code cache with -XX:ReservedCodeCacheSize=
#   JVM is running with Unscaled Compressed Oops mode in which the Java heap is
#     placed in the first 4GB address space. The Java Heap base address is the
#     maximum limit for the native heap growth. Please use -XX:HeapBaseMinAddress
#     to set the Java Heap base and to place the Java Heap above 4GB virtual address.
# This output file may be truncated or incomplete.
#
#  Out of Memory Error (./src/hotspot/share/memory/arena.cpp:197), pid=4732, tid=5892
#
# JRE version: OpenJDK Runtime Environment (11.0.13) (build 11.0.13+0-b1751.21-8125866)
# Java VM: OpenJDK 64-Bit Server VM (11.0.13+0-b1751.21-8125866, mixed mode, tiered, compressed oops, g1 gc, windows-amd64)
# No core dump will be written. Minidumps are not enabled by default on client versions of Windows
#

---------------  S U M M A R Y ------------

Command Line: --add-opens=java.base/java.util=ALL-UNNAMED --add-opens=java.base/java.lang=ALL-UNNAMED --add-opens=java.base/java.lang.invoke=ALL-UNNAMED --add-opens=java.base/java.util=ALL-UNNAMED --add-opens=java.prefs/java.util.prefs=ALL-UNNAMED --add-opens=java.prefs/java.util.prefs=ALL-UNNAMED --add-opens=java.base/java.nio.charset=ALL-UNNAMED --add-opens=java.base/java.net=ALL-UNNAMED --add-opens=java.base/java.util.concurrent.atomic=ALL-UNNAMED -Xmx2048m -Dfile.encoding=UTF-8 -Duser.country=US -Duser.language=en -Duser.variant org.gradle.launcher.daemon.bootstrap.GradleDaemon 7.4

Host: Intel(R) Core(TM) i3-10110U CPU @ 2.10GHz, 4 cores, 11G,  Windows 10 , 64 bit Build 19041 (10.0.19041.2546)
Time: Fri Mar 24 15:57:01 2023 SE Asia Standard Time elapsed time: 3.850347 seconds (0d 0h 0m 3s)

---------------  T H R E A D  ---------------

Current thread (0x00000227ba842800):  JavaThread "C2 CompilerThread0" daemon [_thread_in_native, id=5892, stack(0x0000006cf5a00000,0x0000006cf5b00000)]


Current CompileTask:
C2:   3850 1919   !   4       java.lang.ClassLoader::loadClass (122 bytes)

Stack: [0x0000006cf5a00000,0x0000006cf5b00000]
Native frames: (J=compiled Java code, j=interpreted, Vv=VM code, C=native code)
V  [jvm.dll+0x6100fa]
V  [jvm.dll+0x747090]
V  [jvm.dll+0x7486ad]
V  [jvm.dll+0x748d83]
V  [jvm.dll+0x24ab48]
V  [jvm.dll+0xc04dc]
V  [jvm.dll+0xc0a0c]
V  [jvm.dll+0x35eb5b]
V  [jvm.dll+0x32b833]
V  [jvm.dll+0x32ad2a]
V  [jvm.dll+0x2032b2]
V  [jvm.dll+0x202437]
V  [jvm.dll+0x188e01]
V  [jvm.dll+0x21106b]
V  [jvm.dll+0x20f8c1]
V  [jvm.dll+0x70de0f]
V  [jvm.dll+0x706a75]
V  [jvm.dll+0x60ed66]
C  [ucrtbase.dll+0x21bb2]
C  [KERNEL32.DLL+0x17614]
C  [ntdll.dll+0x526a1]


---------------  P R O C E S S  ---------------

Threads class SMR info:
_java_thread_list=0x00000227bd4755c0, length=24, elements={
0x00000227a039f000, 0x00000227b9fe5000, 0x00000227b9fed800, 0x00000227ba838800,
0x00000227ba839000, 0x00000227ba83d800, 0x00000227ba842800, 0x00000227ba844000,
0x00000227ba848000, 0x00000227ba9a4000, 0x00000227bcd3c000, 0x00000227bb8d1800,
0x00000227bb879000, 0x00000227bce5b800, 0x00000227bd2b2800, 0x00000227bca94000,
0x00000227bd4da800, 0x00000227bcde8800, 0x00000227bcda5000, 0x00000227bd0f4000,
0x00000227bd0f5000, 0x00000227bce05800, 0x00000227bce08000, 0x00000227bce03800
}

Java Threads: ( => current thread )
  0x00000227a039f000 JavaThread "main" [_thread_blocked, id=13032, stack(0x0000006cf4e00000,0x0000006cf4f00000)]
  0x00000227b9fe5000 JavaThread "Reference Handler" daemon [_thread_blocked, id=12128, stack(0x0000006cf5500000,0x0000006cf5600000)]
  0x00000227b9fed800 JavaThread "Finalizer" daemon [_thread_blocked, id=3820, stack(0x0000006cf5600000,0x0000006cf5700000)]
  0x00000227ba838800 JavaThread "Signal Dispatcher" daemon [_thread_blocked, id=13572, stack(0x0000006cf5700000,0x0000006cf5800000)]
  0x00000227ba839000 JavaThread "Attach Listener" daemon [_thread_blocked, id=7776, stack(0x0000006cf5800000,0x0000006cf5900000)]
  0x00000227ba83d800 JavaThread "Service Thread" daemon [_thread_blocked, id=12296, stack(0x0000006cf5900000,0x0000006cf5a00000)]
=>0x00000227ba842800 JavaThread "C2 CompilerThread0" daemon [_thread_in_native, id=5892, stack(0x0000006cf5a00000,0x0000006cf5b00000)]
  0x00000227ba844000 JavaThread "C1 CompilerThread0" daemon [_thread_in_native, id=1516, stack(0x0000006cf5b00000,0x0000006cf5c00000)]
  0x00000227ba848000 JavaThread "Sweeper thread" daemon [_thread_blocked, id=7144, stack(0x0000006cf5c00000,0x0000006cf5d00000)]
  0x00000227ba9a4000 JavaThread "Common-Cleaner" daemon [_thread_blocked, id=13560, stack(0x0000006cf5d00000,0x0000006cf5e00000)]
  0x00000227bcd3c000 JavaThread "Daemon health stats" [_thread_blocked, id=4904, stack(0x0000006cf6300000,0x0000006cf6400000)]
  0x00000227bb8d1800 JavaThread "Incoming local TCP Connector on port 56254" [_thread_in_native, id=14024, stack(0x0000006cf5f00000,0x0000006cf6000000)]
  0x00000227bb879000 JavaThread "Daemon periodic checks" [_thread_blocked, id=7508, stack(0x0000006cf6400000,0x0000006cf6500000)]
  0x00000227bce5b800 JavaThread "Daemon" [_thread_blocked, id=14140, stack(0x0000006cf6500000,0x0000006cf6600000)]
  0x00000227bd2b2800 JavaThread "Handler for socket connection from /127.0.0.1:56254 to /127.0.0.1:56255" [_thread_in_native, id=8176, stack(0x0000006cf6600000,0x0000006cf6700000)]
  0x00000227bca94000 JavaThread "Cancel handler" [_thread_blocked, id=10232, stack(0x0000006cf6700000,0x0000006cf6800000)]
  0x00000227bd4da800 JavaThread "Daemon worker" [_thread_in_vm, id=12044, stack(0x0000006cf6800000,0x0000006cf6900000)]
  0x00000227bcde8800 JavaThread "C2 CompilerThread1" daemon [_thread_blocked, id=11688, stack(0x0000006cf6900000,0x0000006cf6a00000)]
  0x00000227bcda5000 JavaThread "Asynchronous log dispatcher for DefaultDaemonConnection: socket connection from /127.0.0.1:56254 to /127.0.0.1:56255" [_thread_blocked, id=12796, stack(0x0000006cf6a00000,0x0000006cf6b00000)]
  0x00000227bd0f4000 JavaThread "Stdin handler" [_thread_blocked, id=9132, stack(0x0000006cf6b00000,0x0000006cf6c00000)]
  0x00000227bd0f5000 JavaThread "Daemon client event forwarder" [_thread_blocked, id=5576, stack(0x0000006cf6c00000,0x0000006cf6d00000)]
  0x00000227bce05800 JavaThread "Cache worker for journal cache (C:\Users\IBRAR\.gradle\caches\journal-1)" [_thread_blocked, id=14308, stack(0x0000006cf6d00000,0x0000006cf6e00000)]
  0x00000227bce08000 JavaThread "File lock request listener" [_thread_in_native, id=2096, stack(0x0000006cf6e00000,0x0000006cf6f00000)]
  0x00000227bce03800 JavaThread "Cache worker for file hash cache (C:\Users\IBRAR\.gradle\caches\7.4\fileHashes)" [_thread_blocked, id=11276, stack(0x0000006cf6f00000,0x0000006cf7000000)]

Other Threads:
  0x00000227b9fcd800 VMThread "VM Thread" [stack: 0x0000006cf5400000,0x0000006cf5500000] [id=5536]
  0x00000227ba9a8800 WatcherThread [stack: 0x0000006cf5e00000,0x0000006cf5f00000] [id=9752]
  0x00000227a03b7800 GCTaskThread "GC Thread#0" [stack: 0x0000006cf4f00000,0x0000006cf5000000] [id=8580]
  0x00000227bb2bc800 GCTaskThread "GC Thread#1" [stack: 0x0000006cf6000000,0x0000006cf6100000] [id=4324]
  0x00000227bb6cd800 GCTaskThread "GC Thread#2" [stack: 0x0000006cf6100000,0x0000006cf6200000] [id=10992]
  0x00000227bb6ce000 GCTaskThread "GC Thread#3" [stack: 0x0000006cf6200000,0x0000006cf6300000] [id=8592]
  0x00000227a03e9000 ConcurrentGCThread "G1 Main Marker" [stack: 0x0000006cf5000000,0x0000006cf5100000] [id=12248]
  0x00000227a03ea000 ConcurrentGCThread "G1 Conc#0" [stack: 0x0000006cf5100000,0x0000006cf5200000] [id=10988]
  0x00000227b9e20800 ConcurrentGCThread "G1 Refine#0" [stack: 0x0000006cf5200000,0x0000006cf5300000] [id=1208]
  0x00000227b9e21000 ConcurrentGCThread "G1 Young RemSet Sampling" [stack: 0x0000006cf5300000,0x0000006cf5400000] [id=14108]

Threads with active compile tasks:
C2 CompilerThread0   3874 1919   !   4       java.lang.ClassLoader::loadClass (122 bytes)
C1 CompilerThread0   3874 1955       3       jdk.internal.org.objectweb.asm.MethodWriter::put (1602 bytes)

VM state:not at safepoint (normal execution)

VM Mutex/Monitor currently owned by a thread:  ([mutex/lock_event])
[0x00000227a039b3e0] Heap_lock - owner thread: 0x0000000000000000

Heap address: 0x0000000080000000, size: 2048 MB, Compressed Oops mode: 32-bit
Narrow klass base: 0x0000000000000000, Narrow klass shift: 3
Compressed class space size: 1073741824 Address: 0x0000000100000000

Heap:
 garbage-first heap   total 194560K, used 23679K [0x0000000080000000, 0x0000000100000000)
  region size 1024K, 13 young (13312K), 6 survivors (6144K)
 Metaspace       used 21584K, capacity 22163K, committed 22524K, reserved 1069056K
  class space    used 2660K, capacity 2865K, committed 2944K, reserved 1048576K
Heap Regions: E=young(eden), S=young(survivor), O=old, HS=humongous(starts), HC=humongous(continues), CS=collection set, F=free, A=archive, TAMS=top-at-mark-start (previous, next)
|   0|0x0000000080000000, 0x0000000080100000, 0x0000000080100000|100%|HS|  |TAMS 0x0000000080100000, 0x0000000080000000| Complete 
|   1|0x0000000080100000, 0x0000000080200000, 0x0000000080200000|100%|HC|  |TAMS 0x0000000080200000, 0x0000000080100000| Complete 
|   2|0x0000000080200000, 0x0000000080300000, 0x0000000080300000|100%|HC|  |TAMS 0x0000000080300000, 0x0000000080200000| Complete 
|   3|0x0000000080300000, 0x0000000080400000, 0x0000000080400000|100%| O|  |TAMS 0x0000000080400000, 0x0000000080300000| Untracked 
|   4|0x0000000080400000, 0x0000000080500000, 0x0000000080500000|100%| O|  |TAMS 0x0000000080500000, 0x0000000080400000| Untracked 
|   5|0x0000000080500000, 0x0000000080600000, 0x0000000080600000|100%| O|  |TAMS 0x0000000080600000, 0x0000000080500000| Untracked 
|   6|0x0000000080600000, 0x0000000080700000, 0x0000000080700000|100%| O|  |TAMS 0x0000000080700000, 0x0000000080600000| Untracked 
|   7|0x0000000080700000, 0x0000000080800000, 0x0000000080800000|100%| O|  |TAMS 0x0000000080800000, 0x0000000080700000| Untracked 
|   8|0x0000000080800000, 0x0000000080900000, 0x0000000080900000|100%| O|  |TAMS 0x0000000080900000, 0x0000000080800000| Untracked 
|   9|0x0000000080900000, 0x0000000080a00000, 0x0000000080a00000|100%| O|  |TAMS 0x0000000080a00000, 0x0000000080900000| Untracked 
|  10|0x0000000080a00000, 0x0000000080b00000, 0x0000000080b00000|100%| O|  |TAMS 0x0000000080b00000, 0x0000000080a00000| Untracked 
|  11|0x0000000080b00000, 0x0000000080bfb000, 0x0000000080c00000| 98%| O|  |TAMS 0x0000000080bfb000, 0x0000000080b00000| Untracked 
|  12|0x0000000080c00000, 0x0000000080c00000, 0x0000000080d00000|  0%| F|  |TAMS 0x0000000080c00000, 0x0000000080c00000| Untracked 
|  13|0x0000000080d00000, 0x0000000080d00000, 0x0000000080e00000|  0%| F|  |TAMS 0x0000000080d00000, 0x0000000080d00000| Untracked 
|  14|0x0000000080e00000, 0x0000000080e00000, 0x0000000080f00000|  0%| F|  |TAMS 0x0000000080e00000, 0x0000000080e00000| Untracked 
|  15|0x0000000080f00000, 0x0000000080f00000, 0x0000000081000000|  0%| F|  |TAMS 0x0000000080f00000, 0x0000000080f00000| Untracked 
|  16|0x0000000081000000, 0x0000000081000000, 0x0000000081100000|  0%| F|  |TAMS 0x0000000081000000, 0x0000000081000000| Untracked 
|  17|0x0000000081100000, 0x0000000081100000, 0x0000000081200000|  0%| F|  |TAMS 0x0000000081100000, 0x0000000081100000| Untracked 
|  18|0x0000000081200000, 0x0000000081200000, 0x0000000081300000|  0%| F|  |TAMS 0x0000000081200000, 0x0000000081200000| Untracked 
|  19|0x0000000081300000, 0x0000000081300000, 0x0000000081400000|  0%| F|  |TAMS 0x0000000081300000, 0x0000000081300000| Untracked 
|  20|0x0000000081400000, 0x0000000081400000, 0x0000000081500000|  0%| F|  |TAMS 0x0000000081400000, 0x0000000081400000| Untracked 
|  21|0x0000000081500000, 0x0000000081500000, 0x0000000081600000|  0%| F|  |TAMS 0x0000000081500000, 0x0000000081500000| Untracked 
|  22|0x0000000081600000, 0x0000000081600000, 0x0000000081700000|  0%| F|  |TAMS 0x0000000081600000, 0x0000000081600000| Untracked 
|  23|0x0000000081700000, 0x0000000081700000, 0x0000000081800000|  0%| F|  |TAMS 0x0000000081700000, 0x0000000081700000| Untracked 
|  24|0x0000000081800000, 0x0000000081800000, 0x0000000081900000|  0%| F|  |TAMS 0x0000000081800000, 0x0000000081800000| Untracked 
|  25|0x0000000081900000, 0x0000000081900000, 0x0000000081a00000|  0%| F|  |TAMS 0x0000000081900000, 0x0000000081900000| Untracked 
|  26|0x0000000081a00000, 0x0000000081a00000, 0x0000000081b00000|  0%| F|  |TAMS 0x0000000081a00000, 0x0000000081a00000| Untracked 
|  27|0x0000000081b00000, 0x0000000081b00000, 0x0000000081c00000|  0%| F|  |TAMS 0x0000000081b00000, 0x0000000081b00000| Untracked 
|  28|0x0000000081c00000, 0x0000000081c00000, 0x0000000081d00000|  0%| F|  |TAMS 0x0000000081c00000, 0x0000000081c00000| Untracked 
|  29|0x0000000081d00000, 0x0000000081d00000, 0x0000000081e00000|  0%| F|  |TAMS 0x0000000081d00000, 0x0000000081d00000| Untracked 
|  30|0x0000000081e00000, 0x0000000081e00000, 0x0000000081f00000|  0%| F|  |TAMS 0x0000000081e00000, 0x0000000081e00000| Untracked 
|  31|0x0000000081f00000, 0x0000000081f00000, 0x0000000082000000|  0%| F|  |TAMS 0x0000000081f00000, 0x0000000081f00000| Untracked 
|  32|0x0000000082000000, 0x0000000082000000, 0x0000000082100000|  0%| F|  |TAMS 0x0000000082000000, 0x0000000082000000| Untracked 
|  33|0x0000000082100000, 0x0000000082100000, 0x0000000082200000|  0%| F|  |TAMS 0x0000000082100000, 0x0000000082100000| Untracked 
|  34|0x0000000082200000, 0x0000000082200000, 0x0000000082300000|  0%| F|  |TAMS 0x0000000082200000, 0x0000000082200000| Untracked 
|  35|0x0000000082300000, 0x0000000082300000, 0x0000000082400000|  0%| F|  |TAMS 0x0000000082300000, 0x0000000082300000| Untracked 
|  36|0x0000000082400000, 0x0000000082400000, 0x0000000082500000|  0%| F|  |TAMS 0x0000000082400000, 0x0000000082400000| Untracked 
|  37|0x0000000082500000, 0x0000000082500000, 0x0000000082600000|  0%| F|  |TAMS 0x0000000082500000, 0x0000000082500000| Untracked 
|  38|0x0000000082600000, 0x0000000082600000, 0x0000000082700000|  0%| F|  |TAMS 0x0000000082600000, 0x0000000082600000| Untracked 
|  39|0x0000000082700000, 0x0000000082700000, 0x0000000082800000|  0%| F|  |TAMS 0x0000000082700000, 0x0000000082700000| Untracked 
|  40|0x0000000082800000, 0x0000000082800000, 0x0000000082900000|  0%| F|  |TAMS 0x0000000082800000, 0x0000000082800000| Untracked 
|  41|0x0000000082900000, 0x0000000082900000, 0x0000000082a00000|  0%| F|  |TAMS 0x0000000082900000, 0x0000000082900000| Untracked 
|  42|0x0000000082a00000, 0x0000000082a00000, 0x0000000082b00000|  0%| F|  |TAMS 0x0000000082a00000, 0x0000000082a00000| Untracked 
|  43|0x0000000082b00000, 0x0000000082b00000, 0x0000000082c00000|  0%| F|  |TAMS 0x0000000082b00000, 0x0000000082b00000| Untracked 
|  44|0x0000000082c00000, 0x0000000082c00000, 0x0000000082d00000|  0%| F|  |TAMS 0x0000000082c00000, 0x0000000082c00000| Untracked 
|  45|0x0000000082d00000, 0x0000000082d00000, 0x0000000082e00000|  0%| F|  |TAMS 0x0000000082d00000, 0x0000000082d00000| Untracked 
|  46|0x0000000082e00000, 0x0000000082e00000, 0x0000000082f00000|  0%| F|  |TAMS 0x0000000082e00000, 0x0000000082e00000| Untracked 
|  47|0x0000000082f00000, 0x0000000082f00000, 0x0000000083000000|  0%| F|  |TAMS 0x0000000082f00000, 0x0000000082f00000| Untracked 
|  48|0x0000000083000000, 0x0000000083000000, 0x0000000083100000|  0%| F|  |TAMS 0x0000000083000000, 0x0000000083000000| Untracked 
|  49|0x0000000083100000, 0x0000000083100000, 0x0000000083200000|  0%| F|  |TAMS 0x0000000083100000, 0x0000000083100000| Untracked 
|  50|0x0000000083200000, 0x0000000083200000, 0x0000000083300000|  0%| F|  |TAMS 0x0000000083200000, 0x0000000083200000| Untracked 
|  51|0x0000000083300000, 0x0000000083300000, 0x0000000083400000|  0%| F|  |TAMS 0x0000000083300000, 0x0000000083300000| Untracked 
|  52|0x0000000083400000, 0x0000000083400000, 0x0000000083500000|  0%| F|  |TAMS 0x0000000083400000, 0x0000000083400000| Untracked 
|  53|0x0000000083500000, 0x0000000083500000, 0x0000000083600000|  0%| F|  |TAMS 0x0000000083500000, 0x0000000083500000| Untracked 
|  54|0x0000000083600000, 0x0000000083600000, 0x0000000083700000|  0%| F|  |TAMS 0x0000000083600000, 0x0000000083600000| Untracked 
|  55|0x0000000083700000, 0x0000000083700000, 0x0000000083800000|  0%| F|  |TAMS 0x0000000083700000, 0x0000000083700000| Untracked 
|  56|0x0000000083800000, 0x0000000083800000, 0x0000000083900000|  0%| F|  |TAMS 0x0000000083800000, 0x0000000083800000| Untracked 
|  57|0x0000000083900000, 0x0000000083900000, 0x0000000083a00000|  0%| F|  |TAMS 0x0000000083900000, 0x0000000083900000| Untracked 
|  58|0x0000000083a00000, 0x0000000083a00000, 0x0000000083b00000|  0%| F|  |TAMS 0x0000000083a00000, 0x0000000083a00000| Untracked 
|  59|0x0000000083b00000, 0x0000000083b00000, 0x0000000083c00000|  0%| F|  |TAMS 0x0000000083b00000, 0x0000000083b00000| Untracked 
|  60|0x0000000083c00000, 0x0000000083c00000, 0x0000000083d00000|  0%| F|  |TAMS 0x0000000083c00000, 0x0000000083c00000| Untracked 
|  61|0x0000000083d00000, 0x0000000083d00000, 0x0000000083e00000|  0%| F|  |TAMS 0x0000000083d00000, 0x0000000083d00000| Untracked 
|  62|0x0000000083e00000, 0x0000000083e00000, 0x0000000083f00000|  0%| F|  |TAMS 0x0000000083e00000, 0x0000000083e00000| Untracked 
|  63|0x0000000083f00000, 0x0000000083f00000, 0x0000000084000000|  0%| F|  |TAMS 0x0000000083f00000, 0x0000000083f00000| Untracked 
|  64|0x0000000084000000, 0x0000000084000000, 0x0000000084100000|  0%| F|  |TAMS 0x0000000084000000, 0x0000000084000000| Untracked 
|  65|0x0000000084100000, 0x0000000084100000, 0x0000000084200000|  0%| F|  |TAMS 0x0000000084100000, 0x0000000084100000| Untracked 
|  66|0x0000000084200000, 0x0000000084200000, 0x0000000084300000|  0%| F|  |TAMS 0x0000000084200000, 0x0000000084200000| Untracked 
|  67|0x0000000084300000, 0x0000000084300000, 0x0000000084400000|  0%| F|  |TAMS 0x0000000084300000, 0x0000000084300000| Untracked 
|  68|0x0000000084400000, 0x0000000084400000, 0x0000000084500000|  0%| F|  |TAMS 0x0000000084400000, 0x0000000084400000| Untracked 
|  69|0x0000000084500000, 0x0000000084500000, 0x0000000084600000|  0%| F|  |TAMS 0x0000000084500000, 0x0000000084500000| Untracked 
|  70|0x0000000084600000, 0x0000000084600000, 0x0000000084700000|  0%| F|  |TAMS 0x0000000084600000, 0x0000000084600000| Untracked 
|  71|0x0000000084700000, 0x0000000084700000, 0x0000000084800000|  0%| F|  |TAMS 0x0000000084700000, 0x0000000084700000| Untracked 
|  72|0x0000000084800000, 0x0000000084800000, 0x0000000084900000|  0%| F|  |TAMS 0x0000000084800000, 0x0000000084800000| Untracked 
|  73|0x0000000084900000, 0x0000000084900000, 0x0000000084a00000|  0%| F|  |TAMS 0x0000000084900000, 0x0000000084900000| Untracked 
|  74|0x0000000084a00000, 0x0000000084a00000, 0x0000000084b00000|  0%| F|  |TAMS 0x0000000084a00000, 0x0000000084a00000| Untracked 
|  75|0x0000000084b00000, 0x0000000084b00000, 0x0000000084c00000|  0%| F|  |TAMS 0x0000000084b00000, 0x0000000084b00000| Untracked 
|  76|0x0000000084c00000, 0x0000000084c00000, 0x0000000084d00000|  0%| F|  |TAMS 0x0000000084c00000, 0x0000000084c00000| Untracked 
|  77|0x0000000084d00000, 0x0000000084d00000, 0x0000000084e00000|  0%| F|  |TAMS 0x0000000084d00000, 0x0000000084d00000| Untracked 
|  78|0x0000000084e00000, 0x0000000084e00000, 0x0000000084f00000|  0%| F|  |TAMS 0x0000000084e00000, 0x0000000084e00000| Untracked 
|  79|0x0000000084f00000, 0x0000000084f00000, 0x0000000085000000|  0%| F|  |TAMS 0x0000000084f00000, 0x0000000084f00000| Untracked 
|  80|0x0000000085000000, 0x0000000085000000, 0x0000000085100000|  0%| F|  |TAMS 0x0000000085000000, 0x0000000085000000| Untracked 
|  81|0x0000000085100000, 0x0000000085100000, 0x0000000085200000|  0%| F|  |TAMS 0x0000000085100000, 0x0000000085100000| Untracked 
|  82|0x0000000085200000, 0x0000000085200000, 0x0000000085300000|  0%| F|  |TAMS 0x0000000085200000, 0x0000000085200000| Untracked 
|  83|0x0000000085300000, 0x0000000085300000, 0x0000000085400000|  0%| F|  |TAMS 0x0000000085300000, 0x0000000085300000| Untracked 
|  84|0x0000000085400000, 0x0000000085400000, 0x0000000085500000|  0%| F|  |TAMS 0x0000000085400000, 0x0000000085400000| Untracked 
|  85|0x0000000085500000, 0x0000000085500000, 0x0000000085600000|  0%| F|  |TAMS 0x0000000085500000, 0x0000000085500000| Untracked 
|  86|0x0000000085600000, 0x0000000085600000, 0x0000000085700000|  0%| F|  |TAMS 0x0000000085600000, 0x0000000085600000| Untracked 
|  87|0x0000000085700000, 0x0000000085700000, 0x0000000085800000|  0%| F|  |TAMS 0x0000000085700000, 0x0000000085700000| Untracked 
|  88|0x0000000085800000, 0x0000000085800000, 0x0000000085900000|  0%| F|  |TAMS 0x0000000085800000, 0x0000000085800000| Untracked 
|  89|0x0000000085900000, 0x0000000085900000, 0x0000000085a00000|  0%| F|  |TAMS 0x0000000085900000, 0x0000000085900000| Untracked 
|  90|0x0000000085a00000, 0x0000000085a00000, 0x0000000085b00000|  0%| F|  |TAMS 0x0000000085a00000, 0x0000000085a00000| Untracked 
|  91|0x0000000085b00000, 0x0000000085b00000, 0x0000000085c00000|  0%| F|  |TAMS 0x0000000085b00000, 0x0000000085b00000| Untracked 
|  92|0x0000000085c00000, 0x0000000085c00000, 0x0000000085d00000|  0%| F|  |TAMS 0x0000000085c00000, 0x0000000085c00000| Untracked 
|  93|0x0000000085d00000, 0x0000000085d00000, 0x0000000085e00000|  0%| F|  |TAMS 0x0000000085d00000, 0x0000000085d00000| Untracked 
|  94|0x0000000085e00000, 0x0000000085e00000, 0x0000000085f00000|  0%| F|  |TAMS 0x0000000085e00000, 0x0000000085e00000| Untracked 
|  95|0x0000000085f00000, 0x0000000085f00000, 0x0000000086000000|  0%| F|  |TAMS 0x0000000085f00000, 0x0000000085f00000| Untracked 
|  96|0x0000000086000000, 0x0000000086000000, 0x0000000086100000|  0%| F|  |TAMS 0x0000000086000000, 0x0000000086000000| Untracked 
|  97|0x0000000086100000, 0x0000000086100000, 0x0000000086200000|  0%| F|  |TAMS 0x0000000086100000, 0x0000000086100000| Untracked 
|  98|0x0000000086200000, 0x0000000086200000, 0x0000000086300000|  0%| F|  |TAMS 0x0000000086200000, 0x0000000086200000| Untracked 
|  99|0x0000000086300000, 0x0000000086300000, 0x0000000086400000|  0%| F|  |TAMS 0x0000000086300000, 0x0000000086300000| Untracked 
| 100|0x0000000086400000, 0x0000000086400000, 0x0000000086500000|  0%| F|  |TAMS 0x0000000086400000, 0x0000000086400000| Untracked 
| 101|0x0000000086500000, 0x0000000086500000, 0x0000000086600000|  0%| F|  |TAMS 0x0000000086500000, 0x0000000086500000| Untracked 
| 102|0x0000000086600000, 0x0000000086600000, 0x0000000086700000|  0%| F|  |TAMS 0x0000000086600000, 0x0000000086600000| Untracked 
| 103|0x0000000086700000, 0x0000000086700000, 0x0000000086800000|  0%| F|  |TAMS 0x0000000086700000, 0x0000000086700000| Untracked 
| 104|0x0000000086800000, 0x0000000086800000, 0x0000000086900000|  0%| F|  |TAMS 0x0000000086800000, 0x0000000086800000| Untracked 
| 105|0x0000000086900000, 0x0000000086900000, 0x0000000086a00000|  0%| F|  |TAMS 0x0000000086900000, 0x0000000086900000| Untracked 
| 106|0x0000000086a00000, 0x0000000086a00000, 0x0000000086b00000|  0%| F|  |TAMS 0x0000000086a00000, 0x0000000086a00000| Untracked 
| 107|0x0000000086b00000, 0x0000000086b00000, 0x0000000086c00000|  0%| F|  |TAMS 0x0000000086b00000, 0x0000000086b00000| Untracked 
| 108|0x0000000086c00000, 0x0000000086c00000, 0x0000000086d00000|  0%| F|  |TAMS 0x0000000086c00000, 0x0000000086c00000| Untracked 
| 109|0x0000000086d00000, 0x0000000086d00000, 0x0000000086e00000|  0%| F|  |TAMS 0x0000000086d00000, 0x0000000086d00000| Untracked 
| 110|0x0000000086e00000, 0x0000000086e00000, 0x0000000086f00000|  0%| F|  |TAMS 0x0000000086e00000, 0x0000000086e00000| Untracked 
| 111|0x0000000086f00000, 0x0000000086f00000, 0x0000000087000000|  0%| F|  |TAMS 0x0000000086f00000, 0x0000000086f00000| Untracked 
| 112|0x0000000087000000, 0x0000000087000000, 0x0000000087100000|  0%| F|  |TAMS 0x0000000087000000, 0x0000000087000000| Untracked 
| 113|0x0000000087100000, 0x0000000087100000, 0x0000000087200000|  0%| F|  |TAMS 0x0000000087100000, 0x0000000087100000| Untracked 
| 114|0x0000000087200000, 0x0000000087200000, 0x0000000087300000|  0%| F|  |TAMS 0x0000000087200000, 0x0000000087200000| Untracked 
| 115|0x0000000087300000, 0x0000000087300000, 0x0000000087400000|  0%| F|  |TAMS 0x0000000087300000, 0x0000000087300000| Untracked 
| 116|0x0000000087400000, 0x0000000087400000, 0x0000000087500000|  0%| F|  |TAMS 0x0000000087400000, 0x0000000087400000| Untracked 
| 117|0x0000000087500000, 0x0000000087500000, 0x0000000087600000|  0%| F|  |TAMS 0x0000000087500000, 0x0000000087500000| Untracked 
| 118|0x0000000087600000, 0x0000000087600000, 0x0000000087700000|  0%| F|  |TAMS 0x0000000087600000, 0x0000000087600000| Untracked 
| 119|0x0000000087700000, 0x0000000087700000, 0x0000000087800000|  0%| F|  |TAMS 0x0000000087700000, 0x0000000087700000| Untracked 
| 120|0x0000000087800000, 0x0000000087800000, 0x0000000087900000|  0%| F|  |TAMS 0x0000000087800000, 0x0000000087800000| Untracked 
| 121|0x0000000087900000, 0x0000000087900000, 0x0000000087a00000|  0%| F|  |TAMS 0x0000000087900000, 0x0000000087900000| Untracked 
| 122|0x0000000087a00000, 0x0000000087a00000, 0x0000000087b00000|  0%| F|  |TAMS 0x0000000087a00000, 0x0000000087a00000| Untracked 
| 123|0x0000000087b00000, 0x0000000087b00000, 0x0000000087c00000|  0%| F|  |TAMS 0x0000000087b00000, 0x0000000087b00000| Untracked 
| 124|0x0000000087c00000, 0x0000000087c00000, 0x0000000087d00000|  0%| F|  |TAMS 0x0000000087c00000, 0x0000000087c00000| Untracked 
| 125|0x0000000087d00000, 0x0000000087d00000, 0x0000000087e00000|  0%| F|  |TAMS 0x0000000087d00000, 0x0000000087d00000| Untracked 
| 126|0x0000000087e00000, 0x0000000087e00000, 0x0000000087f00000|  0%| F|  |TAMS 0x0000000087e00000, 0x0000000087e00000| Untracked 
| 127|0x0000000087f00000, 0x0000000087f00000, 0x0000000088000000|  0%| F|  |TAMS 0x0000000087f00000, 0x0000000087f00000| Untracked 
| 128|0x0000000088000000, 0x0000000088000000, 0x0000000088100000|  0%| F|  |TAMS 0x0000000088000000, 0x0000000088000000| Untracked 
| 129|0x0000000088100000, 0x0000000088100000, 0x0000000088200000|  0%| F|  |TAMS 0x0000000088100000, 0x0000000088100000| Untracked 
| 130|0x0000000088200000, 0x0000000088200000, 0x0000000088300000|  0%| F|  |TAMS 0x0000000088200000, 0x0000000088200000| Untracked 
| 131|0x0000000088300000, 0x0000000088300000, 0x0000000088400000|  0%| F|  |TAMS 0x0000000088300000, 0x0000000088300000| Untracked 
| 132|0x0000000088400000, 0x0000000088400000, 0x0000000088500000|  0%| F|  |TAMS 0x0000000088400000, 0x0000000088400000| Untracked 
| 133|0x0000000088500000, 0x0000000088500000, 0x0000000088600000|  0%| F|  |TAMS 0x0000000088500000, 0x0000000088500000| Untracked 
| 134|0x0000000088600000, 0x0000000088600000, 0x0000000088700000|  0%| F|  |TAMS 0x0000000088600000, 0x0000000088600000| Untracked 
| 135|0x0000000088700000, 0x0000000088700000, 0x0000000088800000|  0%| F|  |TAMS 0x0000000088700000, 0x0000000088700000| Untracked 
| 136|0x0000000088800000, 0x0000000088800000, 0x0000000088900000|  0%| F|  |TAMS 0x0000000088800000, 0x0000000088800000| Untracked 
| 137|0x0000000088900000, 0x0000000088900000, 0x0000000088a00000|  0%| F|  |TAMS 0x0000000088900000, 0x0000000088900000| Untracked 
| 138|0x0000000088a00000, 0x0000000088a00000, 0x0000000088b00000|  0%| F|  |TAMS 0x0000000088a00000, 0x0000000088a00000| Untracked 
| 139|0x0000000088b00000, 0x0000000088b00000, 0x0000000088c00000|  0%| F|  |TAMS 0x0000000088b00000, 0x0000000088b00000| Untracked 
| 140|0x0000000088c00000, 0x0000000088c00000, 0x0000000088d00000|  0%| F|  |TAMS 0x0000000088c00000, 0x0000000088c00000| Untracked 
| 141|0x0000000088d00000, 0x0000000088d00000, 0x0000000088e00000|  0%| F|  |TAMS 0x0000000088d00000, 0x0000000088d00000| Untracked 
| 142|0x0000000088e00000, 0x0000000088e00000, 0x0000000088f00000|  0%| F|  |TAMS 0x0000000088e00000, 0x0000000088e00000| Untracked 
| 143|0x0000000088f00000, 0x0000000088f00000, 0x0000000089000000|  0%| F|  |TAMS 0x0000000088f00000, 0x0000000088f00000| Untracked 
| 144|0x0000000089000000, 0x0000000089000000, 0x0000000089100000|  0%| F|  |TAMS 0x0000000089000000, 0x0000000089000000| Untracked 
| 145|0x0000000089100000, 0x0000000089100000, 0x0000000089200000|  0%| F|  |TAMS 0x0000000089100000, 0x0000000089100000| Untracked 
| 146|0x0000000089200000, 0x0000000089200000, 0x0000000089300000|  0%| F|  |TAMS 0x0000000089200000, 0x0000000089200000| Untracked 
| 147|0x0000000089300000, 0x0000000089300000, 0x0000000089400000|  0%| F|  |TAMS 0x0000000089300000, 0x0000000089300000| Untracked 
| 148|0x0000000089400000, 0x0000000089400000, 0x0000000089500000|  0%| F|  |TAMS 0x0000000089400000, 0x0000000089400000| Untracked 
| 149|0x0000000089500000, 0x0000000089500000, 0x0000000089600000|  0%| F|  |TAMS 0x0000000089500000, 0x0000000089500000| Untracked 
| 150|0x0000000089600000, 0x0000000089600000, 0x0000000089700000|  0%| F|  |TAMS 0x0000000089600000, 0x0000000089600000| Untracked 
| 151|0x0000000089700000, 0x0000000089700000, 0x0000000089800000|  0%| F|  |TAMS 0x0000000089700000, 0x0000000089700000| Untracked 
| 152|0x0000000089800000, 0x0000000089800000, 0x0000000089900000|  0%| F|  |TAMS 0x0000000089800000, 0x0000000089800000| Untracked 
| 153|0x0000000089900000, 0x0000000089900000, 0x0000000089a00000|  0%| F|  |TAMS 0x0000000089900000, 0x0000000089900000| Untracked 
| 154|0x0000000089a00000, 0x0000000089a00000, 0x0000000089b00000|  0%| F|  |TAMS 0x0000000089a00000, 0x0000000089a00000| Untracked 
| 155|0x0000000089b00000, 0x0000000089b24ef0, 0x0000000089c00000| 14%| S|CS|TAMS 0x0000000089b00000, 0x0000000089b00000| Complete 
| 156|0x0000000089c00000, 0x0000000089d00000, 0x0000000089d00000|100%| S|CS|TAMS 0x0000000089c00000, 0x0000000089c00000| Complete 
| 157|0x0000000089d00000, 0x0000000089e00000, 0x0000000089e00000|100%| S|CS|TAMS 0x0000000089d00000, 0x0000000089d00000| Complete 
| 158|0x0000000089e00000, 0x0000000089f00000, 0x0000000089f00000|100%| S|CS|TAMS 0x0000000089e00000, 0x0000000089e00000| Complete 
| 159|0x0000000089f00000, 0x000000008a000000, 0x000000008a000000|100%| S|CS|TAMS 0x0000000089f00000, 0x0000000089f00000| Complete 
| 160|0x000000008a000000, 0x000000008a100000, 0x000000008a100000|100%| S|CS|TAMS 0x000000008a000000, 0x000000008a000000| Complete 
| 161|0x000000008a100000, 0x000000008a100000, 0x000000008a200000|  0%| F|  |TAMS 0x000000008a100000, 0x000000008a100000| Untracked 
| 162|0x000000008a200000, 0x000000008a200000, 0x000000008a300000|  0%| F|  |TAMS 0x000000008a200000, 0x000000008a200000| Untracked 
| 163|0x000000008a300000, 0x000000008a300000, 0x000000008a400000|  0%| F|  |TAMS 0x000000008a300000, 0x000000008a300000| Untracked 
| 164|0x000000008a400000, 0x000000008a400000, 0x000000008a500000|  0%| F|  |TAMS 0x000000008a400000, 0x000000008a400000| Untracked 
| 165|0x000000008a500000, 0x000000008a500000, 0x000000008a600000|  0%| F|  |TAMS 0x000000008a500000, 0x000000008a500000| Untracked 
| 166|0x000000008a600000, 0x000000008a600000, 0x000000008a700000|  0%| F|  |TAMS 0x000000008a600000, 0x000000008a600000| Untracked 
| 167|0x000000008a700000, 0x000000008a700000, 0x000000008a800000|  0%| F|  |TAMS 0x000000008a700000, 0x000000008a700000| Untracked 
| 168|0x000000008a800000, 0x000000008a800000, 0x000000008a900000|  0%| F|  |TAMS 0x000000008a800000, 0x000000008a800000| Untracked 
| 169|0x000000008a900000, 0x000000008a900000, 0x000000008aa00000|  0%| F|  |TAMS 0x000000008a900000, 0x000000008a900000| Untracked 
| 170|0x000000008aa00000, 0x000000008aa00000, 0x000000008ab00000|  0%| F|  |TAMS 0x000000008aa00000, 0x000000008aa00000| Untracked 
| 171|0x000000008ab00000, 0x000000008ab00000, 0x000000008ac00000|  0%| F|  |TAMS 0x000000008ab00000, 0x000000008ab00000| Untracked 
| 172|0x000000008ac00000, 0x000000008ac00000, 0x000000008ad00000|  0%| F|  |TAMS 0x000000008ac00000, 0x000000008ac00000| Untracked 
| 173|0x000000008ad00000, 0x000000008ad00000, 0x000000008ae00000|  0%| F|  |TAMS 0x000000008ad00000, 0x000000008ad00000| Untracked 
| 174|0x000000008ae00000, 0x000000008ae00000, 0x000000008af00000|  0%| F|  |TAMS 0x000000008ae00000, 0x000000008ae00000| Untracked 
| 175|0x000000008af00000, 0x000000008af00000, 0x000000008b000000|  0%| F|  |TAMS 0x000000008af00000, 0x000000008af00000| Untracked 
| 176|0x000000008b000000, 0x000000008b000000, 0x000000008b100000|  0%| F|  |TAMS 0x000000008b000000, 0x000000008b000000| Untracked 
| 177|0x000000008b100000, 0x000000008b100000, 0x000000008b200000|  0%| F|  |TAMS 0x000000008b100000, 0x000000008b100000| Untracked 
| 178|0x000000008b200000, 0x000000008b200000, 0x000000008b300000|  0%| F|  |TAMS 0x000000008b200000, 0x000000008b200000| Untracked 
| 179|0x000000008b300000, 0x000000008b300000, 0x000000008b400000|  0%| F|  |TAMS 0x000000008b300000, 0x000000008b300000| Untracked 
| 180|0x000000008b400000, 0x000000008b400000, 0x000000008b500000|  0%| F|  |TAMS 0x000000008b400000, 0x000000008b400000| Untracked 
| 181|0x000000008b500000, 0x000000008b500000, 0x000000008b600000|  0%| F|  |TAMS 0x000000008b500000, 0x000000008b500000| Untracked 
| 182|0x000000008b600000, 0x000000008b600000, 0x000000008b700000|  0%| F|  |TAMS 0x000000008b600000, 0x000000008b600000| Untracked 
| 183|0x000000008b700000, 0x000000008b780800, 0x000000008b800000| 50%| E|  |TAMS 0x000000008b700000, 0x000000008b700000| Complete 
| 184|0x000000008b800000, 0x000000008b900000, 0x000000008b900000|100%| E|CS|TAMS 0x000000008b800000, 0x000000008b800000| Complete 
| 185|0x000000008b900000, 0x000000008ba00000, 0x000000008ba00000|100%| E|CS|TAMS 0x000000008b900000, 0x000000008b900000| Complete 
| 186|0x000000008ba00000, 0x000000008bb00000, 0x000000008bb00000|100%| E|CS|TAMS 0x000000008ba00000, 0x000000008ba00000| Complete 
| 187|0x000000008bb00000, 0x000000008bc00000, 0x000000008bc00000|100%| E|CS|TAMS 0x000000008bb00000, 0x000000008bb00000| Complete 
| 188|0x000000008bc00000, 0x000000008bd00000, 0x000000008bd00000|100%| E|CS|TAMS 0x000000008bc00000, 0x000000008bc00000| Complete 
| 189|0x000000008bd00000, 0x000000008be00000, 0x000000008be00000|100%| E|CS|TAMS 0x000000008bd00000, 0x000000008bd00000| Complete 

Card table byte_map: [0x00000227b32c0000,0x00000227b36c0000] _byte_map_base: 0x00000227b2ec0000

Marking Bits (Prev, Next): (CMBitMap*) 0x00000227a03dffc0, (CMBitMap*) 0x00000227a03dff88
 Prev Bits: [0x00000227b5ac0000, 0x00000227b7ac0000)
 Next Bits: [0x00000227b3ac0000, 0x00000227b5ac0000)

Polling page: 0x000002279e550000

Metaspace:

Usage:
  Non-class:     18.85 MB capacity,    18.50 MB ( 98%) used,   320.56 KB (  2%) free+waste,    36.88 KB ( <1%) overhead. 
      Class:      2.80 MB capacity,     2.60 MB ( 93%) used,   183.39 KB (  6%) free+waste,    18.19 KB ( <1%) overhead. 
       Both:     21.64 MB capacity,    21.10 MB ( 97%) used,   503.95 KB (  2%) free+waste,    55.06 KB ( <1%) overhead. 

Virtual space:
  Non-class space:       20.00 MB reserved,      19.12 MB ( 96%) committed 
      Class space:        1.00 GB reserved,       2.88 MB ( <1%) committed 
             Both:        1.02 GB reserved,      22.00 MB (  2%) committed 

Chunk freelists:
   Non-Class:  30.00 KB
       Class:  15.00 KB
        Both:  45.00 KB

MaxMetaspaceSize: 17179869184.00 GB
CompressedClassSpaceSize: 1.00 GB
Initial GC threshold: 20.80 MB
Current GC threshold: 35.20 MB
CDS: off

CodeHeap 'non-profiled nmethods': size=120064Kb used=987Kb max_used=987Kb free=119076Kb
 bounds [0x00000227ab980000, 0x00000227abbf0000, 0x00000227b2ec0000]
CodeHeap 'profiled nmethods': size=120000Kb used=4212Kb max_used=4212Kb free=115787Kb
 bounds [0x00000227a4450000, 0x00000227a4870000, 0x00000227ab980000]
CodeHeap 'non-nmethods': size=5696Kb used=1208Kb max_used=1225Kb free=4488Kb
 bounds [0x00000227a3ec0000, 0x00000227a4130000, 0x00000227a4450000]
 total_blobs=2433 nmethods=1953 adapters=392
 compilation: enabled
              stopped_count=0, restarted_count=0
 full_count=0

Compilation events (20 events):
Event: 3.845 Thread 0x00000227ba844000 nmethod 1936 0x00000227a485d810 code [0x00000227a485da00, 0x00000227a485dc28]
Event: 3.845 Thread 0x00000227ba844000 1937       3       sun.security.provider.MD5::FF (33 bytes)
Event: 3.846 Thread 0x00000227ba844000 nmethod 1937 0x00000227a485dd90 code [0x00000227a485df40, 0x00000227a485e058]
Event: 3.846 Thread 0x00000227ba844000 1939       3       sun.security.provider.MD5::HH (29 bytes)
Event: 3.846 Thread 0x00000227ba844000 nmethod 1939 0x00000227a485e110 code [0x00000227a485e2c0, 0x00000227a485e3d8]
Event: 3.846 Thread 0x00000227ba844000 1940       3       sun.security.provider.MD5::II (31 bytes)
Event: 3.846 Thread 0x00000227ba844000 nmethod 1940 0x00000227a485e490 code [0x00000227a485e640, 0x00000227a485e758]
Event: 3.846 Thread 0x00000227ba844000 1938       3       sun.security.provider.MD5::GG (33 bytes)
Event: 3.846 Thread 0x00000227ba844000 nmethod 1938 0x00000227a485e810 code [0x00000227a485e9c0, 0x00000227a485ead8]
Event: 3.846 Thread 0x00000227ba844000 1941       3       java.util.concurrent.ConcurrentHashMap::tableSizeFor (32 bytes)
Event: 3.846 Thread 0x00000227ba844000 nmethod 1941 0x00000227a485eb90 code [0x00000227a485ed60, 0x00000227a485ef48]
Event: 3.847 Thread 0x00000227ba844000 1942       3       sun.reflect.annotation.AnnotationType::getInstance (65 bytes)
Event: 3.848 Thread 0x00000227ba844000 nmethod 1942 0x00000227a485f010 code [0x00000227a485f220, 0x00000227a485f808]
Event: 3.848 Thread 0x00000227ba844000 1944       3       jdk.internal.reflect.ReflectionFactory::inflationThreshold (4 bytes)
Event: 3.848 Thread 0x00000227ba844000 nmethod 1944 0x00000227a485fa90 code [0x00000227a485fc40, 0x00000227a485fd38]
Event: 3.848 Thread 0x00000227ba844000 1943       3       java.util.Collections::emptySet (4 bytes)
Event: 3.848 Thread 0x00000227ba844000 nmethod 1943 0x00000227a485fd90 code [0x00000227a485ff40, 0x00000227a4860038]
Event: 3.848 Thread 0x00000227bcde8800 nmethod 1935 0x00000227aba75690 code [0x00000227aba75820, 0x00000227aba75af8]
Event: 3.848 Thread 0x00000227ba844000 1945       3       java.util.Collections$EmptySet::iterator (4 bytes)
Event: 3.848 Thread 0x00000227ba844000 nmethod 1945 0x00000227a4860090 code [0x00000227a4860240, 0x00000227a4860398]

GC Heap History (10 events):
Event: 0.654 GC heap before
{Heap before GC invocations=0 (full 0):
 garbage-first heap   total 194560K, used 16384K [0x0000000080000000, 0x0000000100000000)
  region size 1024K, 14 young (14336K), 0 survivors (0K)
 Metaspace       used 6748K, capacity 6993K, committed 7168K, reserved 1056768K
  class space    used 572K, capacity 650K, committed 768K, reserved 1048576K
}
Event: 0.663 GC heap after
{Heap after GC invocations=1 (full 0):
 garbage-first heap   total 194560K, used 4255K [0x0000000080000000, 0x0000000100000000)
  region size 1024K, 2 young (2048K), 2 survivors (2048K)
 Metaspace       used 6748K, capacity 6993K, committed 7168K, reserved 1056768K
  class space    used 572K, capacity 650K, committed 768K, reserved 1048576K
}
Event: 1.010 GC heap before
{Heap before GC invocations=1 (full 0):
 garbage-first heap   total 194560K, used 19615K [0x0000000080000000, 0x0000000100000000)
  region size 1024K, 14 young (14336K), 2 survivors (2048K)
 Metaspace       used 9877K, capacity 10122K, committed 10368K, reserved 1058816K
  class space    used 1011K, capacity 1102K, committed 1152K, reserved 1048576K
}
Event: 1.013 GC heap after
{Heap after GC invocations=2 (full 0):
 garbage-first heap   total 194560K, used 9558K [0x0000000080000000, 0x0000000100000000)
  region size 1024K, 2 young (2048K), 2 survivors (2048K)
 Metaspace       used 9877K, capacity 10122K, committed 10368K, reserved 1058816K
  class space    used 1011K, capacity 1102K, committed 1152K, reserved 1048576K
}
Event: 1.753 GC heap before
{Heap before GC invocations=2 (full 0):
 garbage-first heap   total 194560K, used 39254K [0x0000000080000000, 0x0000000100000000)
  region size 1024K, 30 young (30720K), 2 survivors (2048K)
 Metaspace       used 10858K, capacity 11077K, committed 11264K, reserved 1058816K
  class space    used 1112K, capacity 1207K, committed 1280K, reserved 1048576K
}
Event: 1.756 GC heap after
{Heap after GC invocations=3 (full 0):
 garbage-first heap   total 194560K, used 12305K [0x0000000080000000, 0x0000000100000000)
  region size 1024K, 4 young (4096K), 4 survivors (4096K)
 Metaspace       used 10858K, capacity 11077K, committed 11264K, reserved 1058816K
  class space    used 1112K, capacity 1207K, committed 1280K, reserved 1048576K
}
Event: 3.470 GC heap before
{Heap before GC invocations=3 (full 0):
 garbage-first heap   total 194560K, used 54289K [0x0000000080000000, 0x0000000100000000)
  region size 1024K, 46 young (47104K), 4 survivors (4096K)
 Metaspace       used 17635K, capacity 18007K, committed 18176K, reserved 1064960K
  class space    used 2051K, capacity 2177K, committed 2304K, reserved 1048576K
}
Event: 3.477 GC heap after
{Heap after GC invocations=4 (full 0):
 garbage-first heap   total 194560K, used 16045K [0x0000000080000000, 0x0000000100000000)
  region size 1024K, 6 young (6144K), 6 survivors (6144K)
 Metaspace       used 17635K, capacity 18007K, committed 18176K, reserved 1064960K
  class space    used 2051K, capacity 2177K, committed 2304K, reserved 1048576K
}
Event: 3.786 GC heap before
{Heap before GC invocations=4 (full 0):
 garbage-first heap   total 194560K, used 44717K [0x0000000080000000, 0x0000000100000000)
  region size 1024K, 35 young (35840K), 6 survivors (6144K)
 Metaspace       used 20828K, capacity 21193K, committed 21296K, reserved 1069056K
  class space    used 2526K, capacity 2688K, committed 2688K, reserved 1048576K
}
Event: 3.792 GC heap after
{Heap after GC invocations=5 (full 0):
 garbage-first heap   total 194560K, used 17535K [0x0000000080000000, 0x0000000100000000)
  region size 1024K, 6 young (6144K), 6 survivors (6144K)
 Metaspace       used 20828K, capacity 21193K, committed 21296K, reserved 1069056K
  class space    used 2526K, capacity 2688K, committed 2688K, reserved 1048576K
}

Deoptimization events (20 events):
Event: 3.752 Thread 0x00000227bd4da800 Uncommon trap: trap_request=0xffffff4d fr.pc=0x00000227ab99bb30 relative=0x0000000000000a10
Event: 3.752 Thread 0x00000227bd4da800 Uncommon trap: reason=unstable_if action=reinterpret pc=0x00000227ab99bb30 method=java.io.WinNTFileSystem.resolve(Ljava/lang/String;Ljava/lang/String;)Ljava/lang/String; @ 19 c2
Event: 3.752 Thread 0x00000227bd4da800 DEOPT PACKING pc=0x00000227ab99bb30 sp=0x0000006cf68fafc0
Event: 3.752 Thread 0x00000227bd4da800 DEOPT UNPACKING pc=0x00000227a3f0a1af sp=0x0000006cf68faf58 mode 2
Event: 3.753 Thread 0x00000227bd4da800 Uncommon trap: trap_request=0xffffffc6 fr.pc=0x00000227aba031a4 relative=0x0000000000000084
Event: 3.753 Thread 0x00000227bd4da800 Uncommon trap: reason=bimorphic_or_optimized_type_check action=maybe_recompile pc=0x00000227aba031a4 method=java.util.AbstractList$Itr.hasNext()Z @ 8 c2
Event: 3.753 Thread 0x00000227bd4da800 DEOPT PACKING pc=0x00000227aba031a4 sp=0x0000006cf68fa580
Event: 3.753 Thread 0x00000227bd4da800 DEOPT UNPACKING pc=0x00000227a3f0a1af sp=0x0000006cf68fa518 mode 2
Event: 3.753 Thread 0x00000227bd4da800 Uncommon trap: trap_request=0xffffffc6 fr.pc=0x00000227aba03540 relative=0x0000000000000100
Event: 3.753 Thread 0x00000227bd4da800 Uncommon trap: reason=bimorphic_or_optimized_type_check action=maybe_recompile pc=0x00000227aba03540 method=java.util.AbstractList$Itr.next()Ljava/lang/Object; @ 14 c2
Event: 3.753 Thread 0x00000227bd4da800 DEOPT PACKING pc=0x00000227aba03540 sp=0x0000006cf68fa570
Event: 3.753 Thread 0x00000227bd4da800 DEOPT UNPACKING pc=0x00000227a3f0a1af sp=0x0000006cf68fa508 mode 2
Event: 3.754 Thread 0x00000227bd4da800 Uncommon trap: trap_request=0xffffff4d fr.pc=0x00000227ab9fa984 relative=0x00000000000005c4
Event: 3.754 Thread 0x00000227bd4da800 Uncommon trap: reason=unstable_if action=reinterpret pc=0x00000227ab9fa984 method=java.io.File.getName()Ljava/lang/String; @ 16 c2
Event: 3.754 Thread 0x00000227bd4da800 DEOPT PACKING pc=0x00000227ab9fa984 sp=0x0000006cf68faf50
Event: 3.754 Thread 0x00000227bd4da800 DEOPT UNPACKING pc=0x00000227a3f0a1af sp=0x0000006cf68faf20 mode 2
Event: 3.754 Thread 0x00000227bd4da800 Uncommon trap: trap_request=0xffffff4d fr.pc=0x00000227ab9f89b4 relative=0x0000000000000474
Event: 3.754 Thread 0x00000227bd4da800 Uncommon trap: reason=unstable_if action=reinterpret pc=0x00000227ab9f89b4 method=java.lang.String.substring(I)Ljava/lang/String; @ 34 c2
Event: 3.754 Thread 0x00000227bd4da800 DEOPT PACKING pc=0x00000227ab9f89b4 sp=0x0000006cf68faed0
Event: 3.754 Thread 0x00000227bd4da800 DEOPT UNPACKING pc=0x00000227a3f0a1af sp=0x0000006cf68faea8 mode 2

Classes redefined (0 events):
No events

Internal exceptions (20 events):
Event: 0.295 Thread 0x00000227a039f000 Exception <a 'java/lang/NoSuchMethodError'{0x000000008ba16740}: 'int java.lang.invoke.DirectMethodHandle$Holder.invokeSpecialIFC(java.lang.Object, java.lang.Object, int)'> (0x000000008ba16740) thrown at [./src/hotspot/share/interpreter/linkResolver.cpp, line 773]
Event: 0.680 Thread 0x00000227a039f000 Exception <a 'java/lang/NoClassDefFoundError'{0x000000008bd7eb10}: org/slf4j/impl/StaticMarkerBinder> (0x000000008bd7eb10) thrown at [./src/hotspot/share/classfile/systemDictionary.cpp, line 220]
Event: 0.763 Thread 0x00000227a039f000 Exception <a 'java/lang/NoSuchMethodError'{0x000000008b9a9b78}: 'java.lang.Object java.lang.invoke.DirectMethodHandle$Holder.invokeVirtual(java.lang.Object, java.lang.Object, java.lang.Object, java.lang.Object, java.lang.Object, java.lang.Object, java.lang.Object)'> (0x000000008b9a9b78) thrown at [./src/hotspot/share/interpreter/linkResolver.cpp, line 773]
Event: 0.767 Thread 0x00000227a039f000 Exception <a 'java/lang/NoSuchMethodError'{0x000000008b9be630}: 'java.lang.Object java.lang.invoke.Invokers$Holder.invoker(java.lang.Object, java.lang.Object, java.lang.Object)'> (0x000000008b9be630) thrown at [./src/hotspot/share/interpreter/linkResolver.cpp, line 773]
Event: 0.772 Thread 0x00000227a039f000 Exception <a 'java/lang/NoSuchMethodError'{0x000000008b9cf6a8}: 'void java.lang.invoke.DelegatingMethodHandle$Holder.delegate(java.lang.Object, java.lang.Object, int, java.lang.Object)'> (0x000000008b9cf6a8) thrown at [./src/hotspot/share/interpreter/linkResolver.cpp, line 773]
Event: 1.796 Thread 0x00000227a039f000 Exception <a 'java/security/PrivilegedActionException'{0x000000008b8c2240}> (0x000000008b8c2240) thrown at [./src/hotspot/share/prims/jvm.cpp, line 1306]
Event: 1.796 Thread 0x00000227a039f000 Exception <a 'java/security/PrivilegedActionException'{0x000000008b8c27b8}> (0x000000008b8c27b8) thrown at [./src/hotspot/share/prims/jvm.cpp, line 1306]
Event: 2.334 Thread 0x00000227a039f000 Exception <a 'java/lang/NoSuchMethodError'{0x000000008a635988}: 'java.lang.Object java.lang.invoke.DirectMethodHandle$Holder.invokeStaticInit(java.lang.Object, java.lang.Object, java.lang.Object)'> (0x000000008a635988) thrown at [./src/hotspot/share/interpreter/linkResolver.cpp, line 773]
Event: 2.545 Thread 0x00000227a039f000 Exception <a 'java/lang/NoSuchMethodError'{0x000000008a0a4068}: 'java.lang.Object java.lang.invoke.DirectMethodHandle$Holder.invokeStaticInit(java.lang.Object, int, int, int, int)'> (0x000000008a0a4068) thrown at [./src/hotspot/share/interpreter/linkResolver.cpp, line 773]
Event: 2.830 Thread 0x00000227a039f000 Exception <a 'java/lang/NoSuchMethodError'{0x000000008a0e5c38}: 'java.lang.Object java.lang.invoke.DirectMethodHandle$Holder.invokeStaticInit(java.lang.Object, java.lang.Object, int, int, int, int)'> (0x000000008a0e5c38) thrown at [./src/hotspot/share/interpreter/linkResolver.cpp, line 773]
Event: 3.299 Thread 0x00000227a039f000 Exception <a 'java/io/IOException'{0x0000000089928ef8}> (0x0000000089928ef8) thrown at [./src/hotspot/share/prims/jni.cpp, line 616]
Event: 3.423 Thread 0x00000227bd4da800 Exception <a 'java/lang/NoSuchMethodError'{0x00000000894ce110}: 'long java.lang.invoke.DirectMethodHandle$Holder.invokeInterface(java.lang.Object, java.lang.Object)'> (0x00000000894ce110) thrown at [./src/hotspot/share/interpreter/linkResolver.cpp, line 773]
Event: 3.424 Thread 0x00000227bd4da800 Exception <a 'java/lang/NoSuchMethodError'{0x00000000894db3f0}: 'void java.lang.invoke.DelegatingMethodHandle$Holder.reinvoke_L(java.lang.Object, java.lang.Object, java.lang.Object, java.lang.Object, java.lang.Object, java.lang.Object, java.lang.Object)'> (0x00000000894db3f0) thrown at [./src/hotspot/share/interpreter/linkResolver.cpp, line 773]
Event: 3.686 Thread 0x00000227bd4da800 Exception <a 'java/lang/NoSuchMethodError'{0x000000008a731a90}: 'void java.lang.invoke.DirectMethodHandle$Holder.invokeStaticInit(java.lang.Object)'> (0x000000008a731a90) thrown at [./src/hotspot/share/interpreter/linkResolver.cpp, line 773]
Event: 3.696 Thread 0x00000227bd4da800 Exception <a 'java/lang/NoSuchMethodError'{0x000000008a7ddf60}: 'java.lang.Object java.lang.invoke.DirectMethodHandle$Holder.invokeStatic(java.lang.Object, java.lang.Object, java.lang.Object, int)'> (0x000000008a7ddf60) thrown at [./src/hotspot/share/interpreter/linkResolver.cpp, line 773]
Event: 3.696 Thread 0x00000227bd4da800 Exception <a 'java/lang/NoSuchMethodError'{0x000000008a7e2678}: 'java.lang.Object java.lang.invoke.DirectMethodHandle$Holder.invokeSpecial(java.lang.Object, java.lang.Object, java.lang.Object, java.lang.Object, int)'> (0x000000008a7e2678) thrown at [./src/hotspot/share/interpreter/linkResolver.cpp, line 773]
Event: 3.697 Thread 0x00000227bd4da800 Exception <a 'java/lang/NoSuchMethodError'{0x000000008a7e65b0}: 'java.lang.Object java.lang.invoke.Invokers$Holder.linkToTargetMethod(java.lang.Object, java.lang.Object, int, java.lang.Object)'> (0x000000008a7e65b0) thrown at [./src/hotspot/share/interpreter/linkResolver.cpp, line 773]
Event: 3.810 Thread 0x00000227bd4da800 Exception <a 'java/lang/NoSuchMethodError'{0x000000008bdd2970}: 'int java.lang.invoke.DirectMethodHandle$Holder.invokeSpecialIFC(java.lang.Object, java.lang.Object, java.lang.Object, java.lang.Object)'> (0x000000008bdd2970) thrown at [./src/hotspot/share/interpreter/linkResolver.cpp, line 773]
Event: 3.812 Thread 0x00000227bd4da800 Exception <a 'java/lang/NoSuchMethodError'{0x000000008bde0928}: 'java.lang.Object java.lang.invoke.DirectMethodHandle$Holder.invokeInterface(java.lang.Object, java.lang.Object, java.lang.Object)'> (0x000000008bde0928) thrown at [./src/hotspot/share/interpreter/linkResolver.cpp, line 773]
Event: 3.813 Thread 0x00000227bd4da800 Exception <a 'java/lang/IncompatibleClassChangeError'{0x000000008bde3e00}: Found class java.lang.Object, but interface was expected> (0x000000008bde3e00) thrown at [./src/hotspot/share/interpreter/linkResolver.cpp, line 839]

Events (20 events):
Event: 3.845 loading class org/gradle/internal/hash/Hasher
Event: 3.845 loading class org/gradle/internal/hash/Hasher done
Event: 3.845 loading class org/gradle/api/internal/changedetection/state/ResourceEntryFilter
Event: 3.845 loading class org/gradle/api/internal/changedetection/state/ResourceEntryFilter done
Event: 3.845 loading class org/gradle/internal/hash/Hasher
Event: 3.845 loading class org/gradle/internal/hash/Hasher done
Event: 3.846 loading class org/gradle/api/NonNullApi
Event: 3.846 loading class org/gradle/api/NonNullApi done
Event: 3.846 loading class javax/annotation/Nonnull
Event: 3.846 loading class javax/annotation/Nonnull done
Event: 3.846 loading class javax/annotation/meta/TypeQualifierDefault
Event: 3.846 loading class javax/annotation/meta/TypeQualifierDefault done
Event: 3.847 loading class org/gradle/api/internal/initialization/loadercache/DefaultClasspathHasher
Event: 3.847 loading class org/gradle/api/internal/initialization/loadercache/DefaultClasspathHasher done
Event: 3.848 loading class org/gradle/internal/classloader/DefaultHashingClassLoaderFactory
Event: 3.848 loading class org/gradle/internal/classloader/DefaultHashingClassLoaderFactory done
Event: 3.848 loading class org/gradle/internal/classloader/DefaultClassLoaderFactory
Event: 3.848 loading class org/gradle/internal/classloader/DefaultClassLoaderFactory done
Event: 3.849 loading class org/gradle/groovy/scripts/internal/RegistryAwareClassLoaderHierarchyHasher
Event: 3.849 loading class org/gradle/groovy/scripts/internal/RegistryAwareClassLoaderHierarchyHasher done


Dynamic libraries:
0x00007ff677470000 - 0x00007ff67747a000 	C:\Program Files\Android\Android Studio\jre\bin\java.exe
0x00007ffda03f0000 - 0x00007ffda05e8000 	C:\Windows\SYSTEM32\ntdll.dll
0x00007ffd9ea90000 - 0x00007ffd9eb4f000 	C:\Windows\System32\KERNEL32.DLL
0x00007ffd9dc80000 - 0x00007ffd9df52000 	C:\Windows\System32\KERNELBASE.dll
0x00007ffd9df60000 - 0x00007ffd9e060000 	C:\Windows\System32\ucrtbase.dll
0x00007ffd76f80000 - 0x00007ffd76f99000 	C:\Program Files\Android\Android Studio\jre\bin\jli.dll
0x00007ffd9e5f0000 - 0x00007ffd9e791000 	C:\Windows\System32\USER32.dll
0x00007ffd9dc20000 - 0x00007ffd9dc42000 	C:\Windows\System32\win32u.dll
0x00007ffd9e950000 - 0x00007ffd9e97b000 	C:\Windows\System32\GDI32.dll
0x00007ffd9e1d0000 - 0x00007ffd9e2df000 	C:\Windows\System32\gdi32full.dll
0x00007ffd9daf0000 - 0x00007ffd9db8d000 	C:\Windows\System32\msvcp_win.dll
0x00007ffd76c30000 - 0x00007ffd76c47000 	C:\Program Files\Android\Android Studio\jre\bin\VCRUNTIME140.dll
0x00007ffd8c2c0000 - 0x00007ffd8c55a000 	C:\Windows\WinSxS\amd64_microsoft.windows.common-controls_6595b64144ccf1df_6.0.19041.1110_none_60b5254171f9507e\COMCTL32.dll
0x00007ffd9e4a0000 - 0x00007ffd9e53e000 	C:\Windows\System32\msvcrt.dll
0x00007ffd9ea60000 - 0x00007ffd9ea90000 	C:\Windows\System32\IMM32.DLL
0x00007ffd65bf0000 - 0x00007ffd65c8d000 	C:\Program Files\Android\Android Studio\jre\bin\msvcp140.dll
0x00007ffd35220000 - 0x00007ffd35d22000 	C:\Program Files\Android\Android Studio\jre\bin\server\jvm.dll
0x00007ffd9ed10000 - 0x00007ffd9edbe000 	C:\Windows\System32\ADVAPI32.dll
0x00007ffd9e8b0000 - 0x00007ffd9e94c000 	C:\Windows\System32\sechost.dll
0x00007ffd9ff10000 - 0x00007ffda0034000 	C:\Windows\System32\RPCRT4.dll
0x00007ffda0040000 - 0x00007ffda0048000 	C:\Windows\System32\PSAPI.DLL
0x00007ffd990d0000 - 0x00007ffd990d9000 	C:\Windows\SYSTEM32\WSOCK32.dll
0x00007ffd9fde0000 - 0x00007ffd9fe4b000 	C:\Windows\System32\WS2_32.dll
0x00007ffd8b490000 - 0x00007ffd8b4b7000 	C:\Windows\SYSTEM32\WINMM.dll
0x00007ffd964f0000 - 0x00007ffd964fa000 	C:\Windows\SYSTEM32\VERSION.dll
0x00007ffd9c300000 - 0x00007ffd9c312000 	C:\Windows\SYSTEM32\kernel.appcore.dll
0x00007ffd97980000 - 0x00007ffd97991000 	C:\Program Files\Android\Android Studio\jre\bin\verify.dll
0x00007ffd9c0c0000 - 0x00007ffd9c2a4000 	C:\Windows\SYSTEM32\DBGHELP.DLL
0x00007ffd8d960000 - 0x00007ffd8d995000 	C:\Windows\SYSTEM32\dbgcore.DLL
0x00007ffd9db90000 - 0x00007ffd9dc12000 	C:\Windows\System32\bcryptPrimitives.dll
0x00007ffd960f0000 - 0x00007ffd96119000 	C:\Program Files\Android\Android Studio\jre\bin\java.dll
0x00007ffd97900000 - 0x00007ffd9790b000 	C:\Program Files\Android\Android Studio\jre\bin\jimage.dll
0x00007ffd85900000 - 0x00007ffd85918000 	C:\Program Files\Android\Android Studio\jre\bin\zip.dll
0x00007ffd9ee50000 - 0x00007ffd9f595000 	C:\Windows\System32\SHELL32.dll
0x00007ffd9b920000 - 0x00007ffd9c0b2000 	C:\Windows\SYSTEM32\windows.storage.dll
0x00007ffda0050000 - 0x00007ffda03a5000 	C:\Windows\System32\combase.dll
0x00007ffd9d4e0000 - 0x00007ffd9d510000 	C:\Windows\SYSTEM32\Wldp.dll
0x00007ffd9e540000 - 0x00007ffd9e5ed000 	C:\Windows\System32\SHCORE.dll
0x00007ffd9e440000 - 0x00007ffd9e495000 	C:\Windows\System32\shlwapi.dll
0x00007ffd9da30000 - 0x00007ffd9da4f000 	C:\Windows\SYSTEM32\profapi.dll
0x00007ffd777d0000 - 0x00007ffd777ea000 	C:\Program Files\Android\Android Studio\jre\bin\net.dll
0x00007ffd8f9c0000 - 0x00007ffd8faca000 	C:\Windows\SYSTEM32\WINHTTP.dll
0x00007ffd9d240000 - 0x00007ffd9d2aa000 	C:\Windows\system32\mswsock.dll
0x00007ffd777b0000 - 0x00007ffd777c4000 	C:\Program Files\Android\Android Studio\jre\bin\nio.dll
0x00007ffd7b570000 - 0x00007ffd7b597000 	C:\Users\IBRAR\.gradle\native\e1d6ef7f7dcc3fd88c89a11ec53ec762bb8ba0a96d01ffa2cd45eb1d1d8dd5c5\windows-amd64\native-platform.dll
0x00007ffd61500000 - 0x00007ffd61644000 	C:\Users\IBRAR\.gradle\native\0d407fdbe67a94daf76414ababcb853783967236a71b16ec16e742cd7a986fd3\windows-amd64\native-platform-file-events.dll
0x00007ffd977a0000 - 0x00007ffd977aa000 	C:\Program Files\Android\Android Studio\jre\bin\management.dll
0x00007ffd974b0000 - 0x00007ffd974bd000 	C:\Program Files\Android\Android Studio\jre\bin\management_ext.dll
0x00007ffd9d430000 - 0x00007ffd9d448000 	C:\Windows\SYSTEM32\CRYPTSP.dll
0x00007ffd9cab0000 - 0x00007ffd9cae4000 	C:\Windows\system32\rsaenh.dll
0x00007ffd9dc50000 - 0x00007ffd9dc77000 	C:\Windows\System32\bcrypt.dll
0x00007ffd9d9f0000 - 0x00007ffd9da1e000 	C:\Windows\SYSTEM32\USERENV.dll
0x00007ffd9d450000 - 0x00007ffd9d45c000 	C:\Windows\SYSTEM32\CRYPTBASE.dll
0x00007ffd9cf30000 - 0x00007ffd9cf6b000 	C:\Windows\SYSTEM32\IPHLPAPI.DLL
0x00007ffd9ee40000 - 0x00007ffd9ee48000 	C:\Windows\System32\NSI.dll
0x00007ffd8fc80000 - 0x00007ffd8fc97000 	C:\Windows\SYSTEM32\dhcpcsvc6.DLL
0x00007ffd936a0000 - 0x00007ffd936bd000 	C:\Windows\SYSTEM32\dhcpcsvc.DLL
0x00007ffd9cf70000 - 0x00007ffd9d03b000 	C:\Windows\SYSTEM32\DNSAPI.dll

dbghelp: loaded successfully - version: 4.0.5 - missing functions: none
symbol engine: initialized successfully - sym options: 0x614 - pdb path: .;C:\Program Files\Android\Android Studio\jre\bin;C:\Windows\SYSTEM32;C:\Windows\WinSxS\amd64_microsoft.windows.common-controls_6595b64144ccf1df_6.0.19041.1110_none_60b5254171f9507e;C:\Program Files\Android\Android Studio\jre\bin\server;C:\Users\IBRAR\.gradle\native\e1d6ef7f7dcc3fd88c89a11ec53ec762bb8ba0a96d01ffa2cd45eb1d1d8dd5c5\windows-amd64;C:\Users\IBRAR\.gradle\native\0d407fdbe67a94daf76414ababcb853783967236a71b16ec16e742cd7a986fd3\windows-amd64

VM Arguments:
jvm_args: --add-opens=java.base/java.util=ALL-UNNAMED --add-opens=java.base/java.lang=ALL-UNNAMED --add-opens=java.base/java.lang.invoke=ALL-UNNAMED --add-opens=java.base/java.util=ALL-UNNAMED --add-opens=java.prefs/java.util.prefs=ALL-UNNAMED --add-opens=java.prefs/java.util.prefs=ALL-UNNAMED --add-opens=java.base/java.nio.charset=ALL-UNNAMED --add-opens=java.base/java.net=ALL-UNNAMED --add-opens=java.base/java.util.concurrent.atomic=ALL-UNNAMED -Xmx2048m -Dfile.encoding=UTF-8 -Duser.country=US -Duser.language=en -Duser.variant 
java_command: org.gradle.launcher.daemon.bootstrap.GradleDaemon 7.4
java_class_path (initial): C:\Users\IBRAR\.gradle\wrapper\dists\gradle-7.4-bin\c0gwcg53nkjbqw7r0h0umtfvt\gradle-7.4\lib\gradle-launcher-7.4.jar
Launcher Type: SUN_STANDARD

[Global flags]
     intx CICompilerCount                          = 3                                         {product} {ergonomic}
     uint ConcGCThreads                            = 1                                         {product} {ergonomic}
     uint G1ConcRefinementThreads                  = 4                                         {product} {ergonomic}
   size_t G1HeapRegionSize                         = 1048576                                   {product} {ergonomic}
    uintx GCDrainStackTargetSize                   = 64                                        {product} {ergonomic}
   size_t InitialHeapSize                          = 199229440                                 {product} {ergonomic}
   size_t MarkStackSize                            = 4194304                                   {product} {ergonomic}
   size_t MaxHeapSize                              = 2147483648                                {product} {command line}
   size_t MaxNewSize                               = 1287651328                                {product} {ergonomic}
   size_t MinHeapDeltaBytes                        = 1048576                                   {product} {ergonomic}
    uintx NonNMethodCodeHeapSize                   = 5830732                                {pd product} {ergonomic}
    uintx NonProfiledCodeHeapSize                  = 122913754                              {pd product} {ergonomic}
    uintx ProfiledCodeHeapSize                     = 122913754                              {pd product} {ergonomic}
    uintx ReservedCodeCacheSize                    = 251658240                              {pd product} {ergonomic}
     bool SegmentedCodeCache                       = true                                      {product} {ergonomic}
     bool UseCompressedClassPointers               = true                                 {lp64_product} {ergonomic}
     bool UseCompressedOops                        = true                                 {lp64_product} {ergonomic}
     bool UseG1GC                                  = true                                      {product} {ergonomic}
     bool UseLargePagesIndividualAllocation        = false                                  {pd product} {ergonomic}

Logging:
Log output configuration:
 #0: stdout all=warning uptime,level,tags
 #1: stderr all=off uptime,level,tags

Environment Variables:
PATH=C:\ProgramData\Oracle\Java\javapath;C:\Program Files\Common Files\Oracle\Java\javapath;C:\Windows\system32;C:\Windows;C:\Windows\System32\Wbem;C:\Windows\System32\WindowsPowerShell\v1.0\;C:\Windows\System32\OpenSSH\;C:\Program Files\Git\cmd;C:\laragon\bin\php\php-7.4.19-Win32-vc15-x64;D:\laragon\bin\php\php-7.4.19-Win32-vc15-x64;C:\Program Files\Java\jdk-18.0.2.1\bin;C:\Program Files (x86)\Microsoft VS Code\bin;C:\composer;C:\laragon\bin;C:\laragon\bin\apache\httpd-2.4.47-win64-VS16\bin;C:\laragon\bin\composer;C:\laragon\bin\git\bin;C:\laragon\bin\git\cmd;C:\laragon\bin\git\mingw64\bin;C:\laragon\bin\git\usr\bin;C:\laragon\bin\laragon\utils;C:\laragon\bin\mysql\mysql-5.7.33-winx64\bin;C:\laragon\bin\nginx\nginx-1.19.10;C:\laragon\bin\ngrok;C:\laragon\bin\nodejs\node-v14;C:\laragon\bin\notepad++;C:\laragon\bin\php\php-7.4.19-Win32-vc15-x64;C:\laragon\bin\redis\redis-x64-3.2.100;C:\laragon\bin\telnet;C:\laragon\usr\bin;C:\Users\IBRAR\AppData\Local\Yarn\config\global\node_modules\.bin;C:\Users\IBRAR\AppData\Roaming\npm;C:\Users\IBRAR\AppData\Local\Microsoft\WindowsApps;D:\Android\flutter\bin;C:\Users\IBRAR\AppData\Local\Android\Sdk\cmdline-tools\latest\bin;C:\Users\IBRAR\AppData\Local\Pub\Cache\bin;C:\Users\IBRAR\AppData\Roaming\Composer\vendor\bin;D:\Android\flutter\bin\cache\dart-sdk;D:\Android\flutter\.pub-cache\bin;C:\Users\IBRAR\AppData\Local\Programs\Microsoft VS Code\bin;C:\Users\IBRAR\AppData\Local\Android\Sdk
USERNAME=IBRAR
OS=Windows_NT
PROCESSOR_IDENTIFIER=Intel64 Family 6 Model 142 Stepping 12, GenuineIntel



---------------  S Y S T E M  ---------------

OS: Windows 10 , 64 bit Build 19041 (10.0.19041.2546)
OS uptime: 0 days 15:18 hours
Hyper-V role detected

CPU:total 4 (initial active 4) (2 cores per cpu, 2 threads per core) family 6 model 142 stepping 12 microcode 0xec, cmov, cx8, fxsr, mmx, sse, sse2, sse3, ssse3, sse4.1, sse4.2, popcnt, avx, avx2, aes, clmul, erms, 3dnowpref, lzcnt, ht, tsc, tscinvbit, bmi1, bmi2, adx, fma

Memory: 4k page, system-wide physical 12122M (774M free)
TotalPageFile size 12122M (AvailPageFile size 5M)
current process WorkingSet (physical memory assigned to process): 169M, peak: 169M
current process commit charge ("private bytes"): 326M, peak: 327M

vm_info: OpenJDK 64-Bit Server VM (11.0.13+0-b1751.21-8125866) for windows-amd64 JRE (11.0.13+0-b1751.21-8125866), built on Feb  2 2022 03:00:22 by "builder" with MS VC++ 14.0 (VS2015)

END.
